<?xml version="1.0" encoding="UTF-8"?>
<!-- Generated by org.testng.reporters.JUnitReportReporter -->
<testsuite hostname="LAPTOP-L9I71BEA" name="com.lima.test.AdjunoLIMATariffTest" tests="83" failures="8" timestamp="2 Feb 2018 12:31:24 GMT" time="3418.675" errors="36">
  <testcase name="test_LIMA_TARR_RF_010_VerifyRoadFreightTariff_FullTrailerCostsTab_FullTrailerDeliveryCosts" time="0.109" classname="com.lima.test.AdjunoLIMATariffTest">
    <error type="org.openqa.selenium.WebDriverException" message="window.ArenaForms.LIMA_Tariff_Roadfreight is undefined
Command duration or timeout: 109 milliseconds
Build info: version: &#039;2.53.1&#039;, revision: &#039;a36b8b1&#039;, time: &#039;2016-06-30 17:32:46&#039;
System info: host: &#039;LAPTOP-L9I71BEA&#039;, ip: &#039;192.168.1.16&#039;, os.name: &#039;Windows 10&#039;, os.arch: &#039;amd64&#039;, os.version: &#039;10.0&#039;, java.version: &#039;1.8.0_121&#039;
Driver info: org.openqa.selenium.firefox.FirefoxDriver
Capabilities [{applicationCacheEnabled=true, rotatable=false, handlesAlerts=true, databaseEnabled=true, version=47.0.1, platform=WINDOWS, nativeEvents=false, acceptSslCerts=true, webStorageEnabled=true, locationContextEnabled=true, browserName=firefox, takesScreenshot=true, javascriptEnabled=true, cssSelectorsEnabled=true}]
Session ID: 717dbb45-52a1-4163-9b52-61060800fb84">
      <![CDATA[org.openqa.selenium.WebDriverException: window.ArenaForms.LIMA_Tariff_Roadfreight is undefined
Command duration or timeout: 109 milliseconds
Build info: version: '2.53.1', revision: 'a36b8b1', time: '2016-06-30 17:32:46'
System info: host: 'LAPTOP-L9I71BEA', ip: '192.168.1.16', os.name: 'Windows 10', os.arch: 'amd64', os.version: '10.0', java.version: '1.8.0_121'
Driver info: org.openqa.selenium.firefox.FirefoxDriver
Capabilities [{applicationCacheEnabled=true, rotatable=false, handlesAlerts=true, databaseEnabled=true, version=47.0.1, platform=WINDOWS, nativeEvents=false, acceptSslCerts=true, webStorageEnabled=true, locationContextEnabled=true, browserName=firefox, takesScreenshot=true, javascriptEnabled=true, cssSelectorsEnabled=true}]
Session ID: 717dbb45-52a1-4163-9b52-61060800fb84
	at sun.reflect.GeneratedConstructorAccessor19.newInstance(Unknown Source)
	at sun.reflect.DelegatingConstructorAccessorImpl.newInstance(Unknown Source)
	at java.lang.reflect.Constructor.newInstance(Unknown Source)
	at org.openqa.selenium.remote.ErrorHandler.createThrowable(ErrorHandler.java:206)
	at org.openqa.selenium.remote.ErrorHandler.throwIfResponseFailed(ErrorHandler.java:158)
	at org.openqa.selenium.remote.RemoteWebDriver.execute(RemoteWebDriver.java:678)
	at org.openqa.selenium.remote.RemoteWebDriver.executeScript(RemoteWebDriver.java:577)
	at com.lima.library.AdjunoUILibrary.getNoOfColumnsGrid(AdjunoUILibrary.java:191)
	at com.lima.pagefactory.AdjunoLIMATariffPOM.getCaptionsList(AdjunoLIMATariffPOM.java:522)
	at com.lima.test.AdjunoLIMATariffTest.test_LIMA_TARR_RF_010_VerifyRoadFreightTariff_FullTrailerCostsTab_FullTrailerDeliveryCosts(AdjunoLIMATariffTest.java:3654)
	at sun.reflect.NativeMethodAccessorImpl.invoke0(Native Method)
	at sun.reflect.NativeMethodAccessorImpl.invoke(Unknown Source)
	at sun.reflect.DelegatingMethodAccessorImpl.invoke(Unknown Source)
	at java.lang.reflect.Method.invoke(Unknown Source)
	at org.testng.internal.MethodInvocationHelper.invokeMethod(MethodInvocationHelper.java:100)
	at org.testng.internal.Invoker.invokeMethod(Invoker.java:646)
	at org.testng.internal.Invoker.invokeTestMethod(Invoker.java:811)
	at org.testng.internal.Invoker.invokeTestMethods(Invoker.java:1129)
	at org.testng.internal.TestMethodWorker.invokeTestMethods(TestMethodWorker.java:129)
	at org.testng.internal.TestMethodWorker.run(TestMethodWorker.java:112)
	at org.testng.TestRunner.privateRun(TestRunner.java:746)
	at org.testng.TestRunner.run(TestRunner.java:600)
	at org.testng.SuiteRunner.runTest(SuiteRunner.java:366)
	at org.testng.SuiteRunner.runSequentially(SuiteRunner.java:361)
	at org.testng.SuiteRunner.privateRun(SuiteRunner.java:319)
	at org.testng.SuiteRunner.run(SuiteRunner.java:268)
	at org.testng.SuiteRunnerWorker.runSuite(SuiteRunnerWorker.java:52)
	at org.testng.SuiteRunnerWorker.run(SuiteRunnerWorker.java:86)
	at org.testng.TestNG.runSuitesSequentially(TestNG.java:1264)
	at org.testng.TestNG.runSuitesLocally(TestNG.java:1189)
	at org.testng.TestNG.runSuites(TestNG.java:1104)
	at org.testng.TestNG.run(TestNG.java:1076)
	at org.testng.remote.AbstractRemoteTestNG.run(AbstractRemoteTestNG.java:126)
	at org.testng.remote.RemoteTestNG.initAndRun(RemoteTestNG.java:152)
	at org.testng.remote.RemoteTestNG.main(RemoteTestNG.java:57)
Caused by: org.openqa.selenium.WebDriverException: window.ArenaForms.LIMA_Tariff_Roadfreight is undefined
Build info: version: '2.53.1', revision: 'a36b8b1', time: '2016-06-30 17:32:46'
System info: host: 'LAPTOP-L9I71BEA', ip: '192.168.1.16', os.name: 'Windows 10', os.arch: 'amd64', os.version: '10.0', java.version: '1.8.0_121'
Driver info: driver.version: unknown
	at <anonymous class>.anonymous(https://uat-lima46.adjuno.com/default.aspx?Guid=50494bb848f3432baadc512cab2d838b&MenuId=&Action=ToolApply&ActionOption=Airfreight&Reference=ACTIVITYLIMAUAT46_00843&Binary=True line 69 > Function:1)
	at <anonymous class>.handleEvaluateEvent(https://uat-lima46.adjuno.com/default.aspx?Guid=50494bb848f3432baadc512cab2d838b&MenuId=&Action=ToolApply&ActionOption=Airfreight&Reference=ACTIVITYLIMAUAT46_00843&Binary=True:69)
]]>
    </error>
  </testcase> <!-- test_LIMA_TARR_RF_010_VerifyRoadFreightTariff_FullTrailerCostsTab_FullTrailerDeliveryCosts -->
  <testcase name="test_LIMA_TARR_AF_023_AmendmentLogMandatoryFieldCheck" time="3.876" classname="com.lima.test.AdjunoLIMATariffTest">
    <error type="org.openqa.selenium.WebDriverException" message="Element is not clickable at point (1200, 14). Other element would receive the click: &lt;div style=&quot;display: block; width: 1366px; height: 2205px; z-index: 9000;&quot; id=&quot;ext-gen784&quot; class=&quot;ext-el-mask&quot;&gt;&lt;/div&gt;
Command duration or timeout: 454 milliseconds
Build info: version: &#039;2.53.1&#039;, revision: &#039;a36b8b1&#039;, time: &#039;2016-06-30 17:32:46&#039;
System info: host: &#039;LAPTOP-L9I71BEA&#039;, ip: &#039;192.168.1.16&#039;, os.name: &#039;Windows 10&#039;, os.arch: &#039;amd64&#039;, os.version: &#039;10.0&#039;, java.version: &#039;1.8.0_121&#039;
Driver info: org.openqa.selenium.firefox.FirefoxDriver
Capabilities [{applicationCacheEnabled=true, rotatable=false, handlesAlerts=true, databaseEnabled=true, version=47.0.1, platform=WINDOWS, nativeEvents=false, acceptSslCerts=true, webStorageEnabled=true, locationContextEnabled=true, browserName=firefox, takesScreenshot=true, javascriptEnabled=true, cssSelectorsEnabled=true}]
Session ID: 717dbb45-52a1-4163-9b52-61060800fb84">
      <![CDATA[org.openqa.selenium.WebDriverException: Element is not clickable at point (1200, 14). Other element would receive the click: <div style="display: block; width: 1366px; height: 2205px; z-index: 9000;" id="ext-gen784" class="ext-el-mask"></div>
Command duration or timeout: 454 milliseconds
Build info: version: '2.53.1', revision: 'a36b8b1', time: '2016-06-30 17:32:46'
System info: host: 'LAPTOP-L9I71BEA', ip: '192.168.1.16', os.name: 'Windows 10', os.arch: 'amd64', os.version: '10.0', java.version: '1.8.0_121'
Driver info: org.openqa.selenium.firefox.FirefoxDriver
Capabilities [{applicationCacheEnabled=true, rotatable=false, handlesAlerts=true, databaseEnabled=true, version=47.0.1, platform=WINDOWS, nativeEvents=false, acceptSslCerts=true, webStorageEnabled=true, locationContextEnabled=true, browserName=firefox, takesScreenshot=true, javascriptEnabled=true, cssSelectorsEnabled=true}]
Session ID: 717dbb45-52a1-4163-9b52-61060800fb84
	at sun.reflect.GeneratedConstructorAccessor19.newInstance(Unknown Source)
	at sun.reflect.DelegatingConstructorAccessorImpl.newInstance(Unknown Source)
	at java.lang.reflect.Constructor.newInstance(Unknown Source)
	at org.openqa.selenium.remote.ErrorHandler.createThrowable(ErrorHandler.java:206)
	at org.openqa.selenium.remote.ErrorHandler.throwIfResponseFailed(ErrorHandler.java:158)
	at org.openqa.selenium.remote.RemoteWebDriver.execute(RemoteWebDriver.java:678)
	at org.openqa.selenium.remote.RemoteWebElement.execute(RemoteWebElement.java:327)
	at org.openqa.selenium.remote.RemoteWebElement.click(RemoteWebElement.java:85)
	at sun.reflect.GeneratedMethodAccessor3.invoke(Unknown Source)
	at sun.reflect.DelegatingMethodAccessorImpl.invoke(Unknown Source)
	at java.lang.reflect.Method.invoke(Unknown Source)
	at org.openqa.selenium.support.pagefactory.internal.LocatingElementHandler.invoke(LocatingElementHandler.java:51)
	at com.sun.proxy.$Proxy9.click(Unknown Source)
	at com.lima.pagefactory.AdjunoLIMATariffPOM.clickButtonUsingWebElement(AdjunoLIMATariffPOM.java:597)
	at com.lima.test.AdjunoLIMATariffTest.test_LIMA_TARR_AF_023_AmendmentLogMandatoryFieldCheck(AdjunoLIMATariffTest.java:3377)
	at sun.reflect.NativeMethodAccessorImpl.invoke0(Native Method)
	at sun.reflect.NativeMethodAccessorImpl.invoke(Unknown Source)
	at sun.reflect.DelegatingMethodAccessorImpl.invoke(Unknown Source)
	at java.lang.reflect.Method.invoke(Unknown Source)
	at org.testng.internal.MethodInvocationHelper.invokeMethod(MethodInvocationHelper.java:100)
	at org.testng.internal.Invoker.invokeMethod(Invoker.java:646)
	at org.testng.internal.Invoker.invokeTestMethod(Invoker.java:811)
	at org.testng.internal.Invoker.invokeTestMethods(Invoker.java:1129)
	at org.testng.internal.TestMethodWorker.invokeTestMethods(TestMethodWorker.java:129)
	at org.testng.internal.TestMethodWorker.run(TestMethodWorker.java:112)
	at org.testng.TestRunner.privateRun(TestRunner.java:746)
	at org.testng.TestRunner.run(TestRunner.java:600)
	at org.testng.SuiteRunner.runTest(SuiteRunner.java:366)
	at org.testng.SuiteRunner.runSequentially(SuiteRunner.java:361)
	at org.testng.SuiteRunner.privateRun(SuiteRunner.java:319)
	at org.testng.SuiteRunner.run(SuiteRunner.java:268)
	at org.testng.SuiteRunnerWorker.runSuite(SuiteRunnerWorker.java:52)
	at org.testng.SuiteRunnerWorker.run(SuiteRunnerWorker.java:86)
	at org.testng.TestNG.runSuitesSequentially(TestNG.java:1264)
	at org.testng.TestNG.runSuitesLocally(TestNG.java:1189)
	at org.testng.TestNG.runSuites(TestNG.java:1104)
	at org.testng.TestNG.run(TestNG.java:1076)
	at org.testng.remote.AbstractRemoteTestNG.run(AbstractRemoteTestNG.java:126)
	at org.testng.remote.RemoteTestNG.initAndRun(RemoteTestNG.java:152)
	at org.testng.remote.RemoteTestNG.main(RemoteTestNG.java:57)
]]>
    </error>
  </testcase> <!-- test_LIMA_TARR_AF_023_AmendmentLogMandatoryFieldCheck -->
  <testcase name="test_LIMA_TARR_AF_015_VerifyAirFreightTariffTabs_AirHaulageCosts_HaulageComments" time="0.250" classname="com.lima.test.AdjunoLIMATariffTest">
    <failure type="java.lang.AssertionError" message="The following asserts failed:
	*****test_LIMA_TARR_AF_015_Step_No_1_Haulage Costs Comments field is not in Readonly mode***** expected [true] but found [false]">
      <![CDATA[java.lang.AssertionError: The following asserts failed:
	*****test_LIMA_TARR_AF_015_Step_No_1_Haulage Costs Comments field is not in Readonly mode***** expected [true] but found [false]
	at org.testng.asserts.SoftAssert.assertAll(SoftAssert.java:43)
	at com.lima.test.AdjunoLIMATariffTest.test_LIMA_TARR_AF_015_VerifyAirFreightTariffTabs_AirHaulageCosts_HaulageComments(AdjunoLIMATariffTest.java:2735)
	at sun.reflect.NativeMethodAccessorImpl.invoke0(Native Method)
	at sun.reflect.NativeMethodAccessorImpl.invoke(Unknown Source)
	at sun.reflect.DelegatingMethodAccessorImpl.invoke(Unknown Source)
	at java.lang.reflect.Method.invoke(Unknown Source)
	at org.testng.internal.MethodInvocationHelper.invokeMethod(MethodInvocationHelper.java:100)
	at org.testng.internal.Invoker.invokeMethod(Invoker.java:646)
	at org.testng.internal.Invoker.invokeTestMethod(Invoker.java:811)
	at org.testng.internal.Invoker.invokeTestMethods(Invoker.java:1129)
	at org.testng.internal.TestMethodWorker.invokeTestMethods(TestMethodWorker.java:129)
	at org.testng.internal.TestMethodWorker.run(TestMethodWorker.java:112)
	at org.testng.TestRunner.privateRun(TestRunner.java:746)
	at org.testng.TestRunner.run(TestRunner.java:600)
	at org.testng.SuiteRunner.runTest(SuiteRunner.java:366)
	at org.testng.SuiteRunner.runSequentially(SuiteRunner.java:361)
	at org.testng.SuiteRunner.privateRun(SuiteRunner.java:319)
	at org.testng.SuiteRunner.run(SuiteRunner.java:268)
	at org.testng.SuiteRunnerWorker.runSuite(SuiteRunnerWorker.java:52)
	at org.testng.SuiteRunnerWorker.run(SuiteRunnerWorker.java:86)
	at org.testng.TestNG.runSuitesSequentially(TestNG.java:1264)
	at org.testng.TestNG.runSuitesLocally(TestNG.java:1189)
	at org.testng.TestNG.runSuites(TestNG.java:1104)
	at org.testng.TestNG.run(TestNG.java:1076)
	at org.testng.remote.AbstractRemoteTestNG.run(AbstractRemoteTestNG.java:126)
	at org.testng.remote.RemoteTestNG.initAndRun(RemoteTestNG.java:152)
	at org.testng.remote.RemoteTestNG.main(RemoteTestNG.java:57)
]]>
    </failure>
  </testcase> <!-- test_LIMA_TARR_AF_015_VerifyAirFreightTariffTabs_AirHaulageCosts_HaulageComments -->
  <testcase name="test_LIMA_TARR_SF_032_FCLLandsideCostsOriginLandsideCostsMandatoryFieldCheck" time="191.491" classname="com.lima.test.AdjunoLIMATariffTest"/>
  <testcase name="test_LIMA_TARR_SF_001_CheckForTariffPage" time="25.530" classname="com.lima.test.AdjunoLIMATariffTest"/>
  <testcase name="test_LIMA_TARR_RF_024_GroupageTrailerCostsTab_GroupageHaulageCostsGrid_MandatoryFieldCheck" time="0.078" classname="com.lima.test.AdjunoLIMATariffTest">
    <error type="org.openqa.selenium.WebDriverException" message="window.ArenaForms.LIMA_Tariff_Roadfreight is undefined
Command duration or timeout: 78 milliseconds
Build info: version: &#039;2.53.1&#039;, revision: &#039;a36b8b1&#039;, time: &#039;2016-06-30 17:32:46&#039;
System info: host: &#039;LAPTOP-L9I71BEA&#039;, ip: &#039;192.168.1.16&#039;, os.name: &#039;Windows 10&#039;, os.arch: &#039;amd64&#039;, os.version: &#039;10.0&#039;, java.version: &#039;1.8.0_121&#039;
Driver info: org.openqa.selenium.firefox.FirefoxDriver
Capabilities [{applicationCacheEnabled=true, rotatable=false, handlesAlerts=true, databaseEnabled=true, version=47.0.1, platform=WINDOWS, nativeEvents=false, acceptSslCerts=true, webStorageEnabled=true, locationContextEnabled=true, browserName=firefox, takesScreenshot=true, javascriptEnabled=true, cssSelectorsEnabled=true}]
Session ID: 717dbb45-52a1-4163-9b52-61060800fb84">
      <![CDATA[org.openqa.selenium.WebDriverException: window.ArenaForms.LIMA_Tariff_Roadfreight is undefined
Command duration or timeout: 78 milliseconds
Build info: version: '2.53.1', revision: 'a36b8b1', time: '2016-06-30 17:32:46'
System info: host: 'LAPTOP-L9I71BEA', ip: '192.168.1.16', os.name: 'Windows 10', os.arch: 'amd64', os.version: '10.0', java.version: '1.8.0_121'
Driver info: org.openqa.selenium.firefox.FirefoxDriver
Capabilities [{applicationCacheEnabled=true, rotatable=false, handlesAlerts=true, databaseEnabled=true, version=47.0.1, platform=WINDOWS, nativeEvents=false, acceptSslCerts=true, webStorageEnabled=true, locationContextEnabled=true, browserName=firefox, takesScreenshot=true, javascriptEnabled=true, cssSelectorsEnabled=true}]
Session ID: 717dbb45-52a1-4163-9b52-61060800fb84
	at sun.reflect.GeneratedConstructorAccessor19.newInstance(Unknown Source)
	at sun.reflect.DelegatingConstructorAccessorImpl.newInstance(Unknown Source)
	at java.lang.reflect.Constructor.newInstance(Unknown Source)
	at org.openqa.selenium.remote.ErrorHandler.createThrowable(ErrorHandler.java:206)
	at org.openqa.selenium.remote.ErrorHandler.throwIfResponseFailed(ErrorHandler.java:158)
	at org.openqa.selenium.remote.RemoteWebDriver.execute(RemoteWebDriver.java:678)
	at org.openqa.selenium.remote.RemoteWebDriver.executeScript(RemoteWebDriver.java:577)
	at com.lima.library.AdjunoUILibrary.getNoOfRowsGrid(AdjunoUILibrary.java:181)
	at com.lima.pagefactory.AdjunoLIMATariffPOM.getNoOfRowsGrid(AdjunoLIMATariffPOM.java:566)
	at com.lima.test.AdjunoLIMATariffTest.test_LIMA_TARR_RF_024_GroupageTrailerCostsTab_GroupageHaulageCostsGrid_MandatoryFieldCheck(AdjunoLIMATariffTest.java:5187)
	at sun.reflect.NativeMethodAccessorImpl.invoke0(Native Method)
	at sun.reflect.NativeMethodAccessorImpl.invoke(Unknown Source)
	at sun.reflect.DelegatingMethodAccessorImpl.invoke(Unknown Source)
	at java.lang.reflect.Method.invoke(Unknown Source)
	at org.testng.internal.MethodInvocationHelper.invokeMethod(MethodInvocationHelper.java:100)
	at org.testng.internal.Invoker.invokeMethod(Invoker.java:646)
	at org.testng.internal.Invoker.invokeTestMethod(Invoker.java:811)
	at org.testng.internal.Invoker.invokeTestMethods(Invoker.java:1129)
	at org.testng.internal.TestMethodWorker.invokeTestMethods(TestMethodWorker.java:129)
	at org.testng.internal.TestMethodWorker.run(TestMethodWorker.java:112)
	at org.testng.TestRunner.privateRun(TestRunner.java:746)
	at org.testng.TestRunner.run(TestRunner.java:600)
	at org.testng.SuiteRunner.runTest(SuiteRunner.java:366)
	at org.testng.SuiteRunner.runSequentially(SuiteRunner.java:361)
	at org.testng.SuiteRunner.privateRun(SuiteRunner.java:319)
	at org.testng.SuiteRunner.run(SuiteRunner.java:268)
	at org.testng.SuiteRunnerWorker.runSuite(SuiteRunnerWorker.java:52)
	at org.testng.SuiteRunnerWorker.run(SuiteRunnerWorker.java:86)
	at org.testng.TestNG.runSuitesSequentially(TestNG.java:1264)
	at org.testng.TestNG.runSuitesLocally(TestNG.java:1189)
	at org.testng.TestNG.runSuites(TestNG.java:1104)
	at org.testng.TestNG.run(TestNG.java:1076)
	at org.testng.remote.AbstractRemoteTestNG.run(AbstractRemoteTestNG.java:126)
	at org.testng.remote.RemoteTestNG.initAndRun(RemoteTestNG.java:152)
	at org.testng.remote.RemoteTestNG.main(RemoteTestNG.java:57)
Caused by: org.openqa.selenium.WebDriverException: window.ArenaForms.LIMA_Tariff_Roadfreight is undefined
Build info: version: '2.53.1', revision: 'a36b8b1', time: '2016-06-30 17:32:46'
System info: host: 'LAPTOP-L9I71BEA', ip: '192.168.1.16', os.name: 'Windows 10', os.arch: 'amd64', os.version: '10.0', java.version: '1.8.0_121'
Driver info: driver.version: unknown
	at <anonymous class>.anonymous(https://uat-lima46.adjuno.com/default.aspx?Guid=50494bb848f3432baadc512cab2d838b&MenuId=&Action=ToolApply&ActionOption=Airfreight&Reference=ACTIVITYLIMAUAT46_00843&Binary=True line 69 > Function:1)
	at <anonymous class>.handleEvaluateEvent(https://uat-lima46.adjuno.com/default.aspx?Guid=50494bb848f3432baadc512cab2d838b&MenuId=&Action=ToolApply&ActionOption=Airfreight&Reference=ACTIVITYLIMAUAT46_00843&Binary=True:69)
]]>
    </error>
  </testcase> <!-- test_LIMA_TARR_RF_024_GroupageTrailerCostsTab_GroupageHaulageCostsGrid_MandatoryFieldCheck -->
  <testcase name="test_LIMA_TARR_SF_014_VerifySeaFreightTariffTabsFCLHaulageCostsAdditionalHaulageCosts" time="5.689" classname="com.lima.test.AdjunoLIMATariffTest"/>
  <testcase name="test_LIMA_TARR_AF_001_CheckForTariffPage" time="11.392" classname="com.lima.test.AdjunoLIMATariffTest">
    <error type="org.openqa.selenium.NoSuchElementException" message="Unable to locate element: {&quot;method&quot;:&quot;link text&quot;,&quot;selector&quot;:&quot;Tariff&quot;}
Command duration or timeout: 10.97 seconds
For documentation on this error, please visit: http://seleniumhq.org/exceptions/no_such_element.html
Build info: version: &#039;2.53.1&#039;, revision: &#039;a36b8b1&#039;, time: &#039;2016-06-30 17:32:46&#039;
System info: host: &#039;LAPTOP-L9I71BEA&#039;, ip: &#039;192.168.1.16&#039;, os.name: &#039;Windows 10&#039;, os.arch: &#039;amd64&#039;, os.version: &#039;10.0&#039;, java.version: &#039;1.8.0_121&#039;
Driver info: org.openqa.selenium.firefox.FirefoxDriver
Capabilities [{applicationCacheEnabled=true, rotatable=false, handlesAlerts=true, databaseEnabled=true, version=47.0.1, platform=WINDOWS, nativeEvents=false, acceptSslCerts=true, webStorageEnabled=true, locationContextEnabled=true, browserName=firefox, takesScreenshot=true, javascriptEnabled=true, cssSelectorsEnabled=true}]
Session ID: 717dbb45-52a1-4163-9b52-61060800fb84
*** Element info: {Using=link text, value=Tariff}">
      <![CDATA[org.openqa.selenium.NoSuchElementException: Unable to locate element: {"method":"link text","selector":"Tariff"}
Command duration or timeout: 10.97 seconds
For documentation on this error, please visit: http://seleniumhq.org/exceptions/no_such_element.html
Build info: version: '2.53.1', revision: 'a36b8b1', time: '2016-06-30 17:32:46'
System info: host: 'LAPTOP-L9I71BEA', ip: '192.168.1.16', os.name: 'Windows 10', os.arch: 'amd64', os.version: '10.0', java.version: '1.8.0_121'
Driver info: org.openqa.selenium.firefox.FirefoxDriver
Capabilities [{applicationCacheEnabled=true, rotatable=false, handlesAlerts=true, databaseEnabled=true, version=47.0.1, platform=WINDOWS, nativeEvents=false, acceptSslCerts=true, webStorageEnabled=true, locationContextEnabled=true, browserName=firefox, takesScreenshot=true, javascriptEnabled=true, cssSelectorsEnabled=true}]
Session ID: 717dbb45-52a1-4163-9b52-61060800fb84
*** Element info: {Using=link text, value=Tariff}
	at sun.reflect.GeneratedConstructorAccessor23.newInstance(Unknown Source)
	at sun.reflect.DelegatingConstructorAccessorImpl.newInstance(Unknown Source)
	at java.lang.reflect.Constructor.newInstance(Unknown Source)
	at org.openqa.selenium.remote.ErrorHandler.createThrowable(ErrorHandler.java:206)
	at org.openqa.selenium.remote.ErrorHandler.throwIfResponseFailed(ErrorHandler.java:158)
	at org.openqa.selenium.remote.RemoteWebDriver.execute(RemoteWebDriver.java:678)
	at org.openqa.selenium.remote.RemoteWebDriver.findElement(RemoteWebDriver.java:363)
	at org.openqa.selenium.remote.RemoteWebDriver.findElementByLinkText(RemoteWebDriver.java:428)
	at org.openqa.selenium.By$ByLinkText.findElement(By.java:246)
	at org.openqa.selenium.remote.RemoteWebDriver.findElement(RemoteWebDriver.java:355)
	at org.openqa.selenium.support.pagefactory.DefaultElementLocator.findElement(DefaultElementLocator.java:69)
	at org.openqa.selenium.support.pagefactory.internal.LocatingElementHandler.invoke(LocatingElementHandler.java:38)
	at com.sun.proxy.$Proxy9.getCoordinates(Unknown Source)
	at org.openqa.selenium.interactions.internal.MouseAction.getActionLocation(MouseAction.java:51)
	at org.openqa.selenium.interactions.MoveMouseAction.perform(MoveMouseAction.java:39)
	at org.openqa.selenium.interactions.CompositeAction.perform(CompositeAction.java:50)
	at org.openqa.selenium.interactions.Actions.perform(Actions.java:373)
	at com.lima.pagefactory.AdjunoLIMATariffPOM.callMouseHover(AdjunoLIMATariffPOM.java:419)
	at com.lima.test.AdjunoLIMATariffTest.test_LIMA_TARR_AF_001_CheckForTariffPage(AdjunoLIMATariffTest.java:2412)
	at sun.reflect.NativeMethodAccessorImpl.invoke0(Native Method)
	at sun.reflect.NativeMethodAccessorImpl.invoke(Unknown Source)
	at sun.reflect.DelegatingMethodAccessorImpl.invoke(Unknown Source)
	at java.lang.reflect.Method.invoke(Unknown Source)
	at org.testng.internal.MethodInvocationHelper.invokeMethod(MethodInvocationHelper.java:100)
	at org.testng.internal.Invoker.invokeMethod(Invoker.java:646)
	at org.testng.internal.Invoker.invokeTestMethod(Invoker.java:811)
	at org.testng.internal.Invoker.invokeTestMethods(Invoker.java:1129)
	at org.testng.internal.TestMethodWorker.invokeTestMethods(TestMethodWorker.java:129)
	at org.testng.internal.TestMethodWorker.run(TestMethodWorker.java:112)
	at org.testng.TestRunner.privateRun(TestRunner.java:746)
	at org.testng.TestRunner.run(TestRunner.java:600)
	at org.testng.SuiteRunner.runTest(SuiteRunner.java:366)
	at org.testng.SuiteRunner.runSequentially(SuiteRunner.java:361)
	at org.testng.SuiteRunner.privateRun(SuiteRunner.java:319)
	at org.testng.SuiteRunner.run(SuiteRunner.java:268)
	at org.testng.SuiteRunnerWorker.runSuite(SuiteRunnerWorker.java:52)
	at org.testng.SuiteRunnerWorker.run(SuiteRunnerWorker.java:86)
	at org.testng.TestNG.runSuitesSequentially(TestNG.java:1264)
	at org.testng.TestNG.runSuitesLocally(TestNG.java:1189)
	at org.testng.TestNG.runSuites(TestNG.java:1104)
	at org.testng.TestNG.run(TestNG.java:1076)
	at org.testng.remote.AbstractRemoteTestNG.run(AbstractRemoteTestNG.java:126)
	at org.testng.remote.RemoteTestNG.initAndRun(RemoteTestNG.java:152)
	at org.testng.remote.RemoteTestNG.main(RemoteTestNG.java:57)
Caused by: org.openqa.selenium.NoSuchElementException: Unable to locate element: {"method":"link text","selector":"Tariff"}
For documentation on this error, please visit: http://seleniumhq.org/exceptions/no_such_element.html
Build info: version: '2.53.1', revision: 'a36b8b1', time: '2016-06-30 17:32:46'
System info: host: 'LAPTOP-L9I71BEA', ip: '192.168.1.16', os.name: 'Windows 10', os.arch: 'amd64', os.version: '10.0', java.version: '1.8.0_121'
Driver info: driver.version: unknown
	at <anonymous class>.FirefoxDriver.prototype.findElementInternal_(file:///C:/Users/Anand/AppData/Local/Temp/anonymous5979162773386872950webdriver-profile/extensions/fxdriver@googlecode.com/components/driver-component.js:10770)
	at <anonymous class>.fxdriver.Timer.prototype.setTimeout/<.notify(file:///C:/Users/Anand/AppData/Local/Temp/anonymous5979162773386872950webdriver-profile/extensions/fxdriver@googlecode.com/components/driver-component.js:625)
]]>
    </error>
  </testcase> <!-- test_LIMA_TARR_AF_001_CheckForTariffPage -->
  <testcase name="test_LIMA_TARR_SF_008_VerifySeaFreightTariffTabsFCLFreightCostsGOHCostsGrid" time="5.782" classname="com.lima.test.AdjunoLIMATariffTest"/>
  <testcase name="test_LIMA_TARR_SF_026_FCLFreightCost_MandatoryFieldCheck" time="339.801" classname="com.lima.test.AdjunoLIMATariffTest"/>
  <testcase name="test_LIMA_TARR_AF_006_CheckDownloadAirFreightTemplateLink" time="27.012" classname="com.lima.test.AdjunoLIMATariffTest"/>
  <testcase name="test_LIMA_TARR_RF_022_GroupageTrailerCostsTab_GroupageGOHCosts_MandatoryFieldCheck" time="0.110" classname="com.lima.test.AdjunoLIMATariffTest">
    <error type="org.openqa.selenium.WebDriverException" message="window.ArenaForms.LIMA_Tariff_Roadfreight is undefined
Command duration or timeout: 110 milliseconds
Build info: version: &#039;2.53.1&#039;, revision: &#039;a36b8b1&#039;, time: &#039;2016-06-30 17:32:46&#039;
System info: host: &#039;LAPTOP-L9I71BEA&#039;, ip: &#039;192.168.1.16&#039;, os.name: &#039;Windows 10&#039;, os.arch: &#039;amd64&#039;, os.version: &#039;10.0&#039;, java.version: &#039;1.8.0_121&#039;
Driver info: org.openqa.selenium.firefox.FirefoxDriver
Capabilities [{applicationCacheEnabled=true, rotatable=false, handlesAlerts=true, databaseEnabled=true, version=47.0.1, platform=WINDOWS, nativeEvents=false, acceptSslCerts=true, webStorageEnabled=true, locationContextEnabled=true, browserName=firefox, takesScreenshot=true, javascriptEnabled=true, cssSelectorsEnabled=true}]
Session ID: 717dbb45-52a1-4163-9b52-61060800fb84">
      <![CDATA[org.openqa.selenium.WebDriverException: window.ArenaForms.LIMA_Tariff_Roadfreight is undefined
Command duration or timeout: 110 milliseconds
Build info: version: '2.53.1', revision: 'a36b8b1', time: '2016-06-30 17:32:46'
System info: host: 'LAPTOP-L9I71BEA', ip: '192.168.1.16', os.name: 'Windows 10', os.arch: 'amd64', os.version: '10.0', java.version: '1.8.0_121'
Driver info: org.openqa.selenium.firefox.FirefoxDriver
Capabilities [{applicationCacheEnabled=true, rotatable=false, handlesAlerts=true, databaseEnabled=true, version=47.0.1, platform=WINDOWS, nativeEvents=false, acceptSslCerts=true, webStorageEnabled=true, locationContextEnabled=true, browserName=firefox, takesScreenshot=true, javascriptEnabled=true, cssSelectorsEnabled=true}]
Session ID: 717dbb45-52a1-4163-9b52-61060800fb84
	at sun.reflect.GeneratedConstructorAccessor19.newInstance(Unknown Source)
	at sun.reflect.DelegatingConstructorAccessorImpl.newInstance(Unknown Source)
	at java.lang.reflect.Constructor.newInstance(Unknown Source)
	at org.openqa.selenium.remote.ErrorHandler.createThrowable(ErrorHandler.java:206)
	at org.openqa.selenium.remote.ErrorHandler.throwIfResponseFailed(ErrorHandler.java:158)
	at org.openqa.selenium.remote.RemoteWebDriver.execute(RemoteWebDriver.java:678)
	at org.openqa.selenium.remote.RemoteWebDriver.executeScript(RemoteWebDriver.java:577)
	at com.lima.library.AdjunoUILibrary.clickTabToMakeItActive(AdjunoUILibrary.java:425)
	at com.lima.pagefactory.AdjunoLIMATariffPOM.clickTab(AdjunoLIMATariffPOM.java:711)
	at com.lima.test.AdjunoLIMATariffTest.test_LIMA_TARR_RF_022_GroupageTrailerCostsTab_GroupageGOHCosts_MandatoryFieldCheck(AdjunoLIMATariffTest.java:4816)
	at sun.reflect.NativeMethodAccessorImpl.invoke0(Native Method)
	at sun.reflect.NativeMethodAccessorImpl.invoke(Unknown Source)
	at sun.reflect.DelegatingMethodAccessorImpl.invoke(Unknown Source)
	at java.lang.reflect.Method.invoke(Unknown Source)
	at org.testng.internal.MethodInvocationHelper.invokeMethod(MethodInvocationHelper.java:100)
	at org.testng.internal.Invoker.invokeMethod(Invoker.java:646)
	at org.testng.internal.Invoker.invokeTestMethod(Invoker.java:811)
	at org.testng.internal.Invoker.invokeTestMethods(Invoker.java:1129)
	at org.testng.internal.TestMethodWorker.invokeTestMethods(TestMethodWorker.java:129)
	at org.testng.internal.TestMethodWorker.run(TestMethodWorker.java:112)
	at org.testng.TestRunner.privateRun(TestRunner.java:746)
	at org.testng.TestRunner.run(TestRunner.java:600)
	at org.testng.SuiteRunner.runTest(SuiteRunner.java:366)
	at org.testng.SuiteRunner.runSequentially(SuiteRunner.java:361)
	at org.testng.SuiteRunner.privateRun(SuiteRunner.java:319)
	at org.testng.SuiteRunner.run(SuiteRunner.java:268)
	at org.testng.SuiteRunnerWorker.runSuite(SuiteRunnerWorker.java:52)
	at org.testng.SuiteRunnerWorker.run(SuiteRunnerWorker.java:86)
	at org.testng.TestNG.runSuitesSequentially(TestNG.java:1264)
	at org.testng.TestNG.runSuitesLocally(TestNG.java:1189)
	at org.testng.TestNG.runSuites(TestNG.java:1104)
	at org.testng.TestNG.run(TestNG.java:1076)
	at org.testng.remote.AbstractRemoteTestNG.run(AbstractRemoteTestNG.java:126)
	at org.testng.remote.RemoteTestNG.initAndRun(RemoteTestNG.java:152)
	at org.testng.remote.RemoteTestNG.main(RemoteTestNG.java:57)
Caused by: org.openqa.selenium.WebDriverException: window.ArenaForms.LIMA_Tariff_Roadfreight is undefined
Build info: version: '2.53.1', revision: 'a36b8b1', time: '2016-06-30 17:32:46'
System info: host: 'LAPTOP-L9I71BEA', ip: '192.168.1.16', os.name: 'Windows 10', os.arch: 'amd64', os.version: '10.0', java.version: '1.8.0_121'
Driver info: driver.version: unknown
	at <anonymous class>.anonymous(https://uat-lima46.adjuno.com/default.aspx?Guid=50494bb848f3432baadc512cab2d838b&MenuId=&Action=ToolApply&ActionOption=Airfreight&Reference=ACTIVITYLIMAUAT46_00843&Binary=True line 69 > Function:1)
	at <anonymous class>.handleEvaluateEvent(https://uat-lima46.adjuno.com/default.aspx?Guid=50494bb848f3432baadc512cab2d838b&MenuId=&Action=ToolApply&ActionOption=Airfreight&Reference=ACTIVITYLIMAUAT46_00843&Binary=True:69)
]]>
    </error>
  </testcase> <!-- test_LIMA_TARR_RF_022_GroupageTrailerCostsTab_GroupageGOHCosts_MandatoryFieldCheck -->
  <testcase name="test_LIMA_TARR_SF_006_CheckDownloadSeaFreightTemplateLink" time="33.918" classname="com.lima.test.AdjunoLIMATariffTest"/>
  <testcase name="test_LIMA_TARR_SF_016_VerifySeaFreightTariffTabsFCLHaulageCostsComments" time="0.313" classname="com.lima.test.AdjunoLIMATariffTest"/>
  <testcase name="test_LIMA_TARR_RF_007_VerifyRoadFreightTariff_FullTrailerCostsTabs_FullTrailerCostsGrid" time="10.518" classname="com.lima.test.AdjunoLIMATariffTest">
    <error type="org.openqa.selenium.NoSuchElementException" message="Unable to locate element: {&quot;method&quot;:&quot;link text&quot;,&quot;selector&quot;:&quot;Tariff&quot;}
Command duration or timeout: 10.25 seconds
For documentation on this error, please visit: http://seleniumhq.org/exceptions/no_such_element.html
Build info: version: &#039;2.53.1&#039;, revision: &#039;a36b8b1&#039;, time: &#039;2016-06-30 17:32:46&#039;
System info: host: &#039;LAPTOP-L9I71BEA&#039;, ip: &#039;192.168.1.16&#039;, os.name: &#039;Windows 10&#039;, os.arch: &#039;amd64&#039;, os.version: &#039;10.0&#039;, java.version: &#039;1.8.0_121&#039;
Driver info: org.openqa.selenium.firefox.FirefoxDriver
Capabilities [{applicationCacheEnabled=true, rotatable=false, handlesAlerts=true, databaseEnabled=true, version=47.0.1, platform=WINDOWS, nativeEvents=false, acceptSslCerts=true, webStorageEnabled=true, locationContextEnabled=true, browserName=firefox, takesScreenshot=true, javascriptEnabled=true, cssSelectorsEnabled=true}]
Session ID: 717dbb45-52a1-4163-9b52-61060800fb84
*** Element info: {Using=link text, value=Tariff}">
      <![CDATA[org.openqa.selenium.NoSuchElementException: Unable to locate element: {"method":"link text","selector":"Tariff"}
Command duration or timeout: 10.25 seconds
For documentation on this error, please visit: http://seleniumhq.org/exceptions/no_such_element.html
Build info: version: '2.53.1', revision: 'a36b8b1', time: '2016-06-30 17:32:46'
System info: host: 'LAPTOP-L9I71BEA', ip: '192.168.1.16', os.name: 'Windows 10', os.arch: 'amd64', os.version: '10.0', java.version: '1.8.0_121'
Driver info: org.openqa.selenium.firefox.FirefoxDriver
Capabilities [{applicationCacheEnabled=true, rotatable=false, handlesAlerts=true, databaseEnabled=true, version=47.0.1, platform=WINDOWS, nativeEvents=false, acceptSslCerts=true, webStorageEnabled=true, locationContextEnabled=true, browserName=firefox, takesScreenshot=true, javascriptEnabled=true, cssSelectorsEnabled=true}]
Session ID: 717dbb45-52a1-4163-9b52-61060800fb84
*** Element info: {Using=link text, value=Tariff}
	at sun.reflect.GeneratedConstructorAccessor23.newInstance(Unknown Source)
	at sun.reflect.DelegatingConstructorAccessorImpl.newInstance(Unknown Source)
	at java.lang.reflect.Constructor.newInstance(Unknown Source)
	at org.openqa.selenium.remote.ErrorHandler.createThrowable(ErrorHandler.java:206)
	at org.openqa.selenium.remote.ErrorHandler.throwIfResponseFailed(ErrorHandler.java:158)
	at org.openqa.selenium.remote.RemoteWebDriver.execute(RemoteWebDriver.java:678)
	at org.openqa.selenium.remote.RemoteWebDriver.findElement(RemoteWebDriver.java:363)
	at org.openqa.selenium.remote.RemoteWebDriver.findElementByLinkText(RemoteWebDriver.java:428)
	at org.openqa.selenium.By$ByLinkText.findElement(By.java:246)
	at org.openqa.selenium.remote.RemoteWebDriver.findElement(RemoteWebDriver.java:355)
	at org.openqa.selenium.support.pagefactory.DefaultElementLocator.findElement(DefaultElementLocator.java:69)
	at org.openqa.selenium.support.pagefactory.internal.LocatingElementHandler.invoke(LocatingElementHandler.java:38)
	at com.sun.proxy.$Proxy9.getCoordinates(Unknown Source)
	at org.openqa.selenium.interactions.internal.MouseAction.getActionLocation(MouseAction.java:51)
	at org.openqa.selenium.interactions.MoveMouseAction.perform(MoveMouseAction.java:39)
	at org.openqa.selenium.interactions.CompositeAction.perform(CompositeAction.java:50)
	at org.openqa.selenium.interactions.Actions.perform(Actions.java:373)
	at com.lima.pagefactory.AdjunoLIMATariffPOM.callMouseHover(AdjunoLIMATariffPOM.java:419)
	at com.lima.test.AdjunoLIMATariffTest.test_LIMA_TARR_RF_007_VerifyRoadFreightTariff_FullTrailerCostsTabs_FullTrailerCostsGrid(AdjunoLIMATariffTest.java:3585)
	at sun.reflect.NativeMethodAccessorImpl.invoke0(Native Method)
	at sun.reflect.NativeMethodAccessorImpl.invoke(Unknown Source)
	at sun.reflect.DelegatingMethodAccessorImpl.invoke(Unknown Source)
	at java.lang.reflect.Method.invoke(Unknown Source)
	at org.testng.internal.MethodInvocationHelper.invokeMethod(MethodInvocationHelper.java:100)
	at org.testng.internal.Invoker.invokeMethod(Invoker.java:646)
	at org.testng.internal.Invoker.invokeTestMethod(Invoker.java:811)
	at org.testng.internal.Invoker.invokeTestMethods(Invoker.java:1129)
	at org.testng.internal.TestMethodWorker.invokeTestMethods(TestMethodWorker.java:129)
	at org.testng.internal.TestMethodWorker.run(TestMethodWorker.java:112)
	at org.testng.TestRunner.privateRun(TestRunner.java:746)
	at org.testng.TestRunner.run(TestRunner.java:600)
	at org.testng.SuiteRunner.runTest(SuiteRunner.java:366)
	at org.testng.SuiteRunner.runSequentially(SuiteRunner.java:361)
	at org.testng.SuiteRunner.privateRun(SuiteRunner.java:319)
	at org.testng.SuiteRunner.run(SuiteRunner.java:268)
	at org.testng.SuiteRunnerWorker.runSuite(SuiteRunnerWorker.java:52)
	at org.testng.SuiteRunnerWorker.run(SuiteRunnerWorker.java:86)
	at org.testng.TestNG.runSuitesSequentially(TestNG.java:1264)
	at org.testng.TestNG.runSuitesLocally(TestNG.java:1189)
	at org.testng.TestNG.runSuites(TestNG.java:1104)
	at org.testng.TestNG.run(TestNG.java:1076)
	at org.testng.remote.AbstractRemoteTestNG.run(AbstractRemoteTestNG.java:126)
	at org.testng.remote.RemoteTestNG.initAndRun(RemoteTestNG.java:152)
	at org.testng.remote.RemoteTestNG.main(RemoteTestNG.java:57)
Caused by: org.openqa.selenium.NoSuchElementException: Unable to locate element: {"method":"link text","selector":"Tariff"}
For documentation on this error, please visit: http://seleniumhq.org/exceptions/no_such_element.html
Build info: version: '2.53.1', revision: 'a36b8b1', time: '2016-06-30 17:32:46'
System info: host: 'LAPTOP-L9I71BEA', ip: '192.168.1.16', os.name: 'Windows 10', os.arch: 'amd64', os.version: '10.0', java.version: '1.8.0_121'
Driver info: driver.version: unknown
	at <anonymous class>.FirefoxDriver.prototype.findElementInternal_(file:///C:/Users/Anand/AppData/Local/Temp/anonymous5979162773386872950webdriver-profile/extensions/fxdriver@googlecode.com/components/driver-component.js:10770)
	at <anonymous class>.fxdriver.Timer.prototype.setTimeout/<.notify(file:///C:/Users/Anand/AppData/Local/Temp/anonymous5979162773386872950webdriver-profile/extensions/fxdriver@googlecode.com/components/driver-component.js:625)
]]>
    </error>
  </testcase> <!-- test_LIMA_TARR_RF_007_VerifyRoadFreightTariff_FullTrailerCostsTabs_FullTrailerCostsGrid -->
  <testcase name="test_LIMA_TARR_SF_020_VerifySeaFreightTariffTabsLCLLandsideCosts" time="5.157" classname="com.lima.test.AdjunoLIMATariffTest"/>
  <testcase name="test_LIMA_TARR_AF_009_VerifyAirFreightTariffTabs_AirFreightCosts_AirChargeComments" time="0.266" classname="com.lima.test.AdjunoLIMATariffTest">
    <failure type="java.lang.AssertionError" message="The following asserts failed:
	*****test_LIMA_TARR_AF_009_Step_No_1_Air Charge Comments field is not in Readonly mode***** expected [true] but found [false]">
      <![CDATA[java.lang.AssertionError: The following asserts failed:
	*****test_LIMA_TARR_AF_009_Step_No_1_Air Charge Comments field is not in Readonly mode***** expected [true] but found [false]
	at org.testng.asserts.SoftAssert.assertAll(SoftAssert.java:43)
	at com.lima.test.AdjunoLIMATariffTest.test_LIMA_TARR_AF_009_VerifyAirFreightTariffTabs_AirFreightCosts_AirChargeComments(AdjunoLIMATariffTest.java:2604)
	at sun.reflect.NativeMethodAccessorImpl.invoke0(Native Method)
	at sun.reflect.NativeMethodAccessorImpl.invoke(Unknown Source)
	at sun.reflect.DelegatingMethodAccessorImpl.invoke(Unknown Source)
	at java.lang.reflect.Method.invoke(Unknown Source)
	at org.testng.internal.MethodInvocationHelper.invokeMethod(MethodInvocationHelper.java:100)
	at org.testng.internal.Invoker.invokeMethod(Invoker.java:646)
	at org.testng.internal.Invoker.invokeTestMethod(Invoker.java:811)
	at org.testng.internal.Invoker.invokeTestMethods(Invoker.java:1129)
	at org.testng.internal.TestMethodWorker.invokeTestMethods(TestMethodWorker.java:129)
	at org.testng.internal.TestMethodWorker.run(TestMethodWorker.java:112)
	at org.testng.TestRunner.privateRun(TestRunner.java:746)
	at org.testng.TestRunner.run(TestRunner.java:600)
	at org.testng.SuiteRunner.runTest(SuiteRunner.java:366)
	at org.testng.SuiteRunner.runSequentially(SuiteRunner.java:361)
	at org.testng.SuiteRunner.privateRun(SuiteRunner.java:319)
	at org.testng.SuiteRunner.run(SuiteRunner.java:268)
	at org.testng.SuiteRunnerWorker.runSuite(SuiteRunnerWorker.java:52)
	at org.testng.SuiteRunnerWorker.run(SuiteRunnerWorker.java:86)
	at org.testng.TestNG.runSuitesSequentially(TestNG.java:1264)
	at org.testng.TestNG.runSuitesLocally(TestNG.java:1189)
	at org.testng.TestNG.runSuites(TestNG.java:1104)
	at org.testng.TestNG.run(TestNG.java:1076)
	at org.testng.remote.AbstractRemoteTestNG.run(AbstractRemoteTestNG.java:126)
	at org.testng.remote.RemoteTestNG.initAndRun(RemoteTestNG.java:152)
	at org.testng.remote.RemoteTestNG.main(RemoteTestNG.java:57)
]]>
    </failure>
  </testcase> <!-- test_LIMA_TARR_AF_009_VerifyAirFreightTariffTabs_AirFreightCosts_AirChargeComments -->
  <testcase name="test_LIMA_TARR_AF_007_VerifyAirFreightTariffTabs_AirFreightCosts_AirEcoAirRates" time="33.504" classname="com.lima.test.AdjunoLIMATariffTest">
    <error type="org.openqa.selenium.WebDriverException" message="window.ArenaForms.LIMA_Tariff_Airfreight is undefined
Command duration or timeout: 6.78 seconds
Build info: version: &#039;2.53.1&#039;, revision: &#039;a36b8b1&#039;, time: &#039;2016-06-30 17:32:46&#039;
System info: host: &#039;LAPTOP-L9I71BEA&#039;, ip: &#039;192.168.1.16&#039;, os.name: &#039;Windows 10&#039;, os.arch: &#039;amd64&#039;, os.version: &#039;10.0&#039;, java.version: &#039;1.8.0_121&#039;
Driver info: org.openqa.selenium.firefox.FirefoxDriver
Capabilities [{applicationCacheEnabled=true, rotatable=false, handlesAlerts=true, databaseEnabled=true, version=47.0.1, platform=WINDOWS, nativeEvents=false, acceptSslCerts=true, webStorageEnabled=true, locationContextEnabled=true, browserName=firefox, takesScreenshot=true, javascriptEnabled=true, cssSelectorsEnabled=true}]
Session ID: 717dbb45-52a1-4163-9b52-61060800fb84">
      <![CDATA[org.openqa.selenium.WebDriverException: window.ArenaForms.LIMA_Tariff_Airfreight is undefined
Command duration or timeout: 6.78 seconds
Build info: version: '2.53.1', revision: 'a36b8b1', time: '2016-06-30 17:32:46'
System info: host: 'LAPTOP-L9I71BEA', ip: '192.168.1.16', os.name: 'Windows 10', os.arch: 'amd64', os.version: '10.0', java.version: '1.8.0_121'
Driver info: org.openqa.selenium.firefox.FirefoxDriver
Capabilities [{applicationCacheEnabled=true, rotatable=false, handlesAlerts=true, databaseEnabled=true, version=47.0.1, platform=WINDOWS, nativeEvents=false, acceptSslCerts=true, webStorageEnabled=true, locationContextEnabled=true, browserName=firefox, takesScreenshot=true, javascriptEnabled=true, cssSelectorsEnabled=true}]
Session ID: 717dbb45-52a1-4163-9b52-61060800fb84
	at sun.reflect.GeneratedConstructorAccessor19.newInstance(Unknown Source)
	at sun.reflect.DelegatingConstructorAccessorImpl.newInstance(Unknown Source)
	at java.lang.reflect.Constructor.newInstance(Unknown Source)
	at org.openqa.selenium.remote.ErrorHandler.createThrowable(ErrorHandler.java:206)
	at org.openqa.selenium.remote.ErrorHandler.throwIfResponseFailed(ErrorHandler.java:158)
	at org.openqa.selenium.remote.RemoteWebDriver.execute(RemoteWebDriver.java:678)
	at org.openqa.selenium.remote.RemoteWebDriver.executeScript(RemoteWebDriver.java:577)
	at com.lima.library.AdjunoUILibrary.getNoOfColumnsGrid(AdjunoUILibrary.java:191)
	at com.lima.pagefactory.AdjunoLIMATariffPOM.getCaptionsList(AdjunoLIMATariffPOM.java:522)
	at com.lima.test.AdjunoLIMATariffTest.test_LIMA_TARR_AF_007_VerifyAirFreightTariffTabs_AirFreightCosts_AirEcoAirRates(AdjunoLIMATariffTest.java:2557)
	at sun.reflect.NativeMethodAccessorImpl.invoke0(Native Method)
	at sun.reflect.NativeMethodAccessorImpl.invoke(Unknown Source)
	at sun.reflect.DelegatingMethodAccessorImpl.invoke(Unknown Source)
	at java.lang.reflect.Method.invoke(Unknown Source)
	at org.testng.internal.MethodInvocationHelper.invokeMethod(MethodInvocationHelper.java:100)
	at org.testng.internal.Invoker.invokeMethod(Invoker.java:646)
	at org.testng.internal.Invoker.invokeTestMethod(Invoker.java:811)
	at org.testng.internal.Invoker.invokeTestMethods(Invoker.java:1129)
	at org.testng.internal.TestMethodWorker.invokeTestMethods(TestMethodWorker.java:129)
	at org.testng.internal.TestMethodWorker.run(TestMethodWorker.java:112)
	at org.testng.TestRunner.privateRun(TestRunner.java:746)
	at org.testng.TestRunner.run(TestRunner.java:600)
	at org.testng.SuiteRunner.runTest(SuiteRunner.java:366)
	at org.testng.SuiteRunner.runSequentially(SuiteRunner.java:361)
	at org.testng.SuiteRunner.privateRun(SuiteRunner.java:319)
	at org.testng.SuiteRunner.run(SuiteRunner.java:268)
	at org.testng.SuiteRunnerWorker.runSuite(SuiteRunnerWorker.java:52)
	at org.testng.SuiteRunnerWorker.run(SuiteRunnerWorker.java:86)
	at org.testng.TestNG.runSuitesSequentially(TestNG.java:1264)
	at org.testng.TestNG.runSuitesLocally(TestNG.java:1189)
	at org.testng.TestNG.runSuites(TestNG.java:1104)
	at org.testng.TestNG.run(TestNG.java:1076)
	at org.testng.remote.AbstractRemoteTestNG.run(AbstractRemoteTestNG.java:126)
	at org.testng.remote.RemoteTestNG.initAndRun(RemoteTestNG.java:152)
	at org.testng.remote.RemoteTestNG.main(RemoteTestNG.java:57)
Caused by: org.openqa.selenium.WebDriverException: window.ArenaForms.LIMA_Tariff_Airfreight is undefined
Build info: version: '2.53.1', revision: 'a36b8b1', time: '2016-06-30 17:32:46'
System info: host: 'LAPTOP-L9I71BEA', ip: '192.168.1.16', os.name: 'Windows 10', os.arch: 'amd64', os.version: '10.0', java.version: '1.8.0_121'
Driver info: driver.version: unknown
	at <anonymous class>.anonymous(https://uat-lima46.adjuno.com/default.aspx?Guid=50494bb848f3432baadc512cab2d838b&MenuId=&Action=ToolDraw&ActionOption=Airfreight&Reference=ACTIVITYLIMAUAT46_00843&Id=&Version=2018020006&OperationType=View line 69 > Function:1)
	at <anonymous class>.handleEvaluateEvent(https://uat-lima46.adjuno.com/default.aspx?Guid=50494bb848f3432baadc512cab2d838b&MenuId=&Action=ToolDraw&ActionOption=Airfreight&Reference=ACTIVITYLIMAUAT46_00843&Id=&Version=2018020006&OperationType=View:69)
]]>
    </error>
  </testcase> <!-- test_LIMA_TARR_AF_007_VerifyAirFreightTariffTabs_AirFreightCosts_AirEcoAirRates -->
  <testcase name="test_LIMA_TARR_SF_018_VerifySeaFreightTariffTabsLCLFreightCostsAdditionalLCLFreightCosts" time="5.063" classname="com.lima.test.AdjunoLIMATariffTest"/>
  <testcase name="test_LIMA_TARR_SF_024_VerifySeaFreightTariffTabsLCLHaulageCostsLCLStorageCosts" time="3.031" classname="com.lima.test.AdjunoLIMATariffTest"/>
  <testcase name="test_LIMA_TARR_SF_021_VerifySeaFreightTariffTabsLCLHaulageCosts" time="4.516" classname="com.lima.test.AdjunoLIMATariffTest"/>
  <testcase name="test_LIMA_TARR_SF_030_FCLFreightCostsAdditionalFreightCostsMandatoryFieldCheck" time="326.475" classname="com.lima.test.AdjunoLIMATariffTest"/>
  <testcase name="test_LIMA_TARR_SF_039_LCLHaulageCosts_MandatoryFieldCheck" time="1.953" classname="com.lima.test.AdjunoLIMATariffTest">
    <error type="org.openqa.selenium.WebDriverException" message="Element is not clickable at point (1200, 11). Other element would receive the click: &lt;div style=&quot;display: block; width: 1366px; height: 2409px; z-index: 9000;&quot; id=&quot;ext-gen583&quot; class=&quot;ext-el-mask&quot;&gt;&lt;/div&gt;
Command duration or timeout: 359 milliseconds
Build info: version: &#039;2.53.1&#039;, revision: &#039;a36b8b1&#039;, time: &#039;2016-06-30 17:32:46&#039;
System info: host: &#039;LAPTOP-L9I71BEA&#039;, ip: &#039;192.168.1.16&#039;, os.name: &#039;Windows 10&#039;, os.arch: &#039;amd64&#039;, os.version: &#039;10.0&#039;, java.version: &#039;1.8.0_121&#039;
Driver info: org.openqa.selenium.firefox.FirefoxDriver
Capabilities [{applicationCacheEnabled=true, rotatable=false, handlesAlerts=true, databaseEnabled=true, version=47.0.1, platform=WINDOWS, nativeEvents=false, acceptSslCerts=true, webStorageEnabled=true, locationContextEnabled=true, browserName=firefox, takesScreenshot=true, javascriptEnabled=true, cssSelectorsEnabled=true}]
Session ID: 717dbb45-52a1-4163-9b52-61060800fb84">
      <![CDATA[org.openqa.selenium.WebDriverException: Element is not clickable at point (1200, 11). Other element would receive the click: <div style="display: block; width: 1366px; height: 2409px; z-index: 9000;" id="ext-gen583" class="ext-el-mask"></div>
Command duration or timeout: 359 milliseconds
Build info: version: '2.53.1', revision: 'a36b8b1', time: '2016-06-30 17:32:46'
System info: host: 'LAPTOP-L9I71BEA', ip: '192.168.1.16', os.name: 'Windows 10', os.arch: 'amd64', os.version: '10.0', java.version: '1.8.0_121'
Driver info: org.openqa.selenium.firefox.FirefoxDriver
Capabilities [{applicationCacheEnabled=true, rotatable=false, handlesAlerts=true, databaseEnabled=true, version=47.0.1, platform=WINDOWS, nativeEvents=false, acceptSslCerts=true, webStorageEnabled=true, locationContextEnabled=true, browserName=firefox, takesScreenshot=true, javascriptEnabled=true, cssSelectorsEnabled=true}]
Session ID: 717dbb45-52a1-4163-9b52-61060800fb84
	at sun.reflect.GeneratedConstructorAccessor19.newInstance(Unknown Source)
	at sun.reflect.DelegatingConstructorAccessorImpl.newInstance(Unknown Source)
	at java.lang.reflect.Constructor.newInstance(Unknown Source)
	at org.openqa.selenium.remote.ErrorHandler.createThrowable(ErrorHandler.java:206)
	at org.openqa.selenium.remote.ErrorHandler.throwIfResponseFailed(ErrorHandler.java:158)
	at org.openqa.selenium.remote.RemoteWebDriver.execute(RemoteWebDriver.java:678)
	at org.openqa.selenium.remote.RemoteWebElement.execute(RemoteWebElement.java:327)
	at org.openqa.selenium.remote.RemoteWebElement.click(RemoteWebElement.java:85)
	at sun.reflect.GeneratedMethodAccessor3.invoke(Unknown Source)
	at sun.reflect.DelegatingMethodAccessorImpl.invoke(Unknown Source)
	at java.lang.reflect.Method.invoke(Unknown Source)
	at org.openqa.selenium.support.pagefactory.internal.LocatingElementHandler.invoke(LocatingElementHandler.java:51)
	at com.sun.proxy.$Proxy9.click(Unknown Source)
	at com.lima.pagefactory.AdjunoLIMATariffPOM.clickButtonUsingWebElement(AdjunoLIMATariffPOM.java:597)
	at com.lima.test.AdjunoLIMATariffTest.test_LIMA_TARR_SF_039_LCLHaulageCosts_MandatoryFieldCheck(AdjunoLIMATariffTest.java:2170)
	at sun.reflect.NativeMethodAccessorImpl.invoke0(Native Method)
	at sun.reflect.NativeMethodAccessorImpl.invoke(Unknown Source)
	at sun.reflect.DelegatingMethodAccessorImpl.invoke(Unknown Source)
	at java.lang.reflect.Method.invoke(Unknown Source)
	at org.testng.internal.MethodInvocationHelper.invokeMethod(MethodInvocationHelper.java:100)
	at org.testng.internal.Invoker.invokeMethod(Invoker.java:646)
	at org.testng.internal.Invoker.invokeTestMethod(Invoker.java:811)
	at org.testng.internal.Invoker.invokeTestMethods(Invoker.java:1129)
	at org.testng.internal.TestMethodWorker.invokeTestMethods(TestMethodWorker.java:129)
	at org.testng.internal.TestMethodWorker.run(TestMethodWorker.java:112)
	at org.testng.TestRunner.privateRun(TestRunner.java:746)
	at org.testng.TestRunner.run(TestRunner.java:600)
	at org.testng.SuiteRunner.runTest(SuiteRunner.java:366)
	at org.testng.SuiteRunner.runSequentially(SuiteRunner.java:361)
	at org.testng.SuiteRunner.privateRun(SuiteRunner.java:319)
	at org.testng.SuiteRunner.run(SuiteRunner.java:268)
	at org.testng.SuiteRunnerWorker.runSuite(SuiteRunnerWorker.java:52)
	at org.testng.SuiteRunnerWorker.run(SuiteRunnerWorker.java:86)
	at org.testng.TestNG.runSuitesSequentially(TestNG.java:1264)
	at org.testng.TestNG.runSuitesLocally(TestNG.java:1189)
	at org.testng.TestNG.runSuites(TestNG.java:1104)
	at org.testng.TestNG.run(TestNG.java:1076)
	at org.testng.remote.AbstractRemoteTestNG.run(AbstractRemoteTestNG.java:126)
	at org.testng.remote.RemoteTestNG.initAndRun(RemoteTestNG.java:152)
	at org.testng.remote.RemoteTestNG.main(RemoteTestNG.java:57)
]]>
    </error>
  </testcase> <!-- test_LIMA_TARR_SF_039_LCLHaulageCosts_MandatoryFieldCheck -->
  <testcase name="test_LIMA_TARR_SF_038_LCLLandSideCosts_MandatoryFieldCheck" time="273.352" classname="com.lima.test.AdjunoLIMATariffTest">
    <error type="org.openqa.selenium.NoSuchElementException" message="Unable to locate element: {&quot;method&quot;:&quot;xpath&quot;,&quot;selector&quot;:&quot;.//*[contains(text(),&#039;Validation error in &#039;)]&quot;}
Command duration or timeout: 10.42 seconds
For documentation on this error, please visit: http://seleniumhq.org/exceptions/no_such_element.html
Build info: version: &#039;2.53.1&#039;, revision: &#039;a36b8b1&#039;, time: &#039;2016-06-30 17:32:46&#039;
System info: host: &#039;LAPTOP-L9I71BEA&#039;, ip: &#039;192.168.1.16&#039;, os.name: &#039;Windows 10&#039;, os.arch: &#039;amd64&#039;, os.version: &#039;10.0&#039;, java.version: &#039;1.8.0_121&#039;
Driver info: org.openqa.selenium.firefox.FirefoxDriver
Capabilities [{applicationCacheEnabled=true, rotatable=false, handlesAlerts=true, databaseEnabled=true, version=47.0.1, platform=WINDOWS, nativeEvents=false, acceptSslCerts=true, webStorageEnabled=true, locationContextEnabled=true, browserName=firefox, takesScreenshot=true, javascriptEnabled=true, cssSelectorsEnabled=true}]
Session ID: 717dbb45-52a1-4163-9b52-61060800fb84
*** Element info: {Using=xpath, value=.//*[contains(text(),&#039;Validation error in &#039;)]}">
      <![CDATA[org.openqa.selenium.NoSuchElementException: Unable to locate element: {"method":"xpath","selector":".//*[contains(text(),'Validation error in ')]"}
Command duration or timeout: 10.42 seconds
For documentation on this error, please visit: http://seleniumhq.org/exceptions/no_such_element.html
Build info: version: '2.53.1', revision: 'a36b8b1', time: '2016-06-30 17:32:46'
System info: host: 'LAPTOP-L9I71BEA', ip: '192.168.1.16', os.name: 'Windows 10', os.arch: 'amd64', os.version: '10.0', java.version: '1.8.0_121'
Driver info: org.openqa.selenium.firefox.FirefoxDriver
Capabilities [{applicationCacheEnabled=true, rotatable=false, handlesAlerts=true, databaseEnabled=true, version=47.0.1, platform=WINDOWS, nativeEvents=false, acceptSslCerts=true, webStorageEnabled=true, locationContextEnabled=true, browserName=firefox, takesScreenshot=true, javascriptEnabled=true, cssSelectorsEnabled=true}]
Session ID: 717dbb45-52a1-4163-9b52-61060800fb84
*** Element info: {Using=xpath, value=.//*[contains(text(),'Validation error in ')]}
	at sun.reflect.GeneratedConstructorAccessor23.newInstance(Unknown Source)
	at sun.reflect.DelegatingConstructorAccessorImpl.newInstance(Unknown Source)
	at java.lang.reflect.Constructor.newInstance(Unknown Source)
	at org.openqa.selenium.remote.ErrorHandler.createThrowable(ErrorHandler.java:206)
	at org.openqa.selenium.remote.ErrorHandler.throwIfResponseFailed(ErrorHandler.java:158)
	at org.openqa.selenium.remote.RemoteWebDriver.execute(RemoteWebDriver.java:678)
	at org.openqa.selenium.remote.RemoteWebDriver.findElement(RemoteWebDriver.java:363)
	at org.openqa.selenium.remote.RemoteWebDriver.findElementByXPath(RemoteWebDriver.java:500)
	at org.openqa.selenium.By$ByXPath.findElement(By.java:361)
	at org.openqa.selenium.remote.RemoteWebDriver.findElement(RemoteWebDriver.java:355)
	at org.openqa.selenium.support.pagefactory.DefaultElementLocator.findElement(DefaultElementLocator.java:69)
	at org.openqa.selenium.support.pagefactory.internal.LocatingElementHandler.invoke(LocatingElementHandler.java:38)
	at com.sun.proxy.$Proxy9.getText(Unknown Source)
	at com.lima.test.AdjunoLIMATariffTest.test_LIMA_TARR_SF_038_LCLLandSideCosts_MandatoryFieldCheck(AdjunoLIMATariffTest.java:2142)
	at sun.reflect.NativeMethodAccessorImpl.invoke0(Native Method)
	at sun.reflect.NativeMethodAccessorImpl.invoke(Unknown Source)
	at sun.reflect.DelegatingMethodAccessorImpl.invoke(Unknown Source)
	at java.lang.reflect.Method.invoke(Unknown Source)
	at org.testng.internal.MethodInvocationHelper.invokeMethod(MethodInvocationHelper.java:100)
	at org.testng.internal.Invoker.invokeMethod(Invoker.java:646)
	at org.testng.internal.Invoker.invokeTestMethod(Invoker.java:811)
	at org.testng.internal.Invoker.invokeTestMethods(Invoker.java:1129)
	at org.testng.internal.TestMethodWorker.invokeTestMethods(TestMethodWorker.java:129)
	at org.testng.internal.TestMethodWorker.run(TestMethodWorker.java:112)
	at org.testng.TestRunner.privateRun(TestRunner.java:746)
	at org.testng.TestRunner.run(TestRunner.java:600)
	at org.testng.SuiteRunner.runTest(SuiteRunner.java:366)
	at org.testng.SuiteRunner.runSequentially(SuiteRunner.java:361)
	at org.testng.SuiteRunner.privateRun(SuiteRunner.java:319)
	at org.testng.SuiteRunner.run(SuiteRunner.java:268)
	at org.testng.SuiteRunnerWorker.runSuite(SuiteRunnerWorker.java:52)
	at org.testng.SuiteRunnerWorker.run(SuiteRunnerWorker.java:86)
	at org.testng.TestNG.runSuitesSequentially(TestNG.java:1264)
	at org.testng.TestNG.runSuitesLocally(TestNG.java:1189)
	at org.testng.TestNG.runSuites(TestNG.java:1104)
	at org.testng.TestNG.run(TestNG.java:1076)
	at org.testng.remote.AbstractRemoteTestNG.run(AbstractRemoteTestNG.java:126)
	at org.testng.remote.RemoteTestNG.initAndRun(RemoteTestNG.java:152)
	at org.testng.remote.RemoteTestNG.main(RemoteTestNG.java:57)
Caused by: org.openqa.selenium.NoSuchElementException: Unable to locate element: {"method":"xpath","selector":".//*[contains(text(),'Validation error in ')]"}
For documentation on this error, please visit: http://seleniumhq.org/exceptions/no_such_element.html
Build info: version: '2.53.1', revision: 'a36b8b1', time: '2016-06-30 17:32:46'
System info: host: 'LAPTOP-L9I71BEA', ip: '192.168.1.16', os.name: 'Windows 10', os.arch: 'amd64', os.version: '10.0', java.version: '1.8.0_121'
Driver info: driver.version: unknown
	at <anonymous class>.FirefoxDriver.prototype.findElementInternal_(file:///C:/Users/Anand/AppData/Local/Temp/anonymous5979162773386872950webdriver-profile/extensions/fxdriver@googlecode.com/components/driver-component.js:10770)
	at <anonymous class>.fxdriver.Timer.prototype.setTimeout/<.notify(file:///C:/Users/Anand/AppData/Local/Temp/anonymous5979162773386872950webdriver-profile/extensions/fxdriver@googlecode.com/components/driver-component.js:625)
]]>
    </error>
  </testcase> <!-- test_LIMA_TARR_SF_038_LCLLandSideCosts_MandatoryFieldCheck -->
  <testcase name="test_LIMA_TARR_SF_035_DemurrageAndStorageCosts_MandatoryFieldCheck" time="10.113" classname="com.lima.test.AdjunoLIMATariffTest"/>
  <testcase name="test_LIMA_TARR_AF_018_AirFreightCostsAirOrEcoAirRates_MandatoryFieldCheck" time="234.476" classname="com.lima.test.AdjunoLIMATariffTest"/>
  <testcase name="test_LIMA_TARR_AF_017_AirFreightCostExpressService_MandatoryFieldCheck" time="4.360" classname="com.lima.test.AdjunoLIMATariffTest"/>
  <testcase name="test_LIMA_TARR_RF_018_FullTrailerCostsTab_FullTrailerGOHCostGrid_MandatoryFieldCheck" time="0.093" classname="com.lima.test.AdjunoLIMATariffTest">
    <error type="org.openqa.selenium.WebDriverException" message="window.ArenaForms.LIMA_Tariff_Roadfreight is undefined
Command duration or timeout: 93 milliseconds
Build info: version: &#039;2.53.1&#039;, revision: &#039;a36b8b1&#039;, time: &#039;2016-06-30 17:32:46&#039;
System info: host: &#039;LAPTOP-L9I71BEA&#039;, ip: &#039;192.168.1.16&#039;, os.name: &#039;Windows 10&#039;, os.arch: &#039;amd64&#039;, os.version: &#039;10.0&#039;, java.version: &#039;1.8.0_121&#039;
Driver info: org.openqa.selenium.firefox.FirefoxDriver
Capabilities [{applicationCacheEnabled=true, rotatable=false, handlesAlerts=true, databaseEnabled=true, version=47.0.1, platform=WINDOWS, nativeEvents=false, acceptSslCerts=true, webStorageEnabled=true, locationContextEnabled=true, browserName=firefox, takesScreenshot=true, javascriptEnabled=true, cssSelectorsEnabled=true}]
Session ID: 717dbb45-52a1-4163-9b52-61060800fb84">
      <![CDATA[org.openqa.selenium.WebDriverException: window.ArenaForms.LIMA_Tariff_Roadfreight is undefined
Command duration or timeout: 93 milliseconds
Build info: version: '2.53.1', revision: 'a36b8b1', time: '2016-06-30 17:32:46'
System info: host: 'LAPTOP-L9I71BEA', ip: '192.168.1.16', os.name: 'Windows 10', os.arch: 'amd64', os.version: '10.0', java.version: '1.8.0_121'
Driver info: org.openqa.selenium.firefox.FirefoxDriver
Capabilities [{applicationCacheEnabled=true, rotatable=false, handlesAlerts=true, databaseEnabled=true, version=47.0.1, platform=WINDOWS, nativeEvents=false, acceptSslCerts=true, webStorageEnabled=true, locationContextEnabled=true, browserName=firefox, takesScreenshot=true, javascriptEnabled=true, cssSelectorsEnabled=true}]
Session ID: 717dbb45-52a1-4163-9b52-61060800fb84
	at sun.reflect.GeneratedConstructorAccessor19.newInstance(Unknown Source)
	at sun.reflect.DelegatingConstructorAccessorImpl.newInstance(Unknown Source)
	at java.lang.reflect.Constructor.newInstance(Unknown Source)
	at org.openqa.selenium.remote.ErrorHandler.createThrowable(ErrorHandler.java:206)
	at org.openqa.selenium.remote.ErrorHandler.throwIfResponseFailed(ErrorHandler.java:158)
	at org.openqa.selenium.remote.RemoteWebDriver.execute(RemoteWebDriver.java:678)
	at org.openqa.selenium.remote.RemoteWebDriver.executeScript(RemoteWebDriver.java:577)
	at com.lima.library.AdjunoUILibrary.getNoOfRowsGrid(AdjunoUILibrary.java:181)
	at com.lima.pagefactory.AdjunoLIMATariffPOM.getNoOfRowsGrid(AdjunoLIMATariffPOM.java:566)
	at com.lima.test.AdjunoLIMATariffTest.test_LIMA_TARR_RF_018_FullTrailerCostsTab_FullTrailerGOHCostGrid_MandatoryFieldCheck(AdjunoLIMATariffTest.java:4142)
	at sun.reflect.NativeMethodAccessorImpl.invoke0(Native Method)
	at sun.reflect.NativeMethodAccessorImpl.invoke(Unknown Source)
	at sun.reflect.DelegatingMethodAccessorImpl.invoke(Unknown Source)
	at java.lang.reflect.Method.invoke(Unknown Source)
	at org.testng.internal.MethodInvocationHelper.invokeMethod(MethodInvocationHelper.java:100)
	at org.testng.internal.Invoker.invokeMethod(Invoker.java:646)
	at org.testng.internal.Invoker.invokeTestMethod(Invoker.java:811)
	at org.testng.internal.Invoker.invokeTestMethods(Invoker.java:1129)
	at org.testng.internal.TestMethodWorker.invokeTestMethods(TestMethodWorker.java:129)
	at org.testng.internal.TestMethodWorker.run(TestMethodWorker.java:112)
	at org.testng.TestRunner.privateRun(TestRunner.java:746)
	at org.testng.TestRunner.run(TestRunner.java:600)
	at org.testng.SuiteRunner.runTest(SuiteRunner.java:366)
	at org.testng.SuiteRunner.runSequentially(SuiteRunner.java:361)
	at org.testng.SuiteRunner.privateRun(SuiteRunner.java:319)
	at org.testng.SuiteRunner.run(SuiteRunner.java:268)
	at org.testng.SuiteRunnerWorker.runSuite(SuiteRunnerWorker.java:52)
	at org.testng.SuiteRunnerWorker.run(SuiteRunnerWorker.java:86)
	at org.testng.TestNG.runSuitesSequentially(TestNG.java:1264)
	at org.testng.TestNG.runSuitesLocally(TestNG.java:1189)
	at org.testng.TestNG.runSuites(TestNG.java:1104)
	at org.testng.TestNG.run(TestNG.java:1076)
	at org.testng.remote.AbstractRemoteTestNG.run(AbstractRemoteTestNG.java:126)
	at org.testng.remote.RemoteTestNG.initAndRun(RemoteTestNG.java:152)
	at org.testng.remote.RemoteTestNG.main(RemoteTestNG.java:57)
Caused by: org.openqa.selenium.WebDriverException: window.ArenaForms.LIMA_Tariff_Roadfreight is undefined
Build info: version: '2.53.1', revision: 'a36b8b1', time: '2016-06-30 17:32:46'
System info: host: 'LAPTOP-L9I71BEA', ip: '192.168.1.16', os.name: 'Windows 10', os.arch: 'amd64', os.version: '10.0', java.version: '1.8.0_121'
Driver info: driver.version: unknown
	at <anonymous class>.anonymous(https://uat-lima46.adjuno.com/default.aspx?Guid=50494bb848f3432baadc512cab2d838b&MenuId=&Action=ToolApply&ActionOption=Airfreight&Reference=ACTIVITYLIMAUAT46_00843&Binary=True line 69 > Function:1)
	at <anonymous class>.handleEvaluateEvent(https://uat-lima46.adjuno.com/default.aspx?Guid=50494bb848f3432baadc512cab2d838b&MenuId=&Action=ToolApply&ActionOption=Airfreight&Reference=ACTIVITYLIMAUAT46_00843&Binary=True:69)
]]>
    </error>
  </testcase> <!-- test_LIMA_TARR_RF_018_FullTrailerCostsTab_FullTrailerGOHCostGrid_MandatoryFieldCheck -->
  <testcase name="test_LIMA_TARR_SF_023_VerifySeaFreightTariffTabsLCLHaulageCostsComments" time="0.313" classname="com.lima.test.AdjunoLIMATariffTest"/>
  <testcase name="test_LIMA_TARR_SF_017_VerifySeaFreightTariffTabsLCLFreightCosts" time="4.625" classname="com.lima.test.AdjunoLIMATariffTest"/>
  <testcase name="test_LIMA_TARR_RF_011_VerifyRoadFreightTariff_GroupageTrailerCostsTabs_GroupageTrailerCosts" time="0.094" classname="com.lima.test.AdjunoLIMATariffTest">
    <error type="org.openqa.selenium.WebDriverException" message="window.ArenaForms.LIMA_Tariff_Roadfreight is undefined
Command duration or timeout: 94 milliseconds
Build info: version: &#039;2.53.1&#039;, revision: &#039;a36b8b1&#039;, time: &#039;2016-06-30 17:32:46&#039;
System info: host: &#039;LAPTOP-L9I71BEA&#039;, ip: &#039;192.168.1.16&#039;, os.name: &#039;Windows 10&#039;, os.arch: &#039;amd64&#039;, os.version: &#039;10.0&#039;, java.version: &#039;1.8.0_121&#039;
Driver info: org.openqa.selenium.firefox.FirefoxDriver
Capabilities [{applicationCacheEnabled=true, rotatable=false, handlesAlerts=true, databaseEnabled=true, version=47.0.1, platform=WINDOWS, nativeEvents=false, acceptSslCerts=true, webStorageEnabled=true, locationContextEnabled=true, browserName=firefox, takesScreenshot=true, javascriptEnabled=true, cssSelectorsEnabled=true}]
Session ID: 717dbb45-52a1-4163-9b52-61060800fb84">
      <![CDATA[org.openqa.selenium.WebDriverException: window.ArenaForms.LIMA_Tariff_Roadfreight is undefined
Command duration or timeout: 94 milliseconds
Build info: version: '2.53.1', revision: 'a36b8b1', time: '2016-06-30 17:32:46'
System info: host: 'LAPTOP-L9I71BEA', ip: '192.168.1.16', os.name: 'Windows 10', os.arch: 'amd64', os.version: '10.0', java.version: '1.8.0_121'
Driver info: org.openqa.selenium.firefox.FirefoxDriver
Capabilities [{applicationCacheEnabled=true, rotatable=false, handlesAlerts=true, databaseEnabled=true, version=47.0.1, platform=WINDOWS, nativeEvents=false, acceptSslCerts=true, webStorageEnabled=true, locationContextEnabled=true, browserName=firefox, takesScreenshot=true, javascriptEnabled=true, cssSelectorsEnabled=true}]
Session ID: 717dbb45-52a1-4163-9b52-61060800fb84
	at sun.reflect.GeneratedConstructorAccessor19.newInstance(Unknown Source)
	at sun.reflect.DelegatingConstructorAccessorImpl.newInstance(Unknown Source)
	at java.lang.reflect.Constructor.newInstance(Unknown Source)
	at org.openqa.selenium.remote.ErrorHandler.createThrowable(ErrorHandler.java:206)
	at org.openqa.selenium.remote.ErrorHandler.throwIfResponseFailed(ErrorHandler.java:158)
	at org.openqa.selenium.remote.RemoteWebDriver.execute(RemoteWebDriver.java:678)
	at org.openqa.selenium.remote.RemoteWebDriver.executeScript(RemoteWebDriver.java:577)
	at com.lima.library.AdjunoUILibrary.clickTabToMakeItActive(AdjunoUILibrary.java:425)
	at com.lima.pagefactory.AdjunoLIMATariffPOM.clickTab(AdjunoLIMATariffPOM.java:711)
	at com.lima.test.AdjunoLIMATariffTest.test_LIMA_TARR_RF_011_VerifyRoadFreightTariff_GroupageTrailerCostsTabs_GroupageTrailerCosts(AdjunoLIMATariffTest.java:3671)
	at sun.reflect.NativeMethodAccessorImpl.invoke0(Native Method)
	at sun.reflect.NativeMethodAccessorImpl.invoke(Unknown Source)
	at sun.reflect.DelegatingMethodAccessorImpl.invoke(Unknown Source)
	at java.lang.reflect.Method.invoke(Unknown Source)
	at org.testng.internal.MethodInvocationHelper.invokeMethod(MethodInvocationHelper.java:100)
	at org.testng.internal.Invoker.invokeMethod(Invoker.java:646)
	at org.testng.internal.Invoker.invokeTestMethod(Invoker.java:811)
	at org.testng.internal.Invoker.invokeTestMethods(Invoker.java:1129)
	at org.testng.internal.TestMethodWorker.invokeTestMethods(TestMethodWorker.java:129)
	at org.testng.internal.TestMethodWorker.run(TestMethodWorker.java:112)
	at org.testng.TestRunner.privateRun(TestRunner.java:746)
	at org.testng.TestRunner.run(TestRunner.java:600)
	at org.testng.SuiteRunner.runTest(SuiteRunner.java:366)
	at org.testng.SuiteRunner.runSequentially(SuiteRunner.java:361)
	at org.testng.SuiteRunner.privateRun(SuiteRunner.java:319)
	at org.testng.SuiteRunner.run(SuiteRunner.java:268)
	at org.testng.SuiteRunnerWorker.runSuite(SuiteRunnerWorker.java:52)
	at org.testng.SuiteRunnerWorker.run(SuiteRunnerWorker.java:86)
	at org.testng.TestNG.runSuitesSequentially(TestNG.java:1264)
	at org.testng.TestNG.runSuitesLocally(TestNG.java:1189)
	at org.testng.TestNG.runSuites(TestNG.java:1104)
	at org.testng.TestNG.run(TestNG.java:1076)
	at org.testng.remote.AbstractRemoteTestNG.run(AbstractRemoteTestNG.java:126)
	at org.testng.remote.RemoteTestNG.initAndRun(RemoteTestNG.java:152)
	at org.testng.remote.RemoteTestNG.main(RemoteTestNG.java:57)
Caused by: org.openqa.selenium.WebDriverException: window.ArenaForms.LIMA_Tariff_Roadfreight is undefined
Build info: version: '2.53.1', revision: 'a36b8b1', time: '2016-06-30 17:32:46'
System info: host: 'LAPTOP-L9I71BEA', ip: '192.168.1.16', os.name: 'Windows 10', os.arch: 'amd64', os.version: '10.0', java.version: '1.8.0_121'
Driver info: driver.version: unknown
	at <anonymous class>.anonymous(https://uat-lima46.adjuno.com/default.aspx?Guid=50494bb848f3432baadc512cab2d838b&MenuId=&Action=ToolApply&ActionOption=Airfreight&Reference=ACTIVITYLIMAUAT46_00843&Binary=True line 69 > Function:1)
	at <anonymous class>.handleEvaluateEvent(https://uat-lima46.adjuno.com/default.aspx?Guid=50494bb848f3432baadc512cab2d838b&MenuId=&Action=ToolApply&ActionOption=Airfreight&Reference=ACTIVITYLIMAUAT46_00843&Binary=True:69)
]]>
    </error>
  </testcase> <!-- test_LIMA_TARR_RF_011_VerifyRoadFreightTariff_GroupageTrailerCostsTabs_GroupageTrailerCosts -->
  <testcase name="test_LIMA_TARR_SF_007_VerifySeaFreightTariffTabsFCLFreightCostsGrid" time="45.149" classname="com.lima.test.AdjunoLIMATariffTest"/>
  <testcase name="test_LIMA_TARR_SF_011_VerifySeaFreightTariffTabsFCLLandsideCostsFCLDestinationLandsideCosts" time="4.891" classname="com.lima.test.AdjunoLIMATariffTest"/>
  <testcase name="test_LIMA_TARR_AF_021_AirHaulageCostsMandatoryFieldCheck" time="8.813" classname="com.lima.test.AdjunoLIMATariffTest">
    <error type="org.openqa.selenium.WebDriverException" message="Element is not clickable at point (1303, 160). Other element would receive the click: &lt;div style=&quot;display: block; width: 1366px; height: 2205px; z-index: 9000;&quot; id=&quot;ext-gen784&quot; class=&quot;ext-el-mask&quot;&gt;&lt;/div&gt;
Command duration or timeout: 422 milliseconds
Build info: version: &#039;2.53.1&#039;, revision: &#039;a36b8b1&#039;, time: &#039;2016-06-30 17:32:46&#039;
System info: host: &#039;LAPTOP-L9I71BEA&#039;, ip: &#039;192.168.1.16&#039;, os.name: &#039;Windows 10&#039;, os.arch: &#039;amd64&#039;, os.version: &#039;10.0&#039;, java.version: &#039;1.8.0_121&#039;
Driver info: org.openqa.selenium.firefox.FirefoxDriver
Capabilities [{applicationCacheEnabled=true, rotatable=false, handlesAlerts=true, databaseEnabled=true, version=47.0.1, platform=WINDOWS, nativeEvents=false, acceptSslCerts=true, webStorageEnabled=true, locationContextEnabled=true, browserName=firefox, takesScreenshot=true, javascriptEnabled=true, cssSelectorsEnabled=true}]
Session ID: 717dbb45-52a1-4163-9b52-61060800fb84">
      <![CDATA[org.openqa.selenium.WebDriverException: Element is not clickable at point (1303, 160). Other element would receive the click: <div style="display: block; width: 1366px; height: 2205px; z-index: 9000;" id="ext-gen784" class="ext-el-mask"></div>
Command duration or timeout: 422 milliseconds
Build info: version: '2.53.1', revision: 'a36b8b1', time: '2016-06-30 17:32:46'
System info: host: 'LAPTOP-L9I71BEA', ip: '192.168.1.16', os.name: 'Windows 10', os.arch: 'amd64', os.version: '10.0', java.version: '1.8.0_121'
Driver info: org.openqa.selenium.firefox.FirefoxDriver
Capabilities [{applicationCacheEnabled=true, rotatable=false, handlesAlerts=true, databaseEnabled=true, version=47.0.1, platform=WINDOWS, nativeEvents=false, acceptSslCerts=true, webStorageEnabled=true, locationContextEnabled=true, browserName=firefox, takesScreenshot=true, javascriptEnabled=true, cssSelectorsEnabled=true}]
Session ID: 717dbb45-52a1-4163-9b52-61060800fb84
	at sun.reflect.GeneratedConstructorAccessor19.newInstance(Unknown Source)
	at sun.reflect.DelegatingConstructorAccessorImpl.newInstance(Unknown Source)
	at java.lang.reflect.Constructor.newInstance(Unknown Source)
	at org.openqa.selenium.remote.ErrorHandler.createThrowable(ErrorHandler.java:206)
	at org.openqa.selenium.remote.ErrorHandler.throwIfResponseFailed(ErrorHandler.java:158)
	at org.openqa.selenium.remote.RemoteWebDriver.execute(RemoteWebDriver.java:678)
	at org.openqa.selenium.remote.RemoteWebElement.execute(RemoteWebElement.java:327)
	at org.openqa.selenium.remote.RemoteWebElement.click(RemoteWebElement.java:85)
	at sun.reflect.GeneratedMethodAccessor3.invoke(Unknown Source)
	at sun.reflect.DelegatingMethodAccessorImpl.invoke(Unknown Source)
	at java.lang.reflect.Method.invoke(Unknown Source)
	at org.openqa.selenium.support.pagefactory.internal.LocatingElementHandler.invoke(LocatingElementHandler.java:51)
	at com.sun.proxy.$Proxy9.click(Unknown Source)
	at com.lima.pagefactory.AdjunoLIMATariffPOM.clickButtonUsingWebElement(AdjunoLIMATariffPOM.java:597)
	at com.lima.test.AdjunoLIMATariffTest.test_LIMA_TARR_AF_021_AirHaulageCostsMandatoryFieldCheck(AdjunoLIMATariffTest.java:3127)
	at sun.reflect.NativeMethodAccessorImpl.invoke0(Native Method)
	at sun.reflect.NativeMethodAccessorImpl.invoke(Unknown Source)
	at sun.reflect.DelegatingMethodAccessorImpl.invoke(Unknown Source)
	at java.lang.reflect.Method.invoke(Unknown Source)
	at org.testng.internal.MethodInvocationHelper.invokeMethod(MethodInvocationHelper.java:100)
	at org.testng.internal.Invoker.invokeMethod(Invoker.java:646)
	at org.testng.internal.Invoker.invokeTestMethod(Invoker.java:811)
	at org.testng.internal.Invoker.invokeTestMethods(Invoker.java:1129)
	at org.testng.internal.TestMethodWorker.invokeTestMethods(TestMethodWorker.java:129)
	at org.testng.internal.TestMethodWorker.run(TestMethodWorker.java:112)
	at org.testng.TestRunner.privateRun(TestRunner.java:746)
	at org.testng.TestRunner.run(TestRunner.java:600)
	at org.testng.SuiteRunner.runTest(SuiteRunner.java:366)
	at org.testng.SuiteRunner.runSequentially(SuiteRunner.java:361)
	at org.testng.SuiteRunner.privateRun(SuiteRunner.java:319)
	at org.testng.SuiteRunner.run(SuiteRunner.java:268)
	at org.testng.SuiteRunnerWorker.runSuite(SuiteRunnerWorker.java:52)
	at org.testng.SuiteRunnerWorker.run(SuiteRunnerWorker.java:86)
	at org.testng.TestNG.runSuitesSequentially(TestNG.java:1264)
	at org.testng.TestNG.runSuitesLocally(TestNG.java:1189)
	at org.testng.TestNG.runSuites(TestNG.java:1104)
	at org.testng.TestNG.run(TestNG.java:1076)
	at org.testng.remote.AbstractRemoteTestNG.run(AbstractRemoteTestNG.java:126)
	at org.testng.remote.RemoteTestNG.initAndRun(RemoteTestNG.java:152)
	at org.testng.remote.RemoteTestNG.main(RemoteTestNG.java:57)
]]>
    </error>
  </testcase> <!-- test_LIMA_TARR_AF_021_AirHaulageCostsMandatoryFieldCheck -->
  <testcase name="test_LIMA_TARR_RF_006_CheckDownloadRoadFreightTemplateLink" time="14.673" classname="com.lima.test.AdjunoLIMATariffTest">
    <error type="org.openqa.selenium.NoSuchElementException" message="Unable to locate element: {&quot;method&quot;:&quot;link text&quot;,&quot;selector&quot;:&quot;Tariff&quot;}
Command duration or timeout: 11.17 seconds
For documentation on this error, please visit: http://seleniumhq.org/exceptions/no_such_element.html
Build info: version: &#039;2.53.1&#039;, revision: &#039;a36b8b1&#039;, time: &#039;2016-06-30 17:32:46&#039;
System info: host: &#039;LAPTOP-L9I71BEA&#039;, ip: &#039;192.168.1.16&#039;, os.name: &#039;Windows 10&#039;, os.arch: &#039;amd64&#039;, os.version: &#039;10.0&#039;, java.version: &#039;1.8.0_121&#039;
Driver info: org.openqa.selenium.firefox.FirefoxDriver
Capabilities [{applicationCacheEnabled=true, rotatable=false, handlesAlerts=true, databaseEnabled=true, version=47.0.1, platform=WINDOWS, nativeEvents=false, acceptSslCerts=true, webStorageEnabled=true, locationContextEnabled=true, browserName=firefox, takesScreenshot=true, javascriptEnabled=true, cssSelectorsEnabled=true}]
Session ID: 717dbb45-52a1-4163-9b52-61060800fb84
*** Element info: {Using=link text, value=Tariff}">
      <![CDATA[org.openqa.selenium.NoSuchElementException: Unable to locate element: {"method":"link text","selector":"Tariff"}
Command duration or timeout: 11.17 seconds
For documentation on this error, please visit: http://seleniumhq.org/exceptions/no_such_element.html
Build info: version: '2.53.1', revision: 'a36b8b1', time: '2016-06-30 17:32:46'
System info: host: 'LAPTOP-L9I71BEA', ip: '192.168.1.16', os.name: 'Windows 10', os.arch: 'amd64', os.version: '10.0', java.version: '1.8.0_121'
Driver info: org.openqa.selenium.firefox.FirefoxDriver
Capabilities [{applicationCacheEnabled=true, rotatable=false, handlesAlerts=true, databaseEnabled=true, version=47.0.1, platform=WINDOWS, nativeEvents=false, acceptSslCerts=true, webStorageEnabled=true, locationContextEnabled=true, browserName=firefox, takesScreenshot=true, javascriptEnabled=true, cssSelectorsEnabled=true}]
Session ID: 717dbb45-52a1-4163-9b52-61060800fb84
*** Element info: {Using=link text, value=Tariff}
	at sun.reflect.GeneratedConstructorAccessor23.newInstance(Unknown Source)
	at sun.reflect.DelegatingConstructorAccessorImpl.newInstance(Unknown Source)
	at java.lang.reflect.Constructor.newInstance(Unknown Source)
	at org.openqa.selenium.remote.ErrorHandler.createThrowable(ErrorHandler.java:206)
	at org.openqa.selenium.remote.ErrorHandler.throwIfResponseFailed(ErrorHandler.java:158)
	at org.openqa.selenium.remote.RemoteWebDriver.execute(RemoteWebDriver.java:678)
	at org.openqa.selenium.remote.RemoteWebDriver.findElement(RemoteWebDriver.java:363)
	at org.openqa.selenium.remote.RemoteWebDriver.findElementByLinkText(RemoteWebDriver.java:428)
	at org.openqa.selenium.By$ByLinkText.findElement(By.java:246)
	at org.openqa.selenium.remote.RemoteWebDriver.findElement(RemoteWebDriver.java:355)
	at org.openqa.selenium.support.pagefactory.DefaultElementLocator.findElement(DefaultElementLocator.java:69)
	at org.openqa.selenium.support.pagefactory.internal.LocatingElementHandler.invoke(LocatingElementHandler.java:38)
	at com.sun.proxy.$Proxy9.getCoordinates(Unknown Source)
	at org.openqa.selenium.interactions.internal.MouseAction.getActionLocation(MouseAction.java:51)
	at org.openqa.selenium.interactions.MoveMouseAction.perform(MoveMouseAction.java:39)
	at org.openqa.selenium.interactions.CompositeAction.perform(CompositeAction.java:50)
	at org.openqa.selenium.interactions.Actions.perform(Actions.java:373)
	at com.lima.pagefactory.AdjunoLIMATariffPOM.callMouseHover(AdjunoLIMATariffPOM.java:419)
	at com.lima.test.AdjunoLIMATariffTest.test_LIMA_TARR_RF_006_CheckDownloadRoadFreightTemplateLink(AdjunoLIMATariffTest.java:3562)
	at sun.reflect.NativeMethodAccessorImpl.invoke0(Native Method)
	at sun.reflect.NativeMethodAccessorImpl.invoke(Unknown Source)
	at sun.reflect.DelegatingMethodAccessorImpl.invoke(Unknown Source)
	at java.lang.reflect.Method.invoke(Unknown Source)
	at org.testng.internal.MethodInvocationHelper.invokeMethod(MethodInvocationHelper.java:100)
	at org.testng.internal.Invoker.invokeMethod(Invoker.java:646)
	at org.testng.internal.Invoker.invokeTestMethod(Invoker.java:811)
	at org.testng.internal.Invoker.invokeTestMethods(Invoker.java:1129)
	at org.testng.internal.TestMethodWorker.invokeTestMethods(TestMethodWorker.java:129)
	at org.testng.internal.TestMethodWorker.run(TestMethodWorker.java:112)
	at org.testng.TestRunner.privateRun(TestRunner.java:746)
	at org.testng.TestRunner.run(TestRunner.java:600)
	at org.testng.SuiteRunner.runTest(SuiteRunner.java:366)
	at org.testng.SuiteRunner.runSequentially(SuiteRunner.java:361)
	at org.testng.SuiteRunner.privateRun(SuiteRunner.java:319)
	at org.testng.SuiteRunner.run(SuiteRunner.java:268)
	at org.testng.SuiteRunnerWorker.runSuite(SuiteRunnerWorker.java:52)
	at org.testng.SuiteRunnerWorker.run(SuiteRunnerWorker.java:86)
[...]
	at sun.reflect.NativeMethodAccessorImpl.invoke0(Native Method)
	at sun.reflect.NativeMethodAccessorImpl.invoke(Unknown Source)
	at sun.reflect.DelegatingMethodAccessorImpl.invoke(Unknown Source)
	at java.lang.reflect.Method.invoke(Unknown Source)
	at org.testng.internal.MethodInvocationHelper.invokeMethod(MethodInvocationHelper.java:100)
	at org.testng.internal.Invoker.invokeMethod(Invoker.java:646)
	at org.testng.internal.Invoker.invokeTestMethod(Invoker.java:811)
	at org.testng.internal.Invoker.invokeTestMethods(Invoker.java:1129)
	at org.testng.internal.TestMethodWorker.invokeTestMethods(TestMethodWorker.java:129)
	at org.testng.internal.TestMethodWorker.run(TestMethodWorker.java:112)
	at org.testng.TestRunner.privateRun(TestRunner.java:746)
	at org.testng.TestRunner.run(TestRunner.java:600)
	at org.testng.SuiteRunner.runTest(SuiteRunner.java:366)
	at org.testng.SuiteRunner.runSequentially(SuiteRunner.java:361)
	at org.testng.SuiteRunner.privateRun(SuiteRunner.java:319)
	at org.testng.SuiteRunner.run(SuiteRunner.java:268)
	at org.testng.SuiteRunnerWorker.runSuite(SuiteRunnerWorker.java:52)
	at org.testng.SuiteRunnerWorker.run(SuiteRunnerWorker.java:86)
	at org.testng.TestNG.runSuitesSequentially(TestNG.java:1264)
	at org.testng.TestNG.runSuitesLocally(TestNG.java:1189)
	at org.testng.TestNG.runSuites(TestNG.java:1104)
	at org.testng.TestNG.run(TestNG.java:1076)
	at org.testng.remote.AbstractRemoteTestNG.run(AbstractRemoteTestNG.java:126)
	at org.testng.remote.RemoteTestNG.initAndRun(RemoteTestNG.java:152)
	at org.testng.remote.RemoteTestNG.main(RemoteTestNG.java:57)
Caused by: org.openqa.selenium.WebDriverException: window.ArenaForms.LIMA_Tariff_Roadfreight is undefined
Build info: version: '2.53.1', revision: 'a36b8b1', time: '2016-06-30 17:32:46'
System info: host: 'LAPTOP-L9I71BEA', ip: '192.168.1.16', os.name: 'Windows 10', os.arch: 'amd64', os.version: '10.0', java.version: '1.8.0_121'
Driver info: driver.version: unknown
	at <anonymous class>.anonymous(https://uat-lima46.adjuno.com/default.aspx?Guid=50494bb848f3432baadc512cab2d838b&MenuId=&Action=ToolApply&ActionOption=Airfreight&Reference=ACTIVITYLIMAUAT46_00843&Binary=True line 69 > Function:1)
	at <anonymous class>.handleEvaluateEvent(https://uat-lima46.adjuno.com/default.aspx?Guid=50494bb848f3432baadc512cab2d838b&MenuId=&Action=ToolApply&ActionOption=Airfreight&Reference=ACTIVITYLIMAUAT46_00843&Binary=True:69)
]]>
    </error>
  </testcase> <!-- test_LIMA_TARR_RF_009_VerifyRoadFreightTariff_FullTrailerCostsTabs_FullTrailerLandsideCostsGrid -->
  <testcase name="test_LIMA_TARR_RF_016_VerifyRoadFreightTariffTabs_AmendmentLog" time="0.094" classname="com.lima.test.AdjunoLIMATariffTest">
    <error type="org.openqa.selenium.WebDriverException" message="window.ArenaForms.LIMA_Tariff_Roadfreight is undefined
Command duration or timeout: 78 milliseconds
Build info: version: &#039;2.53.1&#039;, revision: &#039;a36b8b1&#039;, time: &#039;2016-06-30 17:32:46&#039;
System info: host: &#039;LAPTOP-L9I71BEA&#039;, ip: &#039;192.168.1.16&#039;, os.name: &#039;Windows 10&#039;, os.arch: &#039;amd64&#039;, os.version: &#039;10.0&#039;, java.version: &#039;1.8.0_121&#039;
Driver info: org.openqa.selenium.firefox.FirefoxDriver
Capabilities [{applicationCacheEnabled=true, rotatable=false, handlesAlerts=true, databaseEnabled=true, version=47.0.1, platform=WINDOWS, nativeEvents=false, acceptSslCerts=true, webStorageEnabled=true, locationContextEnabled=true, browserName=firefox, takesScreenshot=true, javascriptEnabled=true, cssSelectorsEnabled=true}]
Session ID: 717dbb45-52a1-4163-9b52-61060800fb84">
      <![CDATA[org.openqa.selenium.WebDriverException: window.ArenaForms.LIMA_Tariff_Roadfreight is undefined
Command duration or timeout: 78 milliseconds
Build info: version: '2.53.1', revision: 'a36b8b1', time: '2016-06-30 17:32:46'
System info: host: 'LAPTOP-L9I71BEA', ip: '192.168.1.16', os.name: 'Windows 10', os.arch: 'amd64', os.version: '10.0', java.version: '1.8.0_121'
Driver info: org.openqa.selenium.firefox.FirefoxDriver
Capabilities [{applicationCacheEnabled=true, rotatable=false, handlesAlerts=true, databaseEnabled=true, version=47.0.1, platform=WINDOWS, nativeEvents=false, acceptSslCerts=true, webStorageEnabled=true, locationContextEnabled=true, browserName=firefox, takesScreenshot=true, javascriptEnabled=true, cssSelectorsEnabled=true}]
Session ID: 717dbb45-52a1-4163-9b52-61060800fb84
	at sun.reflect.GeneratedConstructorAccessor19.newInstance(Unknown Source)
	at sun.reflect.DelegatingConstructorAccessorImpl.newInstance(Unknown Source)
	at java.lang.reflect.Constructor.newInstance(Unknown Source)
	at org.openqa.selenium.remote.ErrorHandler.createThrowable(ErrorHandler.java:206)
	at org.openqa.selenium.remote.ErrorHandler.throwIfResponseFailed(ErrorHandler.java:158)
	at org.openqa.selenium.remote.RemoteWebDriver.execute(RemoteWebDriver.java:678)
	at org.openqa.selenium.remote.RemoteWebDriver.executeScript(RemoteWebDriver.java:577)
	at com.lima.library.AdjunoUILibrary.clickTabToMakeItActive(AdjunoUILibrary.java:425)
	at com.lima.pagefactory.AdjunoLIMATariffPOM.clickTab(AdjunoLIMATariffPOM.java:711)
	at com.lima.test.AdjunoLIMATariffTest.test_LIMA_TARR_RF_016_VerifyRoadFreightTariffTabs_AmendmentLog(AdjunoLIMATariffTest.java:3872)
	at sun.reflect.NativeMethodAccessorImpl.invoke0(Native Method)
	at sun.reflect.NativeMethodAccessorImpl.invoke(Unknown Source)
	at sun.reflect.DelegatingMethodAccessorImpl.invoke(Unknown Source)
	at java.lang.reflect.Method.invoke(Unknown Source)
	at org.testng.internal.MethodInvocationHelper.invokeMethod(MethodInvocationHelper.java:100)
	at org.testng.internal.Invoker.invokeMethod(Invoker.java:646)
	at org.testng.internal.Invoker.invokeTestMethod(Invoker.java:811)
	at org.testng.internal.Invoker.invokeTestMethods(Invoker.java:1129)
	at org.testng.internal.TestMethodWorker.invokeTestMethods(TestMethodWorker.java:129)
	at org.testng.internal.TestMethodWorker.run(TestMethodWorker.java:112)
	at org.testng.TestRunner.privateRun(TestRunner.java:746)
	at org.testng.TestRunner.run(TestRunner.java:600)
	at org.testng.SuiteRunner.runTest(SuiteRunner.java:366)
	at org.testng.SuiteRunner.runSequentially(SuiteRunner.java:361)
	at org.testng.SuiteRunner.privateRun(SuiteRunner.java:319)
	at org.testng.SuiteRunner.run(SuiteRunner.java:268)
	at org.testng.SuiteRunnerWorker.runSuite(SuiteRunnerWorker.java:52)
	at org.testng.SuiteRunnerWorker.run(SuiteRunnerWorker.java:86)
	at org.testng.TestNG.runSuitesSequentially(TestNG.java:1264)
	at org.testng.TestNG.runSuitesLocally(TestNG.java:1189)
	at org.testng.TestNG.runSuites(TestNG.java:1104)
	at org.testng.TestNG.run(TestNG.java:1076)
	at org.testng.remote.AbstractRemoteTestNG.run(AbstractRemoteTestNG.java:126)
	at org.testng.remote.RemoteTestNG.initAndRun(RemoteTestNG.java:152)
	at org.testng.remote.RemoteTestNG.main(RemoteTestNG.java:57)
Caused by: org.openqa.selenium.WebDriverException: window.ArenaForms.LIMA_Tariff_Roadfreight is undefined
Build info: version: '2.53.1', revision: 'a36b8b1', time: '2016-06-30 17:32:46'
System info: host: 'LAPTOP-L9I71BEA', ip: '192.168.1.16', os.name: 'Windows 10', os.arch: 'amd64', os.version: '10.0', java.version: '1.8.0_121'
Driver info: driver.version: unknown
	at <anonymous class>.anonymous(https://uat-lima46.adjuno.com/default.aspx?Guid=50494bb848f3432baadc512cab2d838b&MenuId=&Action=ToolApply&ActionOption=Airfreight&Reference=ACTIVITYLIMAUAT46_00843&Binary=True line 69 > Function:1)
	at <anonymous class>.handleEvaluateEvent(https://uat-lima46.adjuno.com/default.aspx?Guid=50494bb848f3432baadc512cab2d838b&MenuId=&Action=ToolApply&ActionOption=Airfreight&Reference=ACTIVITYLIMAUAT46_00843&Binary=True:69)
]]>
    </error>
  </testcase> <!-- test_LIMA_TARR_RF_016_VerifyRoadFreightTariffTabs_AmendmentLog -->
  <testcase name="test_LIMA_TARR_RF_003_CheckPagination" time="10.423" classname="com.lima.test.AdjunoLIMATariffTest">
    <error type="org.openqa.selenium.NoSuchElementException" message="Unable to locate element: {&quot;method&quot;:&quot;xpath&quot;,&quot;selector&quot;:&quot;.//*[@class = &#039;xtb-text&#039; and contains(text(),&#039;Displaying rows&#039;)]&quot;}
Command duration or timeout: 10.42 seconds
For documentation on this error, please visit: http://seleniumhq.org/exceptions/no_such_element.html
Build info: version: &#039;2.53.1&#039;, revision: &#039;a36b8b1&#039;, time: &#039;2016-06-30 17:32:46&#039;
System info: host: &#039;LAPTOP-L9I71BEA&#039;, ip: &#039;192.168.1.16&#039;, os.name: &#039;Windows 10&#039;, os.arch: &#039;amd64&#039;, os.version: &#039;10.0&#039;, java.version: &#039;1.8.0_121&#039;
Driver info: org.openqa.selenium.firefox.FirefoxDriver
Capabilities [{applicationCacheEnabled=true, rotatable=false, handlesAlerts=true, databaseEnabled=true, version=47.0.1, platform=WINDOWS, nativeEvents=false, acceptSslCerts=true, webStorageEnabled=true, locationContextEnabled=true, browserName=firefox, takesScreenshot=true, javascriptEnabled=true, cssSelectorsEnabled=true}]
Session ID: 717dbb45-52a1-4163-9b52-61060800fb84
*** Element info: {Using=xpath, value=.//*[@class = &#039;xtb-text&#039; and contains(text(),&#039;Displaying rows&#039;)]}">
      <![CDATA[org.openqa.selenium.NoSuchElementException: Unable to locate element: {"method":"xpath","selector":".//*[@class = 'xtb-text' and contains(text(),'Displaying rows')]"}
Command duration or timeout: 10.42 seconds
For documentation on this error, please visit: http://seleniumhq.org/exceptions/no_such_element.html
Build info: version: '2.53.1', revision: 'a36b8b1', time: '2016-06-30 17:32:46'
System info: host: 'LAPTOP-L9I71BEA', ip: '192.168.1.16', os.name: 'Windows 10', os.arch: 'amd64', os.version: '10.0', java.version: '1.8.0_121'
Driver info: org.openqa.selenium.firefox.FirefoxDriver
Capabilities [{applicationCacheEnabled=true, rotatable=false, handlesAlerts=true, databaseEnabled=true, version=47.0.1, platform=WINDOWS, nativeEvents=false, acceptSslCerts=true, webStorageEnabled=true, locationContextEnabled=true, browserName=firefox, takesScreenshot=true, javascriptEnabled=true, cssSelectorsEnabled=true}]
Session ID: 717dbb45-52a1-4163-9b52-61060800fb84
*** Element info: {Using=xpath, value=.//*[@class = 'xtb-text' and contains(text(),'Displaying rows')]}
	at sun.reflect.GeneratedConstructorAccessor23.newInstance(Unknown Source)
	at sun.reflect.DelegatingConstructorAccessorImpl.newInstance(Unknown Source)
	at java.lang.reflect.Constructor.newInstance(Unknown Source)
	at org.openqa.selenium.remote.ErrorHandler.createThrowable(ErrorHandler.java:206)
	at org.openqa.selenium.remote.ErrorHandler.throwIfResponseFailed(ErrorHandler.java:158)
	at org.openqa.selenium.remote.RemoteWebDriver.execute(RemoteWebDriver.java:678)
	at org.openqa.selenium.remote.RemoteWebDriver.findElement(RemoteWebDriver.java:363)
	at org.openqa.selenium.remote.RemoteWebDriver.findElementByXPath(RemoteWebDriver.java:500)
	at org.openqa.selenium.By$ByXPath.findElement(By.java:361)
	at org.openqa.selenium.remote.RemoteWebDriver.findElement(RemoteWebDriver.java:355)
	at org.openqa.selenium.support.pagefactory.DefaultElementLocator.findElement(DefaultElementLocator.java:69)
	at org.openqa.selenium.support.pagefactory.internal.LocatingElementHandler.invoke(LocatingElementHandler.java:38)
	at com.sun.proxy.$Proxy9.getText(Unknown Source)
	at com.lima.test.AdjunoLIMATariffTest.test_LIMA_TARR_RF_003_CheckPagination(AdjunoLIMATariffTest.java:3514)
	at sun.reflect.NativeMethodAccessorImpl.invoke0(Native Method)
	at sun.reflect.NativeMethodAccessorImpl.invoke(Unknown Source)
	at sun.reflect.DelegatingMethodAccessorImpl.invoke(Unknown Source)
	at java.lang.reflect.Method.invoke(Unknown Source)
	at org.testng.internal.MethodInvocationHelper.invokeMethod(MethodInvocationHelper.java:100)
	at org.testng.internal.Invoker.invokeMethod(Invoker.java:646)
	at org.testng.internal.Invoker.invokeTestMethod(Invoker.java:811)
	at org.testng.internal.Invoker.invokeTestMethods(Invoker.java:1129)
	at org.testng.internal.TestMethodWorker.invokeTestMethods(TestMethodWorker.java:129)
	at org.testng.internal.TestMethodWorker.run(TestMethodWorker.java:112)
	at org.testng.TestRunner.privateRun(TestRunner.java:746)
	at org.testng.TestRunner.run(TestRunner.java:600)
	at org.testng.SuiteRunner.runTest(SuiteRunner.java:366)
	at org.testng.SuiteRunner.runSequentially(SuiteRunner.java:361)
	at org.testng.SuiteRunner.privateRun(SuiteRunner.java:319)
	at org.testng.SuiteRunner.run(SuiteRunner.java:268)
	at org.testng.SuiteRunnerWorker.runSuite(SuiteRunnerWorker.java:52)
	at org.testng.SuiteRunnerWorker.run(SuiteRunnerWorker.java:86)
	at org.testng.TestNG.runSuitesSequentially(TestNG.java:1264)
	at org.testng.TestNG.runSuitesLocally(TestNG.java:1189)
	at org.testng.TestNG.runSuites(TestNG.java:1104)
	at org.testng.TestNG.run(TestNG.java:1076)
	at org.testng.remote.AbstractRemoteTestNG.run(AbstractRemoteTestNG.java:126)
	at org.testng.remote.RemoteTestNG.initAndRun(RemoteTestNG.java:152)
	at org.testng.remote.RemoteTestNG.main(RemoteTestNG.java:57)
Caused by: org.openqa.selenium.NoSuchElementException: Unable to locate element: {"method":"xpath","selector":".//*[@class = 'xtb-text' and contains(text(),'Displaying rows')]"}
For documentation on this error, please visit: http://seleniumhq.org/exceptions/no_such_element.html
Build info: version: '2.53.1', revision: 'a36b8b1', time: '2016-06-30 17:32:46'
System info: host: 'LAPTOP-L9I71BEA', ip: '192.168.1.16', os.name: 'Windows 10', os.arch: 'amd64', os.version: '10.0', java.version: '1.8.0_121'
Driver info: driver.version: unknown
	at <anonymous class>.FirefoxDriver.prototype.findElementInternal_(file:///C:/Users/Anand/AppData/Local/Temp/anonymous5979162773386872950webdriver-profile/extensions/fxdriver@googlecode.com/components/driver-component.js:10770)
	at <anonymous class>.fxdriver.Timer.prototype.setTimeout/<.notify(file:///C:/Users/Anand/AppData/Local/Temp/anonymous5979162773386872950webdriver-profile/extensions/fxdriver@googlecode.com/components/driver-component.js:625)
]]>
    </error>
  </testcase> <!-- test_LIMA_TARR_RF_003_CheckPagination -->
  <testcase name="test_LIMA_TARR_SF_037_AdditionalLCLFreightCosts_MandatoryFieldCheck" time="335.266" classname="com.lima.test.AdjunoLIMATariffTest"/>
  <testcase name="test_LIMA_TARR_AF_017_AirFreight_CreateNewTariff_UpdateAnExistingTariff_AddANewRowOnAirEcoAirRatesGrid" time="88.081" classname="com.lima.test.AdjunoLIMATariffTest">
    <error type="org.openqa.selenium.WebDriverException" message="window.ArenaForms.LIMA_Tariff_Airfreight.Controls.Grid_AirRates.getElement(...) is undefined
Command duration or timeout: 641 milliseconds
Build info: version: &#039;2.53.1&#039;, revision: &#039;a36b8b1&#039;, time: &#039;2016-06-30 17:32:46&#039;
System info: host: &#039;LAPTOP-L9I71BEA&#039;, ip: &#039;192.168.1.16&#039;, os.name: &#039;Windows 10&#039;, os.arch: &#039;amd64&#039;, os.version: &#039;10.0&#039;, java.version: &#039;1.8.0_121&#039;
Driver info: org.openqa.selenium.firefox.FirefoxDriver
Capabilities [{applicationCacheEnabled=true, rotatable=false, handlesAlerts=true, databaseEnabled=true, version=47.0.1, platform=WINDOWS, nativeEvents=false, acceptSslCerts=true, webStorageEnabled=true, locationContextEnabled=true, browserName=firefox, takesScreenshot=true, javascriptEnabled=true, cssSelectorsEnabled=true}]
Session ID: 717dbb45-52a1-4163-9b52-61060800fb84">
      <![CDATA[org.openqa.selenium.WebDriverException: window.ArenaForms.LIMA_Tariff_Airfreight.Controls.Grid_AirRates.getElement(...) is undefined
Command duration or timeout: 641 milliseconds
Build info: version: '2.53.1', revision: 'a36b8b1', time: '2016-06-30 17:32:46'
System info: host: 'LAPTOP-L9I71BEA', ip: '192.168.1.16', os.name: 'Windows 10', os.arch: 'amd64', os.version: '10.0', java.version: '1.8.0_121'
Driver info: org.openqa.selenium.firefox.FirefoxDriver
Capabilities [{applicationCacheEnabled=true, rotatable=false, handlesAlerts=true, databaseEnabled=true, version=47.0.1, platform=WINDOWS, nativeEvents=false, acceptSslCerts=true, webStorageEnabled=true, locationContextEnabled=true, browserName=firefox, takesScreenshot=true, javascriptEnabled=true, cssSelectorsEnabled=true}]
Session ID: 717dbb45-52a1-4163-9b52-61060800fb84
	at sun.reflect.GeneratedConstructorAccessor19.newInstance(Unknown Source)
	at sun.reflect.DelegatingConstructorAccessorImpl.newInstance(Unknown Source)
	at java.lang.reflect.Constructor.newInstance(Unknown Source)
	at org.openqa.selenium.remote.ErrorHandler.createThrowable(ErrorHandler.java:206)
	at org.openqa.selenium.remote.ErrorHandler.throwIfResponseFailed(ErrorHandler.java:158)
	at org.openqa.selenium.remote.RemoteWebDriver.execute(RemoteWebDriver.java:678)
	at org.openqa.selenium.remote.RemoteWebDriver.executeScript(RemoteWebDriver.java:577)
	at com.lima.library.AdjunoUILibrary.getGridCellElementValue(AdjunoUILibrary.java:416)
	at com.lima.pagefactory.AdjunoLIMATariffPOM.getGridCellValue(AdjunoLIMATariffPOM.java:788)
	at com.lima.test.AdjunoLIMATariffTest.test_LIMA_TARR_AF_017_AirFreight_CreateNewTariff_UpdateAnExistingTariff_AddANewRowOnAirEcoAirRatesGrid(AdjunoLIMATariffTest.java:2832)
	at sun.reflect.NativeMethodAccessorImpl.invoke0(Native Method)
	at sun.reflect.NativeMethodAccessorImpl.invoke(Unknown Source)
	at sun.reflect.DelegatingMethodAccessorImpl.invoke(Unknown Source)
	at java.lang.reflect.Method.invoke(Unknown Source)
	at org.testng.internal.MethodInvocationHelper.invokeMethod(MethodInvocationHelper.java:100)
	at org.testng.internal.Invoker.invokeMethod(Invoker.java:646)
	at org.testng.internal.Invoker.invokeTestMethod(Invoker.java:811)
	at org.testng.internal.Invoker.invokeTestMethods(Invoker.java:1129)
	at org.testng.internal.TestMethodWorker.invokeTestMethods(TestMethodWorker.java:129)
	at org.testng.internal.TestMethodWorker.run(TestMethodWorker.java:112)
	at org.testng.TestRunner.privateRun(TestRunner.java:746)
	at org.testng.TestRunner.run(TestRunner.java:600)
	at org.testng.SuiteRunner.runTest(SuiteRunner.java:366)
	at org.testng.SuiteRunner.runSequentially(SuiteRunner.java:361)
	at org.testng.SuiteRunner.privateRun(SuiteRunner.java:319)
	at org.testng.SuiteRunner.run(SuiteRunner.java:268)
	at org.testng.SuiteRunnerWorker.runSuite(SuiteRunnerWorker.java:52)
	at org.testng.SuiteRunnerWorker.run(SuiteRunnerWorker.java:86)
	at org.testng.TestNG.runSuitesSequentially(TestNG.java:1264)
	at org.testng.TestNG.runSuitesLocally(TestNG.java:1189)
	at org.testng.TestNG.runSuites(TestNG.java:1104)
	at org.testng.TestNG.run(TestNG.java:1076)
	at org.testng.remote.AbstractRemoteTestNG.run(AbstractRemoteTestNG.java:126)
	at org.testng.remote.RemoteTestNG.initAndRun(RemoteTestNG.java:152)
	at org.testng.remote.RemoteTestNG.main(RemoteTestNG.java:57)
Caused by: org.openqa.selenium.WebDriverException: window.ArenaForms.LIMA_Tariff_Airfreight.Controls.Grid_AirRates.getElement(...) is undefined
Build info: version: '2.53.1', revision: 'a36b8b1', time: '2016-06-30 17:32:46'
System info: host: 'LAPTOP-L9I71BEA', ip: '192.168.1.16', os.name: 'Windows 10', os.arch: 'amd64', os.version: '10.0', java.version: '1.8.0_121'
Driver info: driver.version: unknown
	at <anonymous class>.anonymous(https://uat-lima46.adjuno.com/default.aspx?Guid=50494bb848f3432baadc512cab2d838b&MenuId=&Action=ToolDraw&ActionOption=Airfreight&Reference=ACTIVITYLIMAUAT46_00843&Id=&Version=2018020007&OperationType=View line 69 > Function:1)
	at <anonymous class>.handleEvaluateEvent(https://uat-lima46.adjuno.com/default.aspx?Guid=50494bb848f3432baadc512cab2d838b&MenuId=&Action=ToolDraw&ActionOption=Airfreight&Reference=ACTIVITYLIMAUAT46_00843&Id=&Version=2018020007&OperationType=View:69)
]]>
    </error>
  </testcase> <!-- test_LIMA_TARR_AF_017_AirFreight_CreateNewTariff_UpdateAnExistingTariff_AddANewRowOnAirEcoAirRatesGrid -->
</testsuite> <!-- com.lima.test.AdjunoLIMATariffTest -->
