<?xml version="1.0" encoding="UTF-8"?>
<!-- Generated by org.testng.reporters.JUnitXMLReporter -->
<testsuite hostname="LAPTOP-L9I71BEA" name="Delivery Booking" tests="23" failures="9" timestamp="2 Feb 2018 12:31:16 GMT" time="1252.013" errors="0">
  <testcase name="test_accessCatalog" time="28.699" classname="com.lima.test.AdjunoLIMADeliveryBookingTest"/>
  <testcase name="getCatalogData" time="7.844" classname="com.lima.test.AdjunoLIMADeliveryBookingTest">
    <failure type="org.openqa.selenium.WebDriverException" message="window.ArenaForms.ArenaQueryParams is undefined
Command duration or timeout: 1.53 seconds
Build info: version: &amp;apos;2.53.1&amp;apos;, revision: &amp;apos;a36b8b1&amp;apos;, time: &amp;apos;2016-06-30 17:32:46&amp;apos;
System info: host: &amp;apos;LAPTOP-L9I71BEA&amp;apos;, ip: &amp;apos;192.168.1.16&amp;apos;, os.name: &amp;apos;Windows 10&amp;apos;, os.arch: &amp;apos;amd64&amp;apos;, os.version: &amp;apos;10.0&amp;apos;, java.version: &amp;apos;1.8.0_121&amp;apos;
Driver info: org.openqa.selenium.firefox.FirefoxDriver
Capabilities [{applicationCacheEnabled=true, rotatable=false, handlesAlerts=true, databaseEnabled=true, version=47.0.1, platform=WINDOWS, nativeEvents=false, acceptSslCerts=true, webStorageEnabled=true, locationContextEnabled=true, browserName=firefox, takesScreenshot=true, javascriptEnabled=true, cssSelectorsEnabled=true}]
Session ID: d7624360-5ab6-4d53-a9fa-c16c8b374a4e">
      <![CDATA[org.openqa.selenium.WebDriverException: window.ArenaForms.ArenaQueryParams is undefined
Command duration or timeout: 1.53 seconds
Build info: version: '2.53.1', revision: 'a36b8b1', time: '2016-06-30 17:32:46'
System info: host: 'LAPTOP-L9I71BEA', ip: '192.168.1.16', os.name: 'Windows 10', os.arch: 'amd64', os.version: '10.0', java.version: '1.8.0_121'
Driver info: org.openqa.selenium.firefox.FirefoxDriver
Capabilities [{applicationCacheEnabled=true, rotatable=false, handlesAlerts=true, databaseEnabled=true, version=47.0.1, platform=WINDOWS, nativeEvents=false, acceptSslCerts=true, webStorageEnabled=true, locationContextEnabled=true, browserName=firefox, takesScreenshot=true, javascriptEnabled=true, cssSelectorsEnabled=true}]
Session ID: d7624360-5ab6-4d53-a9fa-c16c8b374a4e
	at org.openqa.selenium.remote.ErrorHandler.createThrowable(ErrorHandler.java:206)
	at org.openqa.selenium.remote.ErrorHandler.throwIfResponseFailed(ErrorHandler.java:158)
	at org.openqa.selenium.remote.RemoteWebDriver.execute(RemoteWebDriver.java:678)
	at org.openqa.selenium.remote.RemoteWebDriver.executeScript(RemoteWebDriver.java:577)
	at com.lima.library.AdjunoUILibrary.getElement(AdjunoUILibrary.java:91)
	at com.lima.pagefactory.AdjunoLIMADeliveryBookingPOM.clearInputField(AdjunoLIMADeliveryBookingPOM.java:343)
	at com.lima.test.AdjunoLIMADeliveryBookingTest.clearCatalogFields(AdjunoLIMADeliveryBookingTest.java:323)
	at com.lima.test.AdjunoLIMADeliveryBookingTest.getCatalogData(AdjunoLIMADeliveryBookingTest.java:235)
Caused by: org.openqa.selenium.WebDriverException: window.ArenaForms.ArenaQueryParams is undefined
Build info: version: '2.53.1', revision: 'a36b8b1', time: '2016-06-30 17:32:46'
System info: host: 'LAPTOP-L9I71BEA', ip: '192.168.1.16', os.name: 'Windows 10', os.arch: 'amd64', os.version: '10.0', java.version: '1.8.0_121'
Driver info: driver.version: unknown
	at <anonymous class>.anonymous(https://uat-lima46.adjuno.com/default.aspx?Guid=148b9ba296984952a80f2fbe09db3d53&MenuId=&Action=ToolDraw&ActionOption=Catalog&CatalogStage=ItemList&CatalogName=Lighthouse line 69 > Function:1)
	at <anonymous class>.handleEvaluateEvent(https://uat-lima46.adjuno.com/default.aspx?Guid=148b9ba296984952a80f2fbe09db3d53&MenuId=&Action=ToolDraw&ActionOption=Catalog&CatalogStage=ItemList&CatalogName=Lighthouse:69)
... Removed 28 stack frames]]>
    </failure>
  </testcase> <!-- getCatalogData -->
  <testcase name="test_1_accessDeliveryBooking" time="10.548" classname="com.lima.test.AdjunoLIMADeliveryBookingTest"/>
  <testcase name="test_2_VerifyExistanceOfChevorns" time="0.954" classname="com.lima.test.AdjunoLIMADeliveryBookingTest"/>
  <testcase name="test_3_VerifyExistanceOfFields" time="5.078" classname="com.lima.test.AdjunoLIMADeliveryBookingTest"/>
  <testcase name="test_4_VerifyMandatoryFields" time="47.464" classname="com.lima.test.AdjunoLIMADeliveryBookingTest"/>
  <testcase name="test_5_VerifyDestinationPortDropDownValues" time="0.094" classname="com.lima.test.AdjunoLIMADeliveryBookingTest">
    <failure type="java.lang.AssertionError" message="The following asserts failed:
	***** Test ID : 5Destination Port Drop Down Won&amp;apos;t have any Value***** expected [true] but found [false]">
      <![CDATA[java.lang.AssertionError: The following asserts failed:
	***** Test ID : 5Destination Port Drop Down Won't have any Value***** expected [true] but found [false]
	at com.lima.test.AdjunoLIMADeliveryBookingTest.test_5_VerifyDestinationPortDropDownValues(AdjunoLIMADeliveryBookingTest.java:508)
... Removed 26 stack frames]]>
    </failure>
  </testcase> <!-- test_5_VerifyDestinationPortDropDownValues -->
  <testcase name="test_6_VerifyDestinationDropDownValues" time="0.094" classname="com.lima.test.AdjunoLIMADeliveryBookingTest">
    <failure type="java.lang.AssertionError" message="The following asserts failed:
	***** Test ID : 6Destination Drop Down Won&amp;apos;t have any Value***** expected [true] but found [false]">
      <![CDATA[java.lang.AssertionError: The following asserts failed:
	***** Test ID : 6Destination Drop Down Won't have any Value***** expected [true] but found [false]
	at com.lima.test.AdjunoLIMADeliveryBookingTest.test_6_VerifyDestinationDropDownValues(AdjunoLIMADeliveryBookingTest.java:529)
... Removed 26 stack frames]]>
    </failure>
  </testcase> <!-- test_6_VerifyDestinationDropDownValues -->
  <testcase name="test_7_VerifyHaulierDropDownValues" time="0.109" classname="com.lima.test.AdjunoLIMADeliveryBookingTest">
    <failure type="java.lang.AssertionError" message="The following asserts failed:
	***** Test ID : 7Haulier Drop Down Won&amp;apos;t have any Value***** expected [true] but found [false]">
      <![CDATA[java.lang.AssertionError: The following asserts failed:
	***** Test ID : 7Haulier Drop Down Won't have any Value***** expected [true] but found [false]
	at com.lima.test.AdjunoLIMADeliveryBookingTest.test_7_VerifyHaulierDropDownValues(AdjunoLIMADeliveryBookingTest.java:549)
... Removed 26 stack frames]]>
    </failure>
  </testcase> <!-- test_7_VerifyHaulierDropDownValues -->
  <testcase name="test_8_VerifyLoadingDropDownValues" time="0.094" classname="com.lima.test.AdjunoLIMADeliveryBookingTest">
    <failure type="java.lang.AssertionError" message="The following asserts failed:
	***** Test ID : 8Loading Drop Down Won&amp;apos;t have any Value***** expected [true] but found [false]">
      <![CDATA[java.lang.AssertionError: The following asserts failed:
	***** Test ID : 8Loading Drop Down Won't have any Value***** expected [true] but found [false]
	at com.lima.test.AdjunoLIMADeliveryBookingTest.test_8_VerifyLoadingDropDownValues(AdjunoLIMADeliveryBookingTest.java:568)
... Removed 26 stack frames]]>
    </failure>
  </testcase> <!-- test_8_VerifyLoadingDropDownValues -->
  <testcase name="test_9_VerifyVesselDropDownValues" time="0.281" classname="com.lima.test.AdjunoLIMADeliveryBookingTest">
    <failure type="java.lang.AssertionError" message="The following asserts failed:
	***** Test ID : 9Vessel Drop Down Won&amp;apos;t have any Value***** expected [true] but found [false]">
      <![CDATA[java.lang.AssertionError: The following asserts failed:
	***** Test ID : 9Vessel Drop Down Won't have any Value***** expected [true] but found [false]
	at com.lima.test.AdjunoLIMADeliveryBookingTest.test_9_VerifyVesselDropDownValues(AdjunoLIMADeliveryBookingTest.java:587)
... Removed 26 stack frames]]>
    </failure>
  </testcase> <!-- test_9_VerifyVesselDropDownValues -->
  <testcase name="test_10_VerifyInvalidContainer" time="57.235" classname="com.lima.test.AdjunoLIMADeliveryBookingTest"/>
  <testcase name="test_11_VerifyInvalidPONumber" time="59.065" classname="com.lima.test.AdjunoLIMADeliveryBookingTest"/>
  <testcase name="test_12_VerifyValidPONumber" time="71.759" classname="com.lima.test.AdjunoLIMADeliveryBookingTest"/>
  <testcase name="test_13_verifyFieldsInSelectChevron" time="3.86" classname="com.lima.test.AdjunoLIMADeliveryBookingTest"/>
  <testcase name="test_14_VerifyButtons" time="42.943" classname="com.lima.test.AdjunoLIMADeliveryBookingTest"/>
  <testcase name="test_16_verifyDestinationPort" time="89.565" classname="com.lima.test.AdjunoLIMADeliveryBookingTest"/>
  <testcase name="test_17_verifyContainerValue" time="70.686" classname="com.lima.test.AdjunoLIMADeliveryBookingTest"/>
  <testcase name="test_18_verifyDestnationValue" time="58.681" classname="com.lima.test.AdjunoLIMADeliveryBookingTest">
    <failure type="java.lang.AssertionError" message="The following asserts failed:
	***** Test ID:18- NO search Result for this criteria ***** expected [true] but found [false]">
      <![CDATA[java.lang.AssertionError: The following asserts failed:
	***** Test ID:18- NO search Result for this criteria ***** expected [true] but found [false]
	at com.lima.test.AdjunoLIMADeliveryBookingTest.test_18_verifyDestnationValue(AdjunoLIMADeliveryBookingTest.java:969)
... Removed 26 stack frames]]>
    </failure>
  </testcase> <!-- test_18_verifyDestnationValue -->
  <testcase name="test_19_verifyEtaTo" time="123.501" classname="com.lima.test.AdjunoLIMADeliveryBookingTest"/>
  <testcase name="test_20_verifyHaulierValue" time="262.906" classname="com.lima.test.AdjunoLIMADeliveryBookingTest">
    <failure type="java.lang.AssertionError" message="The following asserts failed:
	***** Test ID:20-   Allport Haulier value is not matching with   Allport Haulier value is not matching with   Allport Haulier value is not matching with   Allport Haulier value is not matching with   Allport Haulier value is not matching with   Allport Haulier value is not matching with   Allport Haulier value is not matching with   Allport Haulier value is not matching with   Allport Haulier value is not matching with   Allport Haulier value is not matching with   Allport Haulier value is not matching with   Allport Haulier value is not matching with   Allport Haulier value is not matching with   Allport Haulier value is not matching with   Allport Haulier value is not matching with   Allport Haulier value is not matching with   Allport Haulier value is not matching with   Allport Haulier value is not matching with   Allport Haulier value is not matching with   Allport Haulier value is not matching with   Allport Haulier value is not matching with   Allport Haulier value is not matching with   Allport Haulier value is not matching with   Allport Haulier value is not matching with   Allport Haulier value is not matching with   Allport Haulier value is not matching with   Allport Haulier value is not matching with   Allport Haulier value is not matching with   Allport Haulier value is not matching with   Allport Haulier value is not matching with   Allport Haulier value is not matching with   Allport Haulier value is not matching with   Allport Haulier value is not matching with   Allport Haulier value is not matching with   Allport Haulier value is not matching with   Allport Haulier value is not matching with   Allport Haulier value is not matching with   Allport Haulier value is not matching with   Allport Haulier value is not matching with   Allport Haulier value is not matching with   Allport Haulier value is not matching with   Allport Haulier value is not matching with   Allport Haulier value is not matching with   Allport Haulier value is not matching with   Allport Haulier value is not matching with   Allport Haulier value is not matching with   Allport Haulier value is not matching with   Allport Haulier value is not matching with   Allport Haulier value is not matching with   Allport Haulier value is not matching with   Allport Haulier value is not matching with   Allport Haulier value is not matching with   Allport Haulier value is not matching with   Allport Haulier value is not matching with   Allport Haulier value is not matching with   Allport Haulier value is not matching with   Allport Haulier value is not matching with   Allport Haulier value is not matching with   Allport Haulier value is not matching with   Allport Haulier value is not matching with   Allport Haulier value is not matching with   Allport Haulier value is not matching with   Allport Haulier value is not matching with   Allport Haulier value is not matching with   Allport Haulier value is not matching with   Allport Haulier value is not matching with   Allport Haulier value is not matching with   Allport Haulier value is not matching with   Allport Haulier value is not matching with   Allport Haulier value is not matching with   Allport Haulier value is not matching with   Allport Haulier value is not matching with   Allport Haulier value is not matching with   Allport Haulier value is not matching with   Allport Haulier value is not matching with   Allport Haulier value is not matching with   Allport Haulier value is not matching with   Allport Haulier value is not matching with   Allport Haulier value is not matching with   Allport Haulier value is not matching with   Allport Haulier value is not matching with   Allport Haulier value is not matching with   Allport Haulier value is not matching with   Allport Haulier value is not matching with   Allport Haulier value is not matching with   Allport Haulier value is not matching with   Allport Haulier value is not matching with   Allport Haulier value is not matching with   Allport Haulier value is not matching with   Allport Haulier value is not matching with   Allport Haulier value is not matching with   Allport Haulier value is not matching with   Allport Haulier value is not matching with   Allport Haulier value is not matching with   Allport Haulier value is not matching with   Allport Haulier value is not matching with   Allport Haulier value is not matching with   Allport Haulier value is not matching with   Allport Haulier value is not matching with   Allport Haulier value is not matching with   Allport Haulier value is not matching with   Allport Haulier value is not matching with   Allport Haulier value is not matching with   Allport Haulier value is not matching with   Allport Haulier value is not matching with   Allport Haulier value is not matching with   Allport Haulier value is not matching with   Allport Haulier value is not matching with   Allport Haulier value is not matching with   Allport Haulier value is not matching with   Allport Haulier value is not matching with   Allport Haulier value is not matching with   Allport Haulier value is not matching with   Allport Haulier value is not matching with   Allport Haulier value is not matching with   Allport Haulier value is not matching with   Allport Haulier value is not matching with   Allport Haulier value is not matching with   Allport Haulier value is not matching with   Allport Haulier value is not matching with   Allport Haulier value is not matching with   Allport Haulier value is not matching with   Allport Haulier value is not matching with   Allport Haulier value is not matching with   Allport Haulier value is not matching with   Allport Haulier value is not matching with   Allport Haulier value is not matching with   Allport Haulier value is not matching with   Allport Haulier value is not matching with   Allport Haulier value is not matching with   Allport Haulier value is not matching with   Allport Haulier value is not matching with   Allport Haulier value is not matching with   Allport Haulier value is not matching with   Allport Haulier value is not matching with   Allport Haulier value is not matching with   Allport Haulier value is not matching with   Allport Haulier value is not matching with   Allport Haulier value is not matching with   Allport Haulier value is not matching with   Allport Haulier value is not matching with   Allport Haulier value is not matching with   Allport Haulier value is not matching with   Allport Haulier value is not matching with   Allport Haulier value is not matching with   Allport Haulier value is not matching with   Allport Haulier value is not matching with   Allport Haulier value is not matching with   Allport Haulier value is not matching with   Allport Haulier value is not matching with   Allport Haulier value is not matching with   Allport Haulier value is not matching with   Allport Haulier value is not matching with   Allport Haulier value is not matching with   Allport Haulier value is not matching with   Allport Haulier value is not matching with   Allport Haulier value is not matching with   Allport Haulier value is not matching with   Allport Haulier value is not matching with   Allport Haulier value is not matching with   Allport Haulier value is not matching with   Allport Haulier value is not matching with   Allport Haulier value is not matching with   Allport Haulier value is not matching with   Allport Haulier value is not matching with   Allport Haulier value is not matching with   Allport Haulier value is not matching with   Allport Haulier value is not matching with   Allport Haulier value is not matching with   Allport Haulier value is not matching with   Allport Haulier value is not matching with   Allport Haulier value is not matching with   Allport Haulier value is not matching with   Allport Haulier value is not matching with   Allport Haulier value is not matching with   Allport Haulier value is not matching with   Allport Haulier value is not matching with   Allport Haulier value is not matching with   Allport Haulier value is not matching with   Allport Haulier value is not matching with   Allport Haulier value is not matching with   Allport Haulier value is not matching with   Allport Haulier value is not matching with   Allport Haulier value is not matching with   Allport Haulier value is not matching with   Allport Haulier value is not matching with  *****  expected [true] but found [false]">
      <![CDATA[java.lang.AssertionError: The following asserts failed:
	***** Test ID:20-   Allport Haulier value is not matching with   Allport Haulier value is not matching with   Allport Haulier value is not matching with   Allport Haulier value is not matching with   Allport Haulier value is not matching with   Allport Haulier value is not matching with   Allport Haulier value is not matching with   Allport Haulier value is not matching with   Allport Haulier value is not matching with   Allport Haulier value is not matching with   Allport Haulier value is not matching with   Allport Haulier value is not matching with   Allport Haulier value is not matching with   Allport Haulier value is not matching with   Allport Haulier value is not matching with   Allport Haulier value is not matching with   Allport Haulier value is not matching with   Allport Haulier value is not matching with   Allport Haulier value is not matching with   Allport Haulier value is not matching with   Allport Haulier value is not matching with   Allport Haulier value is not matching with   Allport Haulier value is not matching with   Allport Haulier value is not matching with   Allport Haulier value is not matching with   Allport Haulier value is not matching with   Allport Haulier value is not matching with   Allport Haulier value is not matching with   Allport Haulier value is not matching with   Allport Haulier value is not matching with   Allport Haulier value is not matching with   Allport Haulier value is not matching with   Allport Haulier value is not matching with   Allport Haulier value is not matching with   Allport Haulier value is not matching with   Allport Haulier value is not matching with   Allport Haulier value is not matching with   Allport Haulier value is not matching with   Allport Haulier value is not matching with   Allport Haulier value is not matching with   Allport Haulier value is not matching with   Allport Haulier value is not matching with   Allport Haulier value is not matching with   Allport Haulier value is not matching with   Allport Haulier value is not matching with   Allport Haulier value is not matching with   Allport Haulier value is not matching with   Allport Haulier value is not matching with   Allport Haulier value is not matching with   Allport Haulier value is not matching with   Allport Haulier value is not matching with   Allport Haulier value is not matching with   Allport Haulier value is not matching with   Allport Haulier value is not matching with   Allport Haulier value is not matching with   Allport Haulier value is not matching with   Allport Haulier value is not matching with   Allport Haulier value is not matching with   Allport Haulier value is not matching with   Allport Haulier value is not matching with   Allport Haulier value is not matching with   Allport Haulier value is not matching with   Allport Haulier value is not matching with   Allport Haulier value is not matching with   Allport Haulier value is not matching with   Allport Haulier value is not matching with   Allport Haulier value is not matching with   Allport Haulier value is not matching with   Allport Haulier value is not matching with   Allport Haulier value is not matching with   Allport Haulier value is not matching with   Allport Haulier value is not matching with   Allport Haulier value is not matching with   Allport Haulier value is not matching with   Allport Haulier value is not matching with   Allport Haulier value is not matching with   Allport Haulier value is not matching with   Allport Haulier value is not matching with   Allport Haulier value is not matching with   Allport Haulier value is not matching with   Allport Haulier value is not matching with   Allport Haulier value is not matching with   Allport Haulier value is not matching with   Allport Haulier value is not matching with   Allport Haulier value is not matching with   Allport Haulier value is not matching with   Allport Haulier value is not matching with   Allport Haulier value is not matching with   Allport Haulier value is not matching with   Allport Haulier value is not matching with   Allport Haulier value is not matching with   Allport Haulier value is not matching with   Allport Haulier value is not matching with   Allport Haulier value is not matching with   Allport Haulier value is not matching with   Allport Haulier value is not matching with   Allport Haulier value is not matching with   Allport Haulier value is not matching with   Allport Haulier value is not matching with   Allport Haulier value is not matching with   Allport Haulier value is not matching with   Allport Haulier value is not matching with   Allport Haulier value is not matching with   Allport Haulier value is not matching with   Allport Haulier value is not matching with   Allport Haulier value is not matching with   Allport Haulier value is not matching with   Allport Haulier value is not matching with   Allport Haulier value is not matching with   Allport Haulier value is not matching with   Allport Haulier value is not matching with   Allport Haulier value is not matching with   Allport Haulier value is not matching with   Allport Haulier value is not matching with   Allport Haulier value is not matching with   Allport Haulier value is not matching with   Allport Haulier value is not matching with   Allport Haulier value is not matching with   Allport Haulier value is not matching with   Allport Haulier value is not matching with   Allport Haulier value is not matching with   Allport Haulier value is not matching with   Allport Haulier value is not matching with   Allport Haulier value is not matching with   Allport Haulier value is not matching with   Allport Haulier value is not matching with   Allport Haulier value is not matching with   Allport Haulier value is not matching with   Allport Haulier value is not matching with   Allport Haulier value is not matching with   Allport Haulier value is not matching with   Allport Haulier value is not matching with   Allport Haulier value is not matching with   Allport Haulier value is not matching with   Allport Haulier value is not matching with   Allport Haulier value is not matching with   Allport Haulier value is not matching with   Allport Haulier value is not matching with   Allport Haulier value is not matching with   Allport Haulier value is not matching with   Allport Haulier value is not matching with   Allport Haulier value is not matching with   Allport Haulier value is not matching with   Allport Haulier value is not matching with   Allport Haulier value is not matching with   Allport Haulier value is not matching with   Allport Haulier value is not matching with   Allport Haulier value is not matching with   Allport Haulier value is not matching with   Allport Haulier value is not matching with   Allport Haulier value is not matching with   Allport Haulier value is not matching with   Allport Haulier value is not matching with   Allport Haulier value is not matching with   Allport Haulier value is not matching with   Allport Haulier value is not matching with   Allport Haulier value is not matching with   Allport Haulier value is not matching with   Allport Haulier value is not matching with   Allport Haulier value is not matching with   Allport Haulier value is not matching with   Allport Haulier value is not matching with   Allport Haulier value is not matching with   Allport Haulier value is not matching with   Allport Haulier value is not matching with   Allport Haulier value is not matching with   Allport Haulier value is not matching with   Allport Haulier value is not matching with   Allport Haulier value is not matching with   Allport Haulier value is not matching with   Allport Haulier value is not matching with   Allport Haulier value is not matching with   Allport Haulier value is not matching with   Allport Haulier value is not matching with   Allport Haulier value is not matching with   Allport Haulier value is not matching with   Allport Haulier value is not matching with   Allport Haulier value is not matching with   Allport Haulier value is not matching with   Allport Haulier value is not matching with   Allport Haulier value is not matching with   Allport Haulier value is not matching with   Allport Haulier value is not matching with   Allport Haulier value is not matching with   Allport Haulier value is not matching with   Allport Haulier value is not matching with  *****  expected [true] but found [false]
	at com.lima.test.AdjunoLIMADeliveryBookingTest.test_20_verifyHaulierValue(AdjunoLIMADeliveryBookingTest.java:1081)
... Removed 26 stack frames]]>
    </failure>
  </testcase> <!-- test_20_verifyHaulierValue -->
  <testcase name="test_21_verifyLoadingValue" time="142.98" classname="com.lima.test.AdjunoLIMADeliveryBookingTest">
    <failure type="java.lang.AssertionError" message="The following asserts failed:
	***** Test ID:21-   AIR Loading value is not matching with FULL LOAD  AIR Loading value is not matching with CY/CY  AIR Loading value is not matching with CY/CY  AIR Loading value is not matching with CFS/CY  AIR Loading value is not matching with CY/CY  AIR Loading value is not matching with CFS/CY  AIR Loading value is not matching with CFS/CY  AIR Loading value is not matching with CFS/CY  AIR Loading value is not matching with CFS/CY  AIR Loading value is not matching with CFS/CY  AIR Loading value is not matching with CFS/CY  AIR Loading value is not matching with CY/CY  AIR Loading value is not matching with CY/CY  AIR Loading value is not matching with CY/CY  AIR Loading value is not matching with CFS/CY  AIR Loading value is not matching with CY/CY  AIR Loading value is not matching with CFS/CFS  AIR Loading value is not matching with CFS/CFS  AIR Loading value is not matching with CFS/CFS  AIR Loading value is not matching with CFS/CFS  AIR Loading value is not matching with CFS/CFS  AIR Loading value is not matching with CFS/CY  AIR Loading value is not matching with CY/CY  AIR Loading value is not matching with CY/CY  AIR Loading value is not matching with CY/CY  AIR Loading value is not matching with CY/CY  AIR Loading value is not matching with CFS/CY  AIR Loading value is not matching with CFS/CY  AIR Loading value is not matching with CY/CY  AIR Loading value is not matching with CFS/CFS  AIR Loading value is not matching with CFS/CFS  AIR Loading value is not matching with CFS/CFS  AIR Loading value is not matching with CFS/CFS  AIR Loading value is not matching with CFS/CFS  AIR Loading value is not matching with CFS/CY  AIR Loading value is not matching with CFS/CY  AIR Loading value is not matching with CFS/CY  AIR Loading value is not matching with CFS/CY  AIR Loading value is not matching with CY/CY  AIR Loading value is not matching with CY/CY  AIR Loading value is not matching with CFS/CY  AIR Loading value is not matching with CFS/CY  AIR Loading value is not matching with CFS/CFS  AIR Loading value is not matching with CFS/CY  AIR Loading value is not matching with CFS/CFS  AIR Loading value is not matching with CFS/CY  AIR Loading value is not matching with CY/CY  AIR Loading value is not matching with CY/CY  AIR Loading value is not matching with CY/CY  AIR Loading value is not matching with CY/CY  AIR Loading value is not matching with CFS/CY  AIR Loading value is not matching with CFS/CY  AIR Loading value is not matching with CFS/CY  AIR Loading value is not matching with CY/CY  AIR Loading value is not matching with CY/CY  AIR Loading value is not matching with CY/CY  AIR Loading value is not matching with CFS/CY  AIR Loading value is not matching with CY/CY  AIR Loading value is not matching with CY/CY  AIR Loading value is not matching with CFS/CY  AIR Loading value is not matching with CFS/CY  AIR Loading value is not matching with CFS/CY  AIR Loading value is not matching with CFS/CY  AIR Loading value is not matching with CY/CY  AIR Loading value is not matching with CY/CY  AIR Loading value is not matching with CY/CY  AIR Loading value is not matching with CY/CY  AIR Loading value is not matching with CY/CY  AIR Loading value is not matching with CY/CY  AIR Loading value is not matching with CFS/CFS  AIR Loading value is not matching with CFS/CFS  AIR Loading value is not matching with CFS/CFS  AIR Loading value is not matching with CFS/CFS  AIR Loading value is not matching with CFS/CY  AIR Loading value is not matching with CY/CY  AIR Loading value is not matching with CY/CY  AIR Loading value is not matching with CY/CY  AIR Loading value is not matching with CFS/CFS  AIR Loading value is not matching with CFS/CFS  AIR Loading value is not matching with CFS/CFS  AIR Loading value is not matching with CFS/CFS  AIR Loading value is not matching with CFS/CFS *****  expected [true] but found [false]">
      <![CDATA[java.lang.AssertionError: The following asserts failed:
	***** Test ID:21-   AIR Loading value is not matching with FULL LOAD  AIR Loading value is not matching with CY/CY  AIR Loading value is not matching with CY/CY  AIR Loading value is not matching with CFS/CY  AIR Loading value is not matching with CY/CY  AIR Loading value is not matching with CFS/CY  AIR Loading value is not matching with CFS/CY  AIR Loading value is not matching with CFS/CY  AIR Loading value is not matching with CFS/CY  AIR Loading value is not matching with CFS/CY  AIR Loading value is not matching with CFS/CY  AIR Loading value is not matching with CY/CY  AIR Loading value is not matching with CY/CY  AIR Loading value is not matching with CY/CY  AIR Loading value is not matching with CFS/CY  AIR Loading value is not matching with CY/CY  AIR Loading value is not matching with CFS/CFS  AIR Loading value is not matching with CFS/CFS  AIR Loading value is not matching with CFS/CFS  AIR Loading value is not matching with CFS/CFS  AIR Loading value is not matching with CFS/CFS  AIR Loading value is not matching with CFS/CY  AIR Loading value is not matching with CY/CY  AIR Loading value is not matching with CY/CY  AIR Loading value is not matching with CY/CY  AIR Loading value is not matching with CY/CY  AIR Loading value is not matching with CFS/CY  AIR Loading value is not matching with CFS/CY  AIR Loading value is not matching with CY/CY  AIR Loading value is not matching with CFS/CFS  AIR Loading value is not matching with CFS/CFS  AIR Loading value is not matching with CFS/CFS  AIR Loading value is not matching with CFS/CFS  AIR Loading value is not matching with CFS/CFS  AIR Loading value is not matching with CFS/CY  AIR Loading value is not matching with CFS/CY  AIR Loading value is not matching with CFS/CY  AIR Loading value is not matching with CFS/CY  AIR Loading value is not matching with CY/CY  AIR Loading value is not matching with CY/CY  AIR Loading value is not matching with CFS/CY  AIR Loading value is not matching with CFS/CY  AIR Loading value is not matching with CFS/CFS  AIR Loading value is not matching with CFS/CY  AIR Loading value is not matching with CFS/CFS  AIR Loading value is not matching with CFS/CY  AIR Loading value is not matching with CY/CY  AIR Loading value is not matching with CY/CY  AIR Loading value is not matching with CY/CY  AIR Loading value is not matching with CY/CY  AIR Loading value is not matching with CFS/CY  AIR Loading value is not matching with CFS/CY  AIR Loading value is not matching with CFS/CY  AIR Loading value is not matching with CY/CY  AIR Loading value is not matching with CY/CY  AIR Loading value is not matching with CY/CY  AIR Loading value is not matching with CFS/CY  AIR Loading value is not matching with CY/CY  AIR Loading value is not matching with CY/CY  AIR Loading value is not matching with CFS/CY  AIR Loading value is not matching with CFS/CY  AIR Loading value is not matching with CFS/CY  AIR Loading value is not matching with CFS/CY  AIR Loading value is not matching with CY/CY  AIR Loading value is not matching with CY/CY  AIR Loading value is not matching with CY/CY  AIR Loading value is not matching with CY/CY  AIR Loading value is not matching with CY/CY  AIR Loading value is not matching with CY/CY  AIR Loading value is not matching with CFS/CFS  AIR Loading value is not matching with CFS/CFS  AIR Loading value is not matching with CFS/CFS  AIR Loading value is not matching with CFS/CFS  AIR Loading value is not matching with CFS/CY  AIR Loading value is not matching with CY/CY  AIR Loading value is not matching with CY/CY  AIR Loading value is not matching with CY/CY  AIR Loading value is not matching with CFS/CFS  AIR Loading value is not matching with CFS/CFS  AIR Loading value is not matching with CFS/CFS  AIR Loading value is not matching with CFS/CFS  AIR Loading value is not matching with CFS/CFS *****  expected [true] but found [false]
	at com.lima.test.AdjunoLIMADeliveryBookingTest.test_21_verifyLoadingValue(AdjunoLIMADeliveryBookingTest.java:1138)
... Removed 26 stack frames]]>
    </failure>
  </testcase> <!-- test_21_verifyLoadingValue -->
  <testcase name="test_22_verifyModeValue" time="118.12" classname="com.lima.test.AdjunoLIMADeliveryBookingTest"/>
</testsuite> <!-- Delivery Booking -->
