<?xml version="1.0" encoding="UTF-8"?>
<!-- Generated by org.testng.reporters.JUnitXMLReporter -->
<testsuite hostname="LAPTOP-L9I71BEA" name="Freight Payment" tests="26" failures="1" timestamp="5 Feb 2018 08:06:36 GMT" time="846.72" errors="0">
  <testcase name="test_Scn_5_TcNo_1_AccessFreightPayments" time="13.692" classname="com.lima.test.AdjunoLIMAFreightPaymentsTest"/>
  <testcase name="test_Scn_6_TcNo_1_EnterOneSearchCriteria" time="44.685" classname="com.lima.test.AdjunoLIMAFreightPaymentsTest"/>
  <testcase name="test_Scn_6_TcNo_2_EnterMultipleSearchCriteria" time="14.6" classname="com.lima.test.AdjunoLIMAFreightPaymentsTest"/>
  <testcase name="test_Scn_7_TcNo_4_VerifySearchCreteria" time="30.839" classname="com.lima.test.AdjunoLIMAFreightPaymentsTest"/>
  <testcase name="test_Scn_7_TcNo_5_VerifyUpdatePage" time="19.432" classname="com.lima.test.AdjunoLIMAFreightPaymentsTest"/>
  <testcase name="test_Scn_8_TcNo_2_VerifyChevrons" time="11.936" classname="com.lima.test.AdjunoLIMAFreightPaymentsTest"/>
  <testcase name="test_Scn_8_TcNo_3_VerifySearchFields" time="3.0" classname="com.lima.test.AdjunoLIMAFreightPaymentsTest"/>
  <testcase name="test_Scn_8_TcNo_4_VerifyUpdateOneContainer" time="35.504" classname="com.lima.test.AdjunoLIMAFreightPaymentsTest"/>
  <testcase name="test_Scn_8_TcNo_5_VerifyUpdatePageGrids" time="9.206" classname="com.lima.test.AdjunoLIMAFreightPaymentsTest"/>
  <testcase name="test_Scn_8_TcNo_6_UpdateFields" time="18.153" classname="com.lima.test.AdjunoLIMAFreightPaymentsTest"/>
  <testcase name="test_Scn_8_TcNo_7_VerifyRateCard" time="5.583" classname="com.lima.test.AdjunoLIMAFreightPaymentsTest"/>
  <testcase name="test_Scn_8_TcNo_8_VerifyAddRowFunctionInRateCard" time="10.59" classname="com.lima.test.AdjunoLIMAFreightPaymentsTest"/>
  <testcase name="test_Scn_8_TcNo_9_VerifyDeleteRowFunctionInRateCard" time="2.719" classname="com.lima.test.AdjunoLIMAFreightPaymentsTest"/>
  <testcase name="test_Scn_8_TcNo_10_VerifyCancelButtonFunction" time="2.641" classname="com.lima.test.AdjunoLIMAFreightPaymentsTest"/>
  <testcase name="test_Scn_8_TcNo_11_VerifyOKButtonFunction" time="16.616" classname="com.lima.test.AdjunoLIMAFreightPaymentsTest"/>
  <testcase name="test_Scn_9_TcNo_12_VerifyAuthorisationProcess" time="14.969" classname="com.lima.test.AdjunoLIMAFreightPaymentsTest"/>
  <testcase name="test_Scn_8_TcNo_13_VerifyAuthorisedContainerInSearchPage" time="28.2" classname="com.lima.test.AdjunoLIMAFreightPaymentsTest">
    <failure type="java.lang.AssertionError" message="The following asserts failed:
	*****test_Scn_8_TcNo_13_Updated Container is not displayed under Authorised Status in Select Chevron***** expected [true] but found [false]">
      <![CDATA[java.lang.AssertionError: The following asserts failed:
	*****test_Scn_8_TcNo_13_Updated Container is not displayed under Authorised Status in Select Chevron***** expected [true] but found [false]
	at com.lima.test.AdjunoLIMAFreightPaymentsTest.test_Scn_8_TcNo_13_VerifyAuthorisedContainerInSearchPage(AdjunoLIMAFreightPaymentsTest.java:662)
... Removed 26 stack frames]]>
    </failure>
  </testcase> <!-- test_Scn_8_TcNo_13_VerifyAuthorisedContainerInSearchPage -->
  <testcase name="test_Scn_8_TcNo_23_VerifyTheRatePopUpAfterSelectionACY_CYShipment" time="68.946" classname="com.lima.test.AdjunoLIMAFreightPaymentsTest"/>
  <testcase name="test_Scn_9_TcNo_1_VerifyTheProjectedValuebySelectingaSingleShipmentCYCY" time="71.835" classname="com.lima.test.AdjunoLIMAFreightPaymentsTest"/>
  <testcase name="Test_Scn1_TCNo_1_VerifyFreightPaymentsConfigurationPageDisplayed" time="104.051" classname="com.lima.test.AdjunoLIMAFreightPaymentsTest"/>
  <testcase name="Test_Scn1_TCNo_2_VerifyGridsInFreightPaymentsConfigurationPage" time="0.625" classname="com.lima.test.AdjunoLIMAFreightPaymentsTest"/>
  <testcase name="Test_Scn2_TcNo_1_SetChargesByCarrierGridFields" time="82.156" classname="com.lima.test.AdjunoLIMAFreightPaymentsTest"/>
  <testcase name="Test_Scn2_TcNo_2_VerifyChargeByCarrierGridFieldsAreConfigurable" time="87.766" classname="com.lima.test.AdjunoLIMAFreightPaymentsTest"/>
  <testcase name="Test_Scn2_TcNo_4_VerifyDeleteRowButtonInChargeByCarrierGrid" time="18.704" classname="com.lima.test.AdjunoLIMAFreightPaymentsTest"/>
  <testcase name="Test_Scn3_TcNo1_VerifyConfigurableFieldsInInvoiceDueGrid" time="72.13" classname="com.lima.test.AdjunoLIMAFreightPaymentsTest"/>
  <testcase name="Test_Scn_3_TcNo_4_VerifyDeleteButtonInInvoiceDueGrid" time="17.279" classname="com.lima.test.AdjunoLIMAFreightPaymentsTest"/>
</testsuite> <!-- Freight Payment -->
