<?xml version="1.0" encoding="UTF-8"?>
<!-- Generated by org.testng.reporters.JUnitXMLReporter -->
<testsuite hostname="LAPTOP-L9I71BEA" name="POConfirmation" tests="33" failures="0" timestamp="5 Feb 2018 06:34:16 GMT" time="701.297" errors="0">
  <testcase name="test_1_AccessPoConfirmation" time="27.773" classname="com.lima.test.AdjunoLIMAPoConfirmationTest"/>
  <testcase name="test_1_checkForChevorons" time="0.969" classname="com.lima.test.AdjunoLIMAPoConfirmationTest"/>
  <testcase name="test_1_checkFortxtfields" time="3.031" classname="com.lima.test.AdjunoLIMAPoConfirmationTest"/>
  <testcase name="test_2_verifyConfirmationStatusMandatory" time="2.582" classname="com.lima.test.AdjunoLIMAPoConfirmationTest"/>
  <testcase name="test_3_verifyIncorrectmsg" time="26.102" classname="com.lima.test.AdjunoLIMAPoConfirmationTest"/>
  <testcase name="test_4_verifyStatusForConfirmationStatusAny" time="19.068" classname="com.lima.test.AdjunoLIMAPoConfirmationTest"/>
  <testcase name="test_5_clickSearchtab" time="11.328" classname="com.lima.test.AdjunoLIMAPoConfirmationTest"/>
  <testcase name="test_4_verifyStatusForAny" time="41.326" classname="com.lima.test.AdjunoLIMAPoConfirmationTest"/>
  <testcase name="test_5_clickSearchtab1" time="11.125" classname="com.lima.test.AdjunoLIMAPoConfirmationTest"/>
  <testcase name="test_6_verifyStatusForPending" time="20.45" classname="com.lima.test.AdjunoLIMAPoConfirmationTest"/>
  <testcase name="test_7_clickSearchtab2" time="11.097" classname="com.lima.test.AdjunoLIMAPoConfirmationTest"/>
  <testcase name="test_8_verifyStatusForConfirmed" time="32.288" classname="com.lima.test.AdjunoLIMAPoConfirmationTest"/>
  <testcase name="test_9_verifyStatusForUnderQuery" time="42.018" classname="com.lima.test.AdjunoLIMAPoConfirmationTest"/>
  <testcase name="test_10_11_12_verifyPoConfirmationCheveron" time="46.55" classname="com.lima.test.AdjunoLIMAPoConfirmationTest"/>
  <testcase name="test_13_verifyCaptionsProductDetails" time="4.547" classname="com.lima.test.AdjunoLIMAPoConfirmationTest"/>
  <testcase name="test_14_ComparePurchaseOrderStatus" time="1.469" classname="com.lima.test.AdjunoLIMAPoConfirmationTest"/>
  <testcase name="verifyCaptionsPurchaseOrderDetails" time="1.75" classname="com.lima.test.AdjunoLIMAPoConfirmationTest"/>
  <testcase name="test_15_verifyMandatoryFieldComment" time="21.971" classname="com.lima.test.AdjunoLIMAPoConfirmationTest"/>
  <testcase name="test_16_verifyCompleteprocess" time="24.265" classname="com.lima.test.AdjunoLIMAPoConfirmationTest"/>
  <testcase name="test_17_verifyViewDetails" time="3.972" classname="com.lima.test.AdjunoLIMAPoConfirmationTest"/>
  <testcase name="test_18_AccessEdit" time="48.732" classname="com.lima.test.AdjunoLIMAPoConfirmationTest"/>
  <testcase name="test_19_verifyPOStatus" time="42.357" classname="com.lima.test.AdjunoLIMAPoConfirmationTest"/>
  <testcase name="test_20_verifyStatusColumnasPOQuery" time="0.531" classname="com.lima.test.AdjunoLIMAPoConfirmationTest"/>
  <testcase name="test_21_VerifyStatusforPoNumberasPOQuery" time="22.212" classname="com.lima.test.AdjunoLIMAPoConfirmationTest"/>
  <testcase name="test_22_23_verifyPoConfirmationCheveron" time="45.681" classname="com.lima.test.AdjunoLIMAPoConfirmationTest"/>
  <testcase name="test_24_verifyCaptionsProductDetails" time="4.251" classname="com.lima.test.AdjunoLIMAPoConfirmationTest"/>
  <testcase name="test_25_ComparePurchaseOrderStatus" time="1.531" classname="com.lima.test.AdjunoLIMAPoConfirmationTest"/>
  <testcase name="test_26_verifyCompleteprocessStatusConfirmed" time="23.142" classname="com.lima.test.AdjunoLIMAPoConfirmationTest"/>
  <testcase name="test_27_verifyViewDetailsStatusConfirmed" time="4.064" classname="com.lima.test.AdjunoLIMAPoConfirmationTest"/>
  <testcase name="test_28_AccessEditStatusConfirmed" time="46.678" classname="com.lima.test.AdjunoLIMAPoConfirmationTest"/>
  <testcase name="test_29_verifyPOStatusValue" time="40.664" classname="com.lima.test.AdjunoLIMAPoConfirmationTest"/>
  <testcase name="test_30_verifyStatusColumnasPOConfirmed" time="0.703" classname="com.lima.test.AdjunoLIMAPoConfirmationTest"/>
  <testcase name="test_31_VerifyStatusforPoNumberasPOConfirmed" time="22.823" classname="com.lima.test.AdjunoLIMAPoConfirmationTest"/>
</testsuite> <!-- POConfirmation -->
