<?xml version="1.0" encoding="UTF-8"?>
<!-- Generated by org.testng.reporters.JUnitXMLReporter -->
<testsuite hostname="LAPTOP-L9I71BEA" name="Tarriff" tests="83" failures="24" timestamp="5 Feb 2018 09:57:08 GMT" time="4987.446" errors="0">
  <testcase name="deleteFilesInDownLoads" time="0.009" classname="com.lima.test.AdjunoLIMATariffTest"/>
  <testcase name="test_LIMA_TARR_SF_001_CheckForTariffPage" time="23.567" classname="com.lima.test.AdjunoLIMATariffTest"/>
  <testcase name="test_LIMA_TARR_SF_002_ViewSeaFreightTariffHistoryResults" time="15.03" classname="com.lima.test.AdjunoLIMATariffTest"/>
  <testcase name="test_LIMA_TARR_SF_003_CheckPagination" time="10.393" classname="com.lima.test.AdjunoLIMATariffTest"/>
  <testcase name="test_LIMA_TARR_SF_004_CheckViewTarifflink" time="32.606" classname="com.lima.test.AdjunoLIMATariffTest"/>
  <testcase name="test_LIMA_TARR_SF_006_CheckDownloadSeaFreightTemplateLink" time="44.109" classname="com.lima.test.AdjunoLIMATariffTest"/>
  <testcase name="test_LIMA_TARR_SF_007_VerifySeaFreightTariffTabsFCLFreightCostsGrid" time="55.368" classname="com.lima.test.AdjunoLIMATariffTest"/>
  <testcase name="test_LIMA_TARR_SF_008_VerifySeaFreightTariffTabsFCLFreightCostsGOHCostsGrid" time="9.128" classname="com.lima.test.AdjunoLIMATariffTest"/>
  <testcase name="test_LIMA_TARR_SF_009_VerifySeaFreightTariffTabsFCLFreightCostsAdditionalFreightCostsGridGrid" time="5.638" classname="com.lima.test.AdjunoLIMATariffTest"/>
  <testcase name="test_LIMA_TARR_SF_010_VerifySeaFreightTariffTabsFCLFreightCostsCommentsGrid" time="0.313" classname="com.lima.test.AdjunoLIMATariffTest"/>
  <testcase name="test_LIMA_TARR_SF_011_VerifySeaFreightTariffTabsFCLLandsideCostsFCLDestinationLandsideCosts" time="5.25" classname="com.lima.test.AdjunoLIMATariffTest"/>
  <testcase name="test_LIMA_TARR_SF_012_VerifySeaFreightTariffTabsFCLLandsideCostsFCLOriginLandsideCosts" time="4.024" classname="com.lima.test.AdjunoLIMATariffTest"/>
  <testcase name="test_LIMA_TARR_SF_013_VerifySeaFreightTariffTabsFCLHaulageCosts" time="4.813" classname="com.lima.test.AdjunoLIMATariffTest"/>
  <testcase name="test_LIMA_TARR_SF_014_VerifySeaFreightTariffTabsFCLHaulageCostsAdditionalHaulageCosts" time="5.368" classname="com.lima.test.AdjunoLIMATariffTest"/>
  <testcase name="test_LIMA_TARR_SF_015_VerifySeaFreightTariffTabsFCLHaulageCostsDemurrageandStorageCosts" time="5.178" classname="com.lima.test.AdjunoLIMATariffTest"/>
  <testcase name="test_LIMA_TARR_SF_016_VerifySeaFreightTariffTabsFCLHaulageCostsComments" time="0.282" classname="com.lima.test.AdjunoLIMATariffTest"/>
  <testcase name="test_LIMA_TARR_SF_017_VerifySeaFreightTariffTabsLCLFreightCosts" time="4.75" classname="com.lima.test.AdjunoLIMATariffTest"/>
  <testcase name="test_LIMA_TARR_SF_018_VerifySeaFreightTariffTabsLCLFreightCostsAdditionalLCLFreightCosts" time="5.735" classname="com.lima.test.AdjunoLIMATariffTest"/>
  <testcase name="test_LIMA_TARR_SF_017_VerifySeaFreightTariffTabsLCLFreightCostsComments" time="0.36" classname="com.lima.test.AdjunoLIMATariffTest"/>
  <testcase name="test_LIMA_TARR_SF_020_VerifySeaFreightTariffTabsLCLLandsideCosts" time="5.25" classname="com.lima.test.AdjunoLIMATariffTest"/>
  <testcase name="test_LIMA_TARR_SF_021_VerifySeaFreightTariffTabsLCLHaulageCosts" time="3.36" classname="com.lima.test.AdjunoLIMATariffTest"/>
  <testcase name="test_LIMA_TARR_SF_022_VerifySeaFreightTariffTabsLCLHaulageCostsLCLStorageCosts" time="3.203" classname="com.lima.test.AdjunoLIMATariffTest"/>
  <testcase name="test_LIMA_TARR_SF_023_VerifySeaFreightTariffTabsLCLHaulageCostsComments" time="0.329" classname="com.lima.test.AdjunoLIMATariffTest"/>
  <testcase name="test_LIMA_TARR_SF_024_VerifySeaFreightTariffTabsLCLHaulageCostsLCLStorageCosts" time="2.379" classname="com.lima.test.AdjunoLIMATariffTest"/>
  <testcase name="test_LIMA_TARR_SF_025_SeaFreight_CreateNewTariff_UpdateanExistingTariff_AddANewRowOnFCLFreightCostGrid" time="116.561" classname="com.lima.test.AdjunoLIMATariffTest"/>
  <testcase name="test_LIMA_TARR_SF_026_FCLFreightCost_MandatoryFieldCheck" time="4.048" classname="com.lima.test.AdjunoLIMATariffTest">
    <failure type="org.openqa.selenium.WebDriverException" message="window.ArenaForms.LIMA_TariffTool is undefined
Command duration or timeout: 2.05 seconds
Build info: version: &amp;apos;2.53.1&amp;apos;, revision: &amp;apos;a36b8b1&amp;apos;, time: &amp;apos;2016-06-30 17:32:46&amp;apos;
System info: host: &amp;apos;LAPTOP-L9I71BEA&amp;apos;, ip: &amp;apos;192.168.1.16&amp;apos;, os.name: &amp;apos;Windows 10&amp;apos;, os.arch: &amp;apos;amd64&amp;apos;, os.version: &amp;apos;10.0&amp;apos;, java.version: &amp;apos;1.8.0_121&amp;apos;
Driver info: org.openqa.selenium.firefox.FirefoxDriver
Capabilities [{applicationCacheEnabled=true, rotatable=false, handlesAlerts=true, databaseEnabled=true, version=47.0.1, platform=WINDOWS, nativeEvents=false, acceptSslCerts=true, webStorageEnabled=true, locationContextEnabled=true, browserName=firefox, takesScreenshot=true, javascriptEnabled=true, cssSelectorsEnabled=true}]
Session ID: 70c956a4-a547-4fe8-954b-84fd68d30354">
      <![CDATA[org.openqa.selenium.WebDriverException: window.ArenaForms.LIMA_TariffTool is undefined
Command duration or timeout: 2.05 seconds
Build info: version: '2.53.1', revision: 'a36b8b1', time: '2016-06-30 17:32:46'
System info: host: 'LAPTOP-L9I71BEA', ip: '192.168.1.16', os.name: 'Windows 10', os.arch: 'amd64', os.version: '10.0', java.version: '1.8.0_121'
Driver info: org.openqa.selenium.firefox.FirefoxDriver
Capabilities [{applicationCacheEnabled=true, rotatable=false, handlesAlerts=true, databaseEnabled=true, version=47.0.1, platform=WINDOWS, nativeEvents=false, acceptSslCerts=true, webStorageEnabled=true, locationContextEnabled=true, browserName=firefox, takesScreenshot=true, javascriptEnabled=true, cssSelectorsEnabled=true}]
Session ID: 70c956a4-a547-4fe8-954b-84fd68d30354
	at org.openqa.selenium.remote.ErrorHandler.createThrowable(ErrorHandler.java:206)
	at org.openqa.selenium.remote.ErrorHandler.throwIfResponseFailed(ErrorHandler.java:158)
	at org.openqa.selenium.remote.RemoteWebDriver.execute(RemoteWebDriver.java:678)
	at org.openqa.selenium.remote.RemoteWebDriver.executeScript(RemoteWebDriver.java:577)
	at com.lima.library.AdjunoUILibrary.getElement(AdjunoUILibrary.java:91)
	at com.lima.pagefactory.AdjunoLIMATariffPOM.clickButton(AdjunoLIMATariffPOM.java:773)
	at com.lima.test.AdjunoLIMATariffTest.test_LIMA_TARR_SF_026_FCLFreightCost_MandatoryFieldCheck(AdjunoLIMATariffTest.java:965)
Caused by: org.openqa.selenium.WebDriverException: window.ArenaForms.LIMA_TariffTool is undefined
Build info: version: '2.53.1', revision: 'a36b8b1', time: '2016-06-30 17:32:46'
System info: host: 'LAPTOP-L9I71BEA', ip: '192.168.1.16', os.name: 'Windows 10', os.arch: 'amd64', os.version: '10.0', java.version: '1.8.0_121'
Driver info: driver.version: unknown
	at <anonymous class>.anonymous(https://uat-lima46.adjuno.com/default.aspx?Guid=496e676e3ca949c8bf7287125e0b2854&MenuId=&Action=ToolDraw&ActionOption=Tariff%20&Reference=ACTIVITYLIMAUAT46_00842&Option=Seafreight line 69 > Function:1)
	at <anonymous class>.handleEvaluateEvent(https://uat-lima46.adjuno.com/default.aspx?Guid=496e676e3ca949c8bf7287125e0b2854&MenuId=&Action=ToolDraw&ActionOption=Tariff%20&Reference=ACTIVITYLIMAUAT46_00842&Option=Seafreight:69)
... Removed 28 stack frames]]>
    </failure>
  </testcase> <!-- test_LIMA_TARR_SF_026_FCLFreightCost_MandatoryFieldCheck -->
  <testcase name="test_LIMA_TARR_SF_027_FCLFreightCostsGOHCostsMandatoryFieldCheck" time="0.125" classname="com.lima.test.AdjunoLIMATariffTest">
    <failure type="org.openqa.selenium.WebDriverException" message="window.ArenaForms.LIMA_Tariff_Seafreight is undefined
Command duration or timeout: 125 milliseconds
Build info: version: &amp;apos;2.53.1&amp;apos;, revision: &amp;apos;a36b8b1&amp;apos;, time: &amp;apos;2016-06-30 17:32:46&amp;apos;
System info: host: &amp;apos;LAPTOP-L9I71BEA&amp;apos;, ip: &amp;apos;192.168.1.16&amp;apos;, os.name: &amp;apos;Windows 10&amp;apos;, os.arch: &amp;apos;amd64&amp;apos;, os.version: &amp;apos;10.0&amp;apos;, java.version: &amp;apos;1.8.0_121&amp;apos;
Driver info: org.openqa.selenium.firefox.FirefoxDriver
Capabilities [{applicationCacheEnabled=true, rotatable=false, handlesAlerts=true, databaseEnabled=true, version=47.0.1, platform=WINDOWS, nativeEvents=false, acceptSslCerts=true, webStorageEnabled=true, locationContextEnabled=true, browserName=firefox, takesScreenshot=true, javascriptEnabled=true, cssSelectorsEnabled=true}]
Session ID: 70c956a4-a547-4fe8-954b-84fd68d30354">
      <![CDATA[org.openqa.selenium.WebDriverException: window.ArenaForms.LIMA_Tariff_Seafreight is undefined
Command duration or timeout: 125 milliseconds
Build info: version: '2.53.1', revision: 'a36b8b1', time: '2016-06-30 17:32:46'
System info: host: 'LAPTOP-L9I71BEA', ip: '192.168.1.16', os.name: 'Windows 10', os.arch: 'amd64', os.version: '10.0', java.version: '1.8.0_121'
Driver info: org.openqa.selenium.firefox.FirefoxDriver
Capabilities [{applicationCacheEnabled=true, rotatable=false, handlesAlerts=true, databaseEnabled=true, version=47.0.1, platform=WINDOWS, nativeEvents=false, acceptSslCerts=true, webStorageEnabled=true, locationContextEnabled=true, browserName=firefox, takesScreenshot=true, javascriptEnabled=true, cssSelectorsEnabled=true}]
Session ID: 70c956a4-a547-4fe8-954b-84fd68d30354
	at org.openqa.selenium.remote.ErrorHandler.createThrowable(ErrorHandler.java:206)
	at org.openqa.selenium.remote.ErrorHandler.throwIfResponseFailed(ErrorHandler.java:158)
	at org.openqa.selenium.remote.RemoteWebDriver.execute(RemoteWebDriver.java:678)
	at org.openqa.selenium.remote.RemoteWebDriver.executeScript(RemoteWebDriver.java:577)
	at com.lima.library.AdjunoUILibrary.getNoOfRowsGrid(AdjunoUILibrary.java:181)
	at com.lima.pagefactory.AdjunoLIMATariffPOM.getNoOfRowsGrid(AdjunoLIMATariffPOM.java:566)
	at com.lima.test.AdjunoLIMATariffTest.test_LIMA_TARR_SF_027_FCLFreightCostsGOHCostsMandatoryFieldCheck(AdjunoLIMATariffTest.java:1094)
Caused by: org.openqa.selenium.WebDriverException: window.ArenaForms.LIMA_Tariff_Seafreight is undefined
Build info: version: '2.53.1', revision: 'a36b8b1', time: '2016-06-30 17:32:46'
System info: host: 'LAPTOP-L9I71BEA', ip: '192.168.1.16', os.name: 'Windows 10', os.arch: 'amd64', os.version: '10.0', java.version: '1.8.0_121'
Driver info: driver.version: unknown
	at <anonymous class>.anonymous(https://uat-lima46.adjuno.com/default.aspx?Guid=496e676e3ca949c8bf7287125e0b2854&MenuId=&Action=ToolDraw&ActionOption=Tariff%20&Reference=ACTIVITYLIMAUAT46_00842&Option=Seafreight line 69 > Function:1)
	at <anonymous class>.handleEvaluateEvent(https://uat-lima46.adjuno.com/default.aspx?Guid=496e676e3ca949c8bf7287125e0b2854&MenuId=&Action=ToolDraw&ActionOption=Tariff%20&Reference=ACTIVITYLIMAUAT46_00842&Option=Seafreight:69)
... Removed 28 stack frames]]>
    </failure>
  </testcase> <!-- test_LIMA_TARR_SF_027_FCLFreightCostsGOHCostsMandatoryFieldCheck -->
  <testcase name="test_LIMA_TARR_SF_030_FCLFreightCostsAdditionalFreightCostsMandatoryFieldCheck" time="0.281" classname="com.lima.test.AdjunoLIMATariffTest">
    <failure type="org.openqa.selenium.WebDriverException" message="window.ArenaForms.LIMA_Tariff_Seafreight is undefined
Command duration or timeout: 281 milliseconds
Build info: version: &amp;apos;2.53.1&amp;apos;, revision: &amp;apos;a36b8b1&amp;apos;, time: &amp;apos;2016-06-30 17:32:46&amp;apos;
System info: host: &amp;apos;LAPTOP-L9I71BEA&amp;apos;, ip: &amp;apos;192.168.1.16&amp;apos;, os.name: &amp;apos;Windows 10&amp;apos;, os.arch: &amp;apos;amd64&amp;apos;, os.version: &amp;apos;10.0&amp;apos;, java.version: &amp;apos;1.8.0_121&amp;apos;
Driver info: org.openqa.selenium.firefox.FirefoxDriver
Capabilities [{applicationCacheEnabled=true, rotatable=false, handlesAlerts=true, databaseEnabled=true, version=47.0.1, platform=WINDOWS, nativeEvents=false, acceptSslCerts=true, webStorageEnabled=true, locationContextEnabled=true, browserName=firefox, takesScreenshot=true, javascriptEnabled=true, cssSelectorsEnabled=true}]
Session ID: 70c956a4-a547-4fe8-954b-84fd68d30354">
      <![CDATA[org.openqa.selenium.WebDriverException: window.ArenaForms.LIMA_Tariff_Seafreight is undefined
Command duration or timeout: 281 milliseconds
Build info: version: '2.53.1', revision: 'a36b8b1', time: '2016-06-30 17:32:46'
System info: host: 'LAPTOP-L9I71BEA', ip: '192.168.1.16', os.name: 'Windows 10', os.arch: 'amd64', os.version: '10.0', java.version: '1.8.0_121'
Driver info: org.openqa.selenium.firefox.FirefoxDriver
Capabilities [{applicationCacheEnabled=true, rotatable=false, handlesAlerts=true, databaseEnabled=true, version=47.0.1, platform=WINDOWS, nativeEvents=false, acceptSslCerts=true, webStorageEnabled=true, locationContextEnabled=true, browserName=firefox, takesScreenshot=true, javascriptEnabled=true, cssSelectorsEnabled=true}]
Session ID: 70c956a4-a547-4fe8-954b-84fd68d30354
	at org.openqa.selenium.remote.ErrorHandler.createThrowable(ErrorHandler.java:206)
	at org.openqa.selenium.remote.ErrorHandler.throwIfResponseFailed(ErrorHandler.java:158)
	at org.openqa.selenium.remote.RemoteWebDriver.execute(RemoteWebDriver.java:678)
	at org.openqa.selenium.remote.RemoteWebDriver.executeScript(RemoteWebDriver.java:577)
	at com.lima.library.AdjunoUILibrary.getNoOfRowsGrid(AdjunoUILibrary.java:181)
	at com.lima.pagefactory.AdjunoLIMATariffPOM.getNoOfRowsGrid(AdjunoLIMATariffPOM.java:566)
	at com.lima.test.AdjunoLIMATariffTest.test_LIMA_TARR_SF_030_FCLFreightCostsAdditionalFreightCostsMandatoryFieldCheck(AdjunoLIMATariffTest.java:1164)
Caused by: org.openqa.selenium.WebDriverException: window.ArenaForms.LIMA_Tariff_Seafreight is undefined
Build info: version: '2.53.1', revision: 'a36b8b1', time: '2016-06-30 17:32:46'
System info: host: 'LAPTOP-L9I71BEA', ip: '192.168.1.16', os.name: 'Windows 10', os.arch: 'amd64', os.version: '10.0', java.version: '1.8.0_121'
Driver info: driver.version: unknown
	at <anonymous class>.anonymous(https://uat-lima46.adjuno.com/default.aspx?Guid=496e676e3ca949c8bf7287125e0b2854&MenuId=&Action=ToolDraw&ActionOption=Tariff%20&Reference=ACTIVITYLIMAUAT46_00842&Option=Seafreight line 69 > Function:1)
	at <anonymous class>.handleEvaluateEvent(https://uat-lima46.adjuno.com/default.aspx?Guid=496e676e3ca949c8bf7287125e0b2854&MenuId=&Action=ToolDraw&ActionOption=Tariff%20&Reference=ACTIVITYLIMAUAT46_00842&Option=Seafreight:69)
... Removed 28 stack frames]]>
    </failure>
  </testcase> <!-- test_LIMA_TARR_SF_030_FCLFreightCostsAdditionalFreightCostsMandatoryFieldCheck -->
  <testcase name="test_LIMA_TARR_SF_031_FCLLandsideCostsFCLDestinationLandsideCosts_MandatoryFieldCheck" time="0.125" classname="com.lima.test.AdjunoLIMATariffTest">
    <failure type="org.openqa.selenium.WebDriverException" message="window.ArenaForms.LIMA_Tariff_Seafreight is undefined
Command duration or timeout: 125 milliseconds
Build info: version: &amp;apos;2.53.1&amp;apos;, revision: &amp;apos;a36b8b1&amp;apos;, time: &amp;apos;2016-06-30 17:32:46&amp;apos;
System info: host: &amp;apos;LAPTOP-L9I71BEA&amp;apos;, ip: &amp;apos;192.168.1.16&amp;apos;, os.name: &amp;apos;Windows 10&amp;apos;, os.arch: &amp;apos;amd64&amp;apos;, os.version: &amp;apos;10.0&amp;apos;, java.version: &amp;apos;1.8.0_121&amp;apos;
Driver info: org.openqa.selenium.firefox.FirefoxDriver
Capabilities [{applicationCacheEnabled=true, rotatable=false, handlesAlerts=true, databaseEnabled=true, version=47.0.1, platform=WINDOWS, nativeEvents=false, acceptSslCerts=true, webStorageEnabled=true, locationContextEnabled=true, browserName=firefox, takesScreenshot=true, javascriptEnabled=true, cssSelectorsEnabled=true}]
Session ID: 70c956a4-a547-4fe8-954b-84fd68d30354">
      <![CDATA[org.openqa.selenium.WebDriverException: window.ArenaForms.LIMA_Tariff_Seafreight is undefined
Command duration or timeout: 125 milliseconds
Build info: version: '2.53.1', revision: 'a36b8b1', time: '2016-06-30 17:32:46'
System info: host: 'LAPTOP-L9I71BEA', ip: '192.168.1.16', os.name: 'Windows 10', os.arch: 'amd64', os.version: '10.0', java.version: '1.8.0_121'
Driver info: org.openqa.selenium.firefox.FirefoxDriver
Capabilities [{applicationCacheEnabled=true, rotatable=false, handlesAlerts=true, databaseEnabled=true, version=47.0.1, platform=WINDOWS, nativeEvents=false, acceptSslCerts=true, webStorageEnabled=true, locationContextEnabled=true, browserName=firefox, takesScreenshot=true, javascriptEnabled=true, cssSelectorsEnabled=true}]
Session ID: 70c956a4-a547-4fe8-954b-84fd68d30354
	at org.openqa.selenium.remote.ErrorHandler.createThrowable(ErrorHandler.java:206)
	at org.openqa.selenium.remote.ErrorHandler.throwIfResponseFailed(ErrorHandler.java:158)
	at org.openqa.selenium.remote.RemoteWebDriver.execute(RemoteWebDriver.java:678)
	at org.openqa.selenium.remote.RemoteWebDriver.executeScript(RemoteWebDriver.java:577)
	at com.lima.library.AdjunoUILibrary.clickTabToMakeItActive(AdjunoUILibrary.java:425)
	at com.lima.pagefactory.AdjunoLIMATariffPOM.clickTab(AdjunoLIMATariffPOM.java:711)
	at com.lima.test.AdjunoLIMATariffTest.test_LIMA_TARR_SF_031_FCLLandsideCostsFCLDestinationLandsideCosts_MandatoryFieldCheck(AdjunoLIMATariffTest.java:1295)
Caused by: org.openqa.selenium.WebDriverException: window.ArenaForms.LIMA_Tariff_Seafreight is undefined
Build info: version: '2.53.1', revision: 'a36b8b1', time: '2016-06-30 17:32:46'
System info: host: 'LAPTOP-L9I71BEA', ip: '192.168.1.16', os.name: 'Windows 10', os.arch: 'amd64', os.version: '10.0', java.version: '1.8.0_121'
Driver info: driver.version: unknown
	at <anonymous class>.anonymous(https://uat-lima46.adjuno.com/default.aspx?Guid=496e676e3ca949c8bf7287125e0b2854&MenuId=&Action=ToolDraw&ActionOption=Tariff%20&Reference=ACTIVITYLIMAUAT46_00842&Option=Seafreight line 69 > Function:1)
	at <anonymous class>.handleEvaluateEvent(https://uat-lima46.adjuno.com/default.aspx?Guid=496e676e3ca949c8bf7287125e0b2854&MenuId=&Action=ToolDraw&ActionOption=Tariff%20&Reference=ACTIVITYLIMAUAT46_00842&Option=Seafreight:69)
... Removed 28 stack frames]]>
    </failure>
  </testcase> <!-- test_LIMA_TARR_SF_031_FCLLandsideCostsFCLDestinationLandsideCosts_MandatoryFieldCheck -->
  <testcase name="test_LIMA_TARR_SF_032_FCLLandsideCostsOriginLandsideCostsMandatoryFieldCheck" time="0.094" classname="com.lima.test.AdjunoLIMATariffTest">
    <failure type="org.openqa.selenium.WebDriverException" message="window.ArenaForms.LIMA_Tariff_Seafreight is undefined
Command duration or timeout: 94 milliseconds
Build info: version: &amp;apos;2.53.1&amp;apos;, revision: &amp;apos;a36b8b1&amp;apos;, time: &amp;apos;2016-06-30 17:32:46&amp;apos;
System info: host: &amp;apos;LAPTOP-L9I71BEA&amp;apos;, ip: &amp;apos;192.168.1.16&amp;apos;, os.name: &amp;apos;Windows 10&amp;apos;, os.arch: &amp;apos;amd64&amp;apos;, os.version: &amp;apos;10.0&amp;apos;, java.version: &amp;apos;1.8.0_121&amp;apos;
Driver info: org.openqa.selenium.firefox.FirefoxDriver
Capabilities [{applicationCacheEnabled=true, rotatable=false, handlesAlerts=true, databaseEnabled=true, version=47.0.1, platform=WINDOWS, nativeEvents=false, acceptSslCerts=true, webStorageEnabled=true, locationContextEnabled=true, browserName=firefox, takesScreenshot=true, javascriptEnabled=true, cssSelectorsEnabled=true}]
Session ID: 70c956a4-a547-4fe8-954b-84fd68d30354">
      <![CDATA[org.openqa.selenium.WebDriverException: window.ArenaForms.LIMA_Tariff_Seafreight is undefined
Command duration or timeout: 94 milliseconds
Build info: version: '2.53.1', revision: 'a36b8b1', time: '2016-06-30 17:32:46'
System info: host: 'LAPTOP-L9I71BEA', ip: '192.168.1.16', os.name: 'Windows 10', os.arch: 'amd64', os.version: '10.0', java.version: '1.8.0_121'
Driver info: org.openqa.selenium.firefox.FirefoxDriver
Capabilities [{applicationCacheEnabled=true, rotatable=false, handlesAlerts=true, databaseEnabled=true, version=47.0.1, platform=WINDOWS, nativeEvents=false, acceptSslCerts=true, webStorageEnabled=true, locationContextEnabled=true, browserName=firefox, takesScreenshot=true, javascriptEnabled=true, cssSelectorsEnabled=true}]
Session ID: 70c956a4-a547-4fe8-954b-84fd68d30354
	at org.openqa.selenium.remote.ErrorHandler.createThrowable(ErrorHandler.java:206)
	at org.openqa.selenium.remote.ErrorHandler.throwIfResponseFailed(ErrorHandler.java:158)
	at org.openqa.selenium.remote.RemoteWebDriver.execute(RemoteWebDriver.java:678)
	at org.openqa.selenium.remote.RemoteWebDriver.executeScript(RemoteWebDriver.java:577)
	at com.lima.library.AdjunoUILibrary.getElement(AdjunoUILibrary.java:91)
	at com.lima.pagefactory.AdjunoLIMATariffPOM.checkDoesElementExist(AdjunoLIMATariffPOM.java:502)
	at com.lima.test.AdjunoLIMATariffTest.test_LIMA_TARR_SF_032_FCLLandsideCostsOriginLandsideCostsMandatoryFieldCheck(AdjunoLIMATariffTest.java:1415)
Caused by: org.openqa.selenium.WebDriverException: window.ArenaForms.LIMA_Tariff_Seafreight is undefined
Build info: version: '2.53.1', revision: 'a36b8b1', time: '2016-06-30 17:32:46'
System info: host: 'LAPTOP-L9I71BEA', ip: '192.168.1.16', os.name: 'Windows 10', os.arch: 'amd64', os.version: '10.0', java.version: '1.8.0_121'
Driver info: driver.version: unknown
	at <anonymous class>.anonymous(https://uat-lima46.adjuno.com/default.aspx?Guid=496e676e3ca949c8bf7287125e0b2854&MenuId=&Action=ToolDraw&ActionOption=Tariff%20&Reference=ACTIVITYLIMAUAT46_00842&Option=Seafreight line 69 > Function:1)
	at <anonymous class>.handleEvaluateEvent(https://uat-lima46.adjuno.com/default.aspx?Guid=496e676e3ca949c8bf7287125e0b2854&MenuId=&Action=ToolDraw&ActionOption=Tariff%20&Reference=ACTIVITYLIMAUAT46_00842&Option=Seafreight:69)
... Removed 28 stack frames]]>
    </failure>
  </testcase> <!-- test_LIMA_TARR_SF_032_FCLLandsideCostsOriginLandsideCostsMandatoryFieldCheck -->
  <testcase name="test_LIMA_TARR_SF_033_FCLHaulageCostsMandatoryFieldCheck" time="0.093" classname="com.lima.test.AdjunoLIMATariffTest">
    <failure type="org.openqa.selenium.WebDriverException" message="window.ArenaForms.LIMA_Tariff_Seafreight is undefined
Command duration or timeout: 93 milliseconds
Build info: version: &amp;apos;2.53.1&amp;apos;, revision: &amp;apos;a36b8b1&amp;apos;, time: &amp;apos;2016-06-30 17:32:46&amp;apos;
System info: host: &amp;apos;LAPTOP-L9I71BEA&amp;apos;, ip: &amp;apos;192.168.1.16&amp;apos;, os.name: &amp;apos;Windows 10&amp;apos;, os.arch: &amp;apos;amd64&amp;apos;, os.version: &amp;apos;10.0&amp;apos;, java.version: &amp;apos;1.8.0_121&amp;apos;
Driver info: org.openqa.selenium.firefox.FirefoxDriver
Capabilities [{applicationCacheEnabled=true, rotatable=false, handlesAlerts=true, databaseEnabled=true, version=47.0.1, platform=WINDOWS, nativeEvents=false, acceptSslCerts=true, webStorageEnabled=true, locationContextEnabled=true, browserName=firefox, takesScreenshot=true, javascriptEnabled=true, cssSelectorsEnabled=true}]
Session ID: 70c956a4-a547-4fe8-954b-84fd68d30354">
      <![CDATA[org.openqa.selenium.WebDriverException: window.ArenaForms.LIMA_Tariff_Seafreight is undefined
Command duration or timeout: 93 milliseconds
Build info: version: '2.53.1', revision: 'a36b8b1', time: '2016-06-30 17:32:46'
System info: host: 'LAPTOP-L9I71BEA', ip: '192.168.1.16', os.name: 'Windows 10', os.arch: 'amd64', os.version: '10.0', java.version: '1.8.0_121'
Driver info: org.openqa.selenium.firefox.FirefoxDriver
Capabilities [{applicationCacheEnabled=true, rotatable=false, handlesAlerts=true, databaseEnabled=true, version=47.0.1, platform=WINDOWS, nativeEvents=false, acceptSslCerts=true, webStorageEnabled=true, locationContextEnabled=true, browserName=firefox, takesScreenshot=true, javascriptEnabled=true, cssSelectorsEnabled=true}]
Session ID: 70c956a4-a547-4fe8-954b-84fd68d30354
	at org.openqa.selenium.remote.ErrorHandler.createThrowable(ErrorHandler.java:206)
	at org.openqa.selenium.remote.ErrorHandler.throwIfResponseFailed(ErrorHandler.java:158)
	at org.openqa.selenium.remote.RemoteWebDriver.execute(RemoteWebDriver.java:678)
	at org.openqa.selenium.remote.RemoteWebDriver.executeScript(RemoteWebDriver.java:577)
	at com.lima.library.AdjunoUILibrary.clickTabToMakeItActive(AdjunoUILibrary.java:425)
	at com.lima.pagefactory.AdjunoLIMATariffPOM.clickTab(AdjunoLIMATariffPOM.java:711)
	at com.lima.test.AdjunoLIMATariffTest.test_LIMA_TARR_SF_033_FCLHaulageCostsMandatoryFieldCheck(AdjunoLIMATariffTest.java:1518)
Caused by: org.openqa.selenium.WebDriverException: window.ArenaForms.LIMA_Tariff_Seafreight is undefined
Build info: version: '2.53.1', revision: 'a36b8b1', time: '2016-06-30 17:32:46'
System info: host: 'LAPTOP-L9I71BEA', ip: '192.168.1.16', os.name: 'Windows 10', os.arch: 'amd64', os.version: '10.0', java.version: '1.8.0_121'
Driver info: driver.version: unknown
	at <anonymous class>.anonymous(https://uat-lima46.adjuno.com/default.aspx?Guid=496e676e3ca949c8bf7287125e0b2854&MenuId=&Action=ToolDraw&ActionOption=Tariff%20&Reference=ACTIVITYLIMAUAT46_00842&Option=Seafreight line 69 > Function:1)
	at <anonymous class>.handleEvaluateEvent(https://uat-lima46.adjuno.com/default.aspx?Guid=496e676e3ca949c8bf7287125e0b2854&MenuId=&Action=ToolDraw&ActionOption=Tariff%20&Reference=ACTIVITYLIMAUAT46_00842&Option=Seafreight:69)
... Removed 28 stack frames]]>
    </failure>
  </testcase> <!-- test_LIMA_TARR_SF_033_FCLHaulageCostsMandatoryFieldCheck -->
  <testcase name="test_LIMA_TARR_SF_034_AdditionalHaulageCosts_MandatoryFieldCheck" time="0.11" classname="com.lima.test.AdjunoLIMATariffTest">
    <failure type="org.openqa.selenium.WebDriverException" message="window.ArenaForms.LIMA_Tariff_Seafreight is undefined
Command duration or timeout: 110 milliseconds
Build info: version: &amp;apos;2.53.1&amp;apos;, revision: &amp;apos;a36b8b1&amp;apos;, time: &amp;apos;2016-06-30 17:32:46&amp;apos;
System info: host: &amp;apos;LAPTOP-L9I71BEA&amp;apos;, ip: &amp;apos;192.168.1.16&amp;apos;, os.name: &amp;apos;Windows 10&amp;apos;, os.arch: &amp;apos;amd64&amp;apos;, os.version: &amp;apos;10.0&amp;apos;, java.version: &amp;apos;1.8.0_121&amp;apos;
Driver info: org.openqa.selenium.firefox.FirefoxDriver
Capabilities [{applicationCacheEnabled=true, rotatable=false, handlesAlerts=true, databaseEnabled=true, version=47.0.1, platform=WINDOWS, nativeEvents=false, acceptSslCerts=true, webStorageEnabled=true, locationContextEnabled=true, browserName=firefox, takesScreenshot=true, javascriptEnabled=true, cssSelectorsEnabled=true}]
Session ID: 70c956a4-a547-4fe8-954b-84fd68d30354">
      <![CDATA[org.openqa.selenium.WebDriverException: window.ArenaForms.LIMA_Tariff_Seafreight is undefined
Command duration or timeout: 110 milliseconds
Build info: version: '2.53.1', revision: 'a36b8b1', time: '2016-06-30 17:32:46'
System info: host: 'LAPTOP-L9I71BEA', ip: '192.168.1.16', os.name: 'Windows 10', os.arch: 'amd64', os.version: '10.0', java.version: '1.8.0_121'
Driver info: org.openqa.selenium.firefox.FirefoxDriver
Capabilities [{applicationCacheEnabled=true, rotatable=false, handlesAlerts=true, databaseEnabled=true, version=47.0.1, platform=WINDOWS, nativeEvents=false, acceptSslCerts=true, webStorageEnabled=true, locationContextEnabled=true, browserName=firefox, takesScreenshot=true, javascriptEnabled=true, cssSelectorsEnabled=true}]
Session ID: 70c956a4-a547-4fe8-954b-84fd68d30354
	at org.openqa.selenium.remote.ErrorHandler.createThrowable(ErrorHandler.java:206)
	at org.openqa.selenium.remote.ErrorHandler.throwIfResponseFailed(ErrorHandler.java:158)
	at org.openqa.selenium.remote.RemoteWebDriver.execute(RemoteWebDriver.java:678)
	at org.openqa.selenium.remote.RemoteWebDriver.executeScript(RemoteWebDriver.java:577)
	at com.lima.library.AdjunoUILibrary.clickTabToMakeItActive(AdjunoUILibrary.java:425)
	at com.lima.pagefactory.AdjunoLIMATariffPOM.clickTab(AdjunoLIMATariffPOM.java:711)
	at com.lima.test.AdjunoLIMATariffTest.test_LIMA_TARR_SF_034_AdditionalHaulageCosts_MandatoryFieldCheck(AdjunoLIMATariffTest.java:1637)
Caused by: org.openqa.selenium.WebDriverException: window.ArenaForms.LIMA_Tariff_Seafreight is undefined
Build info: version: '2.53.1', revision: 'a36b8b1', time: '2016-06-30 17:32:46'
System info: host: 'LAPTOP-L9I71BEA', ip: '192.168.1.16', os.name: 'Windows 10', os.arch: 'amd64', os.version: '10.0', java.version: '1.8.0_121'
Driver info: driver.version: unknown
	at <anonymous class>.anonymous(https://uat-lima46.adjuno.com/default.aspx?Guid=496e676e3ca949c8bf7287125e0b2854&MenuId=&Action=ToolDraw&ActionOption=Tariff%20&Reference=ACTIVITYLIMAUAT46_00842&Option=Seafreight line 69 > Function:1)
	at <anonymous class>.handleEvaluateEvent(https://uat-lima46.adjuno.com/default.aspx?Guid=496e676e3ca949c8bf7287125e0b2854&MenuId=&Action=ToolDraw&ActionOption=Tariff%20&Reference=ACTIVITYLIMAUAT46_00842&Option=Seafreight:69)
... Removed 28 stack frames]]>
    </failure>
  </testcase> <!-- test_LIMA_TARR_SF_034_AdditionalHaulageCosts_MandatoryFieldCheck -->
  <testcase name="test_LIMA_TARR_SF_035_DemurrageAndStorageCosts_MandatoryFieldCheck" time="0.14" classname="com.lima.test.AdjunoLIMATariffTest">
    <failure type="org.openqa.selenium.WebDriverException" message="window.ArenaForms.LIMA_Tariff_Seafreight is undefined
Command duration or timeout: 125 milliseconds
Build info: version: &amp;apos;2.53.1&amp;apos;, revision: &amp;apos;a36b8b1&amp;apos;, time: &amp;apos;2016-06-30 17:32:46&amp;apos;
System info: host: &amp;apos;LAPTOP-L9I71BEA&amp;apos;, ip: &amp;apos;192.168.1.16&amp;apos;, os.name: &amp;apos;Windows 10&amp;apos;, os.arch: &amp;apos;amd64&amp;apos;, os.version: &amp;apos;10.0&amp;apos;, java.version: &amp;apos;1.8.0_121&amp;apos;
Driver info: org.openqa.selenium.firefox.FirefoxDriver
Capabilities [{applicationCacheEnabled=true, rotatable=false, handlesAlerts=true, databaseEnabled=true, version=47.0.1, platform=WINDOWS, nativeEvents=false, acceptSslCerts=true, webStorageEnabled=true, locationContextEnabled=true, browserName=firefox, takesScreenshot=true, javascriptEnabled=true, cssSelectorsEnabled=true}]
Session ID: 70c956a4-a547-4fe8-954b-84fd68d30354">
      <![CDATA[org.openqa.selenium.WebDriverException: window.ArenaForms.LIMA_Tariff_Seafreight is undefined
Command duration or timeout: 125 milliseconds
Build info: version: '2.53.1', revision: 'a36b8b1', time: '2016-06-30 17:32:46'
System info: host: 'LAPTOP-L9I71BEA', ip: '192.168.1.16', os.name: 'Windows 10', os.arch: 'amd64', os.version: '10.0', java.version: '1.8.0_121'
Driver info: org.openqa.selenium.firefox.FirefoxDriver
Capabilities [{applicationCacheEnabled=true, rotatable=false, handlesAlerts=true, databaseEnabled=true, version=47.0.1, platform=WINDOWS, nativeEvents=false, acceptSslCerts=true, webStorageEnabled=true, locationContextEnabled=true, browserName=firefox, takesScreenshot=true, javascriptEnabled=true, cssSelectorsEnabled=true}]
Session ID: 70c956a4-a547-4fe8-954b-84fd68d30354
	at org.openqa.selenium.remote.ErrorHandler.createThrowable(ErrorHandler.java:206)
	at org.openqa.selenium.remote.ErrorHandler.throwIfResponseFailed(ErrorHandler.java:158)
	at org.openqa.selenium.remote.RemoteWebDriver.execute(RemoteWebDriver.java:678)
	at org.openqa.selenium.remote.RemoteWebDriver.executeScript(RemoteWebDriver.java:577)
	at com.lima.library.AdjunoUILibrary.clickTabToMakeItActive(AdjunoUILibrary.java:425)
	at com.lima.pagefactory.AdjunoLIMATariffPOM.clickTab(AdjunoLIMATariffPOM.java:711)
	at com.lima.test.AdjunoLIMATariffTest.test_LIMA_TARR_SF_035_DemurrageAndStorageCosts_MandatoryFieldCheck(AdjunoLIMATariffTest.java:1741)
Caused by: org.openqa.selenium.WebDriverException: window.ArenaForms.LIMA_Tariff_Seafreight is undefined
Build info: version: '2.53.1', revision: 'a36b8b1', time: '2016-06-30 17:32:46'
System info: host: 'LAPTOP-L9I71BEA', ip: '192.168.1.16', os.name: 'Windows 10', os.arch: 'amd64', os.version: '10.0', java.version: '1.8.0_121'
Driver info: driver.version: unknown
	at <anonymous class>.anonymous(https://uat-lima46.adjuno.com/default.aspx?Guid=496e676e3ca949c8bf7287125e0b2854&MenuId=&Action=ToolDraw&ActionOption=Tariff%20&Reference=ACTIVITYLIMAUAT46_00842&Option=Seafreight line 69 > Function:1)
	at <anonymous class>.handleEvaluateEvent(https://uat-lima46.adjuno.com/default.aspx?Guid=496e676e3ca949c8bf7287125e0b2854&MenuId=&Action=ToolDraw&ActionOption=Tariff%20&Reference=ACTIVITYLIMAUAT46_00842&Option=Seafreight:69)
... Removed 28 stack frames]]>
    </failure>
  </testcase> <!-- test_LIMA_TARR_SF_035_DemurrageAndStorageCosts_MandatoryFieldCheck -->
  <testcase name="test_LIMA_TARR_SF_036_LCLFreightCosts_MandatoryFieldCheck" time="0.125" classname="com.lima.test.AdjunoLIMATariffTest">
    <failure type="org.openqa.selenium.WebDriverException" message="window.ArenaForms.LIMA_Tariff_Seafreight is undefined
Command duration or timeout: 125 milliseconds
Build info: version: &amp;apos;2.53.1&amp;apos;, revision: &amp;apos;a36b8b1&amp;apos;, time: &amp;apos;2016-06-30 17:32:46&amp;apos;
System info: host: &amp;apos;LAPTOP-L9I71BEA&amp;apos;, ip: &amp;apos;192.168.1.16&amp;apos;, os.name: &amp;apos;Windows 10&amp;apos;, os.arch: &amp;apos;amd64&amp;apos;, os.version: &amp;apos;10.0&amp;apos;, java.version: &amp;apos;1.8.0_121&amp;apos;
Driver info: org.openqa.selenium.firefox.FirefoxDriver
Capabilities [{applicationCacheEnabled=true, rotatable=false, handlesAlerts=true, databaseEnabled=true, version=47.0.1, platform=WINDOWS, nativeEvents=false, acceptSslCerts=true, webStorageEnabled=true, locationContextEnabled=true, browserName=firefox, takesScreenshot=true, javascriptEnabled=true, cssSelectorsEnabled=true}]
Session ID: 70c956a4-a547-4fe8-954b-84fd68d30354">
      <![CDATA[org.openqa.selenium.WebDriverException: window.ArenaForms.LIMA_Tariff_Seafreight is undefined
Command duration or timeout: 125 milliseconds
Build info: version: '2.53.1', revision: 'a36b8b1', time: '2016-06-30 17:32:46'
System info: host: 'LAPTOP-L9I71BEA', ip: '192.168.1.16', os.name: 'Windows 10', os.arch: 'amd64', os.version: '10.0', java.version: '1.8.0_121'
Driver info: org.openqa.selenium.firefox.FirefoxDriver
Capabilities [{applicationCacheEnabled=true, rotatable=false, handlesAlerts=true, databaseEnabled=true, version=47.0.1, platform=WINDOWS, nativeEvents=false, acceptSslCerts=true, webStorageEnabled=true, locationContextEnabled=true, browserName=firefox, takesScreenshot=true, javascriptEnabled=true, cssSelectorsEnabled=true}]
Session ID: 70c956a4-a547-4fe8-954b-84fd68d30354
	at org.openqa.selenium.remote.ErrorHandler.createThrowable(ErrorHandler.java:206)
	at org.openqa.selenium.remote.ErrorHandler.throwIfResponseFailed(ErrorHandler.java:158)
	at org.openqa.selenium.remote.RemoteWebDriver.execute(RemoteWebDriver.java:678)
	at org.openqa.selenium.remote.RemoteWebDriver.executeScript(RemoteWebDriver.java:577)
	at com.lima.library.AdjunoUILibrary.clickTabToMakeItActive(AdjunoUILibrary.java:425)
	at com.lima.pagefactory.AdjunoLIMATariffPOM.clickTab(AdjunoLIMATariffPOM.java:711)
	at com.lima.test.AdjunoLIMATariffTest.test_LIMA_TARR_SF_036_LCLFreightCosts_MandatoryFieldCheck(AdjunoLIMATariffTest.java:1783)
Caused by: org.openqa.selenium.WebDriverException: window.ArenaForms.LIMA_Tariff_Seafreight is undefined
Build info: version: '2.53.1', revision: 'a36b8b1', time: '2016-06-30 17:32:46'
System info: host: 'LAPTOP-L9I71BEA', ip: '192.168.1.16', os.name: 'Windows 10', os.arch: 'amd64', os.version: '10.0', java.version: '1.8.0_121'
Driver info: driver.version: unknown
	at <anonymous class>.anonymous(https://uat-lima46.adjuno.com/default.aspx?Guid=496e676e3ca949c8bf7287125e0b2854&MenuId=&Action=ToolDraw&ActionOption=Tariff%20&Reference=ACTIVITYLIMAUAT46_00842&Option=Seafreight line 69 > Function:1)
	at <anonymous class>.handleEvaluateEvent(https://uat-lima46.adjuno.com/default.aspx?Guid=496e676e3ca949c8bf7287125e0b2854&MenuId=&Action=ToolDraw&ActionOption=Tariff%20&Reference=ACTIVITYLIMAUAT46_00842&Option=Seafreight:69)
... Removed 28 stack frames]]>
    </failure>
  </testcase> <!-- test_LIMA_TARR_SF_036_LCLFreightCosts_MandatoryFieldCheck -->
  <testcase name="test_LIMA_TARR_SF_037_AdditionalLCLFreightCosts_MandatoryFieldCheck" time="0.125" classname="com.lima.test.AdjunoLIMATariffTest">
    <failure type="org.openqa.selenium.WebDriverException" message="window.ArenaForms.LIMA_Tariff_Seafreight is undefined
Command duration or timeout: 125 milliseconds
Build info: version: &amp;apos;2.53.1&amp;apos;, revision: &amp;apos;a36b8b1&amp;apos;, time: &amp;apos;2016-06-30 17:32:46&amp;apos;
System info: host: &amp;apos;LAPTOP-L9I71BEA&amp;apos;, ip: &amp;apos;192.168.1.16&amp;apos;, os.name: &amp;apos;Windows 10&amp;apos;, os.arch: &amp;apos;amd64&amp;apos;, os.version: &amp;apos;10.0&amp;apos;, java.version: &amp;apos;1.8.0_121&amp;apos;
Driver info: org.openqa.selenium.firefox.FirefoxDriver
Capabilities [{applicationCacheEnabled=true, rotatable=false, handlesAlerts=true, databaseEnabled=true, version=47.0.1, platform=WINDOWS, nativeEvents=false, acceptSslCerts=true, webStorageEnabled=true, locationContextEnabled=true, browserName=firefox, takesScreenshot=true, javascriptEnabled=true, cssSelectorsEnabled=true}]
Session ID: 70c956a4-a547-4fe8-954b-84fd68d30354">
      <![CDATA[org.openqa.selenium.WebDriverException: window.ArenaForms.LIMA_Tariff_Seafreight is undefined
Command duration or timeout: 125 milliseconds
Build info: version: '2.53.1', revision: 'a36b8b1', time: '2016-06-30 17:32:46'
System info: host: 'LAPTOP-L9I71BEA', ip: '192.168.1.16', os.name: 'Windows 10', os.arch: 'amd64', os.version: '10.0', java.version: '1.8.0_121'
Driver info: org.openqa.selenium.firefox.FirefoxDriver
Capabilities [{applicationCacheEnabled=true, rotatable=false, handlesAlerts=true, databaseEnabled=true, version=47.0.1, platform=WINDOWS, nativeEvents=false, acceptSslCerts=true, webStorageEnabled=true, locationContextEnabled=true, browserName=firefox, takesScreenshot=true, javascriptEnabled=true, cssSelectorsEnabled=true}]
Session ID: 70c956a4-a547-4fe8-954b-84fd68d30354
	at org.openqa.selenium.remote.ErrorHandler.createThrowable(ErrorHandler.java:206)
	at org.openqa.selenium.remote.ErrorHandler.throwIfResponseFailed(ErrorHandler.java:158)
	at org.openqa.selenium.remote.RemoteWebDriver.execute(RemoteWebDriver.java:678)
	at org.openqa.selenium.remote.RemoteWebDriver.executeScript(RemoteWebDriver.java:577)
	at com.lima.library.AdjunoUILibrary.clickTabToMakeItActive(AdjunoUILibrary.java:425)
	at com.lima.pagefactory.AdjunoLIMATariffPOM.clickTab(AdjunoLIMATariffPOM.java:711)
	at com.lima.test.AdjunoLIMATariffTest.test_LIMA_TARR_SF_037_AdditionalLCLFreightCosts_MandatoryFieldCheck(AdjunoLIMATariffTest.java:1886)
Caused by: org.openqa.selenium.WebDriverException: window.ArenaForms.LIMA_Tariff_Seafreight is undefined
Build info: version: '2.53.1', revision: 'a36b8b1', time: '2016-06-30 17:32:46'
System info: host: 'LAPTOP-L9I71BEA', ip: '192.168.1.16', os.name: 'Windows 10', os.arch: 'amd64', os.version: '10.0', java.version: '1.8.0_121'
Driver info: driver.version: unknown
	at <anonymous class>.anonymous(https://uat-lima46.adjuno.com/default.aspx?Guid=496e676e3ca949c8bf7287125e0b2854&MenuId=&Action=ToolDraw&ActionOption=Tariff%20&Reference=ACTIVITYLIMAUAT46_00842&Option=Seafreight line 69 > Function:1)
	at <anonymous class>.handleEvaluateEvent(https://uat-lima46.adjuno.com/default.aspx?Guid=496e676e3ca949c8bf7287125e0b2854&MenuId=&Action=ToolDraw&ActionOption=Tariff%20&Reference=ACTIVITYLIMAUAT46_00842&Option=Seafreight:69)
... Removed 28 stack frames]]>
    </failure>
  </testcase> <!-- test_LIMA_TARR_SF_037_AdditionalLCLFreightCosts_MandatoryFieldCheck -->
  <testcase name="test_LIMA_TARR_SF_038_LCLLandSideCosts_MandatoryFieldCheck" time="0.125" classname="com.lima.test.AdjunoLIMATariffTest">
    <failure type="org.openqa.selenium.WebDriverException" message="window.ArenaForms.LIMA_Tariff_Seafreight is undefined
Command duration or timeout: 125 milliseconds
Build info: version: &amp;apos;2.53.1&amp;apos;, revision: &amp;apos;a36b8b1&amp;apos;, time: &amp;apos;2016-06-30 17:32:46&amp;apos;
System info: host: &amp;apos;LAPTOP-L9I71BEA&amp;apos;, ip: &amp;apos;192.168.1.16&amp;apos;, os.name: &amp;apos;Windows 10&amp;apos;, os.arch: &amp;apos;amd64&amp;apos;, os.version: &amp;apos;10.0&amp;apos;, java.version: &amp;apos;1.8.0_121&amp;apos;
Driver info: org.openqa.selenium.firefox.FirefoxDriver
Capabilities [{applicationCacheEnabled=true, rotatable=false, handlesAlerts=true, databaseEnabled=true, version=47.0.1, platform=WINDOWS, nativeEvents=false, acceptSslCerts=true, webStorageEnabled=true, locationContextEnabled=true, browserName=firefox, takesScreenshot=true, javascriptEnabled=true, cssSelectorsEnabled=true}]
Session ID: 70c956a4-a547-4fe8-954b-84fd68d30354">
      <![CDATA[org.openqa.selenium.WebDriverException: window.ArenaForms.LIMA_Tariff_Seafreight is undefined
Command duration or timeout: 125 milliseconds
Build info: version: '2.53.1', revision: 'a36b8b1', time: '2016-06-30 17:32:46'
System info: host: 'LAPTOP-L9I71BEA', ip: '192.168.1.16', os.name: 'Windows 10', os.arch: 'amd64', os.version: '10.0', java.version: '1.8.0_121'
Driver info: org.openqa.selenium.firefox.FirefoxDriver
Capabilities [{applicationCacheEnabled=true, rotatable=false, handlesAlerts=true, databaseEnabled=true, version=47.0.1, platform=WINDOWS, nativeEvents=false, acceptSslCerts=true, webStorageEnabled=true, locationContextEnabled=true, browserName=firefox, takesScreenshot=true, javascriptEnabled=true, cssSelectorsEnabled=true}]
Session ID: 70c956a4-a547-4fe8-954b-84fd68d30354
	at org.openqa.selenium.remote.ErrorHandler.createThrowable(ErrorHandler.java:206)
	at org.openqa.selenium.remote.ErrorHandler.throwIfResponseFailed(ErrorHandler.java:158)
	at org.openqa.selenium.remote.RemoteWebDriver.execute(RemoteWebDriver.java:678)
	at org.openqa.selenium.remote.RemoteWebDriver.executeScript(RemoteWebDriver.java:577)
	at com.lima.library.AdjunoUILibrary.clickTabToMakeItActive(AdjunoUILibrary.java:425)
	at com.lima.pagefactory.AdjunoLIMATariffPOM.clickTab(AdjunoLIMATariffPOM.java:711)
	at com.lima.test.AdjunoLIMATariffTest.test_LIMA_TARR_SF_038_LCLLandSideCosts_MandatoryFieldCheck(AdjunoLIMATariffTest.java:2044)
Caused by: org.openqa.selenium.WebDriverException: window.ArenaForms.LIMA_Tariff_Seafreight is undefined
Build info: version: '2.53.1', revision: 'a36b8b1', time: '2016-06-30 17:32:46'
System info: host: 'LAPTOP-L9I71BEA', ip: '192.168.1.16', os.name: 'Windows 10', os.arch: 'amd64', os.version: '10.0', java.version: '1.8.0_121'
Driver info: driver.version: unknown
	at <anonymous class>.anonymous(https://uat-lima46.adjuno.com/default.aspx?Guid=496e676e3ca949c8bf7287125e0b2854&MenuId=&Action=ToolDraw&ActionOption=Tariff%20&Reference=ACTIVITYLIMAUAT46_00842&Option=Seafreight line 69 > Function:1)
	at <anonymous class>.handleEvaluateEvent(https://uat-lima46.adjuno.com/default.aspx?Guid=496e676e3ca949c8bf7287125e0b2854&MenuId=&Action=ToolDraw&ActionOption=Tariff%20&Reference=ACTIVITYLIMAUAT46_00842&Option=Seafreight:69)
... Removed 28 stack frames]]>
    </failure>
  </testcase> <!-- test_LIMA_TARR_SF_038_LCLLandSideCosts_MandatoryFieldCheck -->
  <testcase name="test_LIMA_TARR_SF_039_LCLHaulageCosts_MandatoryFieldCheck" time="0.141" classname="com.lima.test.AdjunoLIMATariffTest">
    <failure type="org.openqa.selenium.WebDriverException" message="window.ArenaForms.LIMA_Tariff_Seafreight is undefined
Command duration or timeout: 141 milliseconds
Build info: version: &amp;apos;2.53.1&amp;apos;, revision: &amp;apos;a36b8b1&amp;apos;, time: &amp;apos;2016-06-30 17:32:46&amp;apos;
System info: host: &amp;apos;LAPTOP-L9I71BEA&amp;apos;, ip: &amp;apos;192.168.1.16&amp;apos;, os.name: &amp;apos;Windows 10&amp;apos;, os.arch: &amp;apos;amd64&amp;apos;, os.version: &amp;apos;10.0&amp;apos;, java.version: &amp;apos;1.8.0_121&amp;apos;
Driver info: org.openqa.selenium.firefox.FirefoxDriver
Capabilities [{applicationCacheEnabled=true, rotatable=false, handlesAlerts=true, databaseEnabled=true, version=47.0.1, platform=WINDOWS, nativeEvents=false, acceptSslCerts=true, webStorageEnabled=true, locationContextEnabled=true, browserName=firefox, takesScreenshot=true, javascriptEnabled=true, cssSelectorsEnabled=true}]
Session ID: 70c956a4-a547-4fe8-954b-84fd68d30354">
      <![CDATA[org.openqa.selenium.WebDriverException: window.ArenaForms.LIMA_Tariff_Seafreight is undefined
Command duration or timeout: 141 milliseconds
Build info: version: '2.53.1', revision: 'a36b8b1', time: '2016-06-30 17:32:46'
System info: host: 'LAPTOP-L9I71BEA', ip: '192.168.1.16', os.name: 'Windows 10', os.arch: 'amd64', os.version: '10.0', java.version: '1.8.0_121'
Driver info: org.openqa.selenium.firefox.FirefoxDriver
Capabilities [{applicationCacheEnabled=true, rotatable=false, handlesAlerts=true, databaseEnabled=true, version=47.0.1, platform=WINDOWS, nativeEvents=false, acceptSslCerts=true, webStorageEnabled=true, locationContextEnabled=true, browserName=firefox, takesScreenshot=true, javascriptEnabled=true, cssSelectorsEnabled=true}]
Session ID: 70c956a4-a547-4fe8-954b-84fd68d30354
	at org.openqa.selenium.remote.ErrorHandler.createThrowable(ErrorHandler.java:206)
	at org.openqa.selenium.remote.ErrorHandler.throwIfResponseFailed(ErrorHandler.java:158)
	at org.openqa.selenium.remote.RemoteWebDriver.execute(RemoteWebDriver.java:678)
	at org.openqa.selenium.remote.RemoteWebDriver.executeScript(RemoteWebDriver.java:577)
	at com.lima.library.AdjunoUILibrary.clickTabToMakeItActive(AdjunoUILibrary.java:425)
	at com.lima.pagefactory.AdjunoLIMATariffPOM.clickTab(AdjunoLIMATariffPOM.java:711)
	at com.lima.test.AdjunoLIMATariffTest.test_LIMA_TARR_SF_039_LCLHaulageCosts_MandatoryFieldCheck(AdjunoLIMATariffTest.java:2166)
Caused by: org.openqa.selenium.WebDriverException: window.ArenaForms.LIMA_Tariff_Seafreight is undefined
Build info: version: '2.53.1', revision: 'a36b8b1', time: '2016-06-30 17:32:46'
System info: host: 'LAPTOP-L9I71BEA', ip: '192.168.1.16', os.name: 'Windows 10', os.arch: 'amd64', os.version: '10.0', java.version: '1.8.0_121'
Driver info: driver.version: unknown
	at <anonymous class>.anonymous(https://uat-lima46.adjuno.com/default.aspx?Guid=496e676e3ca949c8bf7287125e0b2854&MenuId=&Action=ToolDraw&ActionOption=Tariff%20&Reference=ACTIVITYLIMAUAT46_00842&Option=Seafreight line 69 > Function:1)
	at <anonymous class>.handleEvaluateEvent(https://uat-lima46.adjuno.com/default.aspx?Guid=496e676e3ca949c8bf7287125e0b2854&MenuId=&Action=ToolDraw&ActionOption=Tariff%20&Reference=ACTIVITYLIMAUAT46_00842&Option=Seafreight:69)
... Removed 28 stack frames]]>
    </failure>
  </testcase> <!-- test_LIMA_TARR_SF_039_LCLHaulageCosts_MandatoryFieldCheck -->
  <testcase name="test_LIMA_TARR_SF_040_AmendmentMandatoryFieldCheck" time="0.156" classname="com.lima.test.AdjunoLIMATariffTest">
    <failure type="org.openqa.selenium.WebDriverException" message="window.ArenaForms.LIMA_Tariff_Seafreight is undefined
Command duration or timeout: 156 milliseconds
Build info: version: &amp;apos;2.53.1&amp;apos;, revision: &amp;apos;a36b8b1&amp;apos;, time: &amp;apos;2016-06-30 17:32:46&amp;apos;
System info: host: &amp;apos;LAPTOP-L9I71BEA&amp;apos;, ip: &amp;apos;192.168.1.16&amp;apos;, os.name: &amp;apos;Windows 10&amp;apos;, os.arch: &amp;apos;amd64&amp;apos;, os.version: &amp;apos;10.0&amp;apos;, java.version: &amp;apos;1.8.0_121&amp;apos;
Driver info: org.openqa.selenium.firefox.FirefoxDriver
Capabilities [{applicationCacheEnabled=true, rotatable=false, handlesAlerts=true, databaseEnabled=true, version=47.0.1, platform=WINDOWS, nativeEvents=false, acceptSslCerts=true, webStorageEnabled=true, locationContextEnabled=true, browserName=firefox, takesScreenshot=true, javascriptEnabled=true, cssSelectorsEnabled=true}]
Session ID: 70c956a4-a547-4fe8-954b-84fd68d30354">
      <![CDATA[org.openqa.selenium.WebDriverException: window.ArenaForms.LIMA_Tariff_Seafreight is undefined
Command duration or timeout: 156 milliseconds
Build info: version: '2.53.1', revision: 'a36b8b1', time: '2016-06-30 17:32:46'
System info: host: 'LAPTOP-L9I71BEA', ip: '192.168.1.16', os.name: 'Windows 10', os.arch: 'amd64', os.version: '10.0', java.version: '1.8.0_121'
Driver info: org.openqa.selenium.firefox.FirefoxDriver
Capabilities [{applicationCacheEnabled=true, rotatable=false, handlesAlerts=true, databaseEnabled=true, version=47.0.1, platform=WINDOWS, nativeEvents=false, acceptSslCerts=true, webStorageEnabled=true, locationContextEnabled=true, browserName=firefox, takesScreenshot=true, javascriptEnabled=true, cssSelectorsEnabled=true}]
Session ID: 70c956a4-a547-4fe8-954b-84fd68d30354
	at org.openqa.selenium.remote.ErrorHandler.createThrowable(ErrorHandler.java:206)
	at org.openqa.selenium.remote.ErrorHandler.throwIfResponseFailed(ErrorHandler.java:158)
	at org.openqa.selenium.remote.RemoteWebDriver.execute(RemoteWebDriver.java:678)
	at org.openqa.selenium.remote.RemoteWebDriver.executeScript(RemoteWebDriver.java:577)
	at com.lima.library.AdjunoUILibrary.clickTabToMakeItActive(AdjunoUILibrary.java:425)
	at com.lima.pagefactory.AdjunoLIMATariffPOM.clickTab(AdjunoLIMATariffPOM.java:711)
	at com.lima.test.AdjunoLIMATariffTest.test_LIMA_TARR_SF_040_AmendmentMandatoryFieldCheck(AdjunoLIMATariffTest.java:2292)
Caused by: org.openqa.selenium.WebDriverException: window.ArenaForms.LIMA_Tariff_Seafreight is undefined
Build info: version: '2.53.1', revision: 'a36b8b1', time: '2016-06-30 17:32:46'
System info: host: 'LAPTOP-L9I71BEA', ip: '192.168.1.16', os.name: 'Windows 10', os.arch: 'amd64', os.version: '10.0', java.version: '1.8.0_121'
Driver info: driver.version: unknown
	at <anonymous class>.anonymous(https://uat-lima46.adjuno.com/default.aspx?Guid=496e676e3ca949c8bf7287125e0b2854&MenuId=&Action=ToolDraw&ActionOption=Tariff%20&Reference=ACTIVITYLIMAUAT46_00842&Option=Seafreight line 69 > Function:1)
	at <anonymous class>.handleEvaluateEvent(https://uat-lima46.adjuno.com/default.aspx?Guid=496e676e3ca949c8bf7287125e0b2854&MenuId=&Action=ToolDraw&ActionOption=Tariff%20&Reference=ACTIVITYLIMAUAT46_00842&Option=Seafreight:69)
... Removed 28 stack frames]]>
    </failure>
  </testcase> <!-- test_LIMA_TARR_SF_040_AmendmentMandatoryFieldCheck -->
  <testcase name="test_LIMA_TARR_AF_001_CheckForTariffPage" time="11.545" classname="com.lima.test.AdjunoLIMATariffTest"/>
  <testcase name="test_LIMA_TARR_AF_002_ViewAirFreightTariffHistoryResults" time="9.19" classname="com.lima.test.AdjunoLIMATariffTest"/>
  <testcase name="test_LIMA_TARR_AF_003_CheckPagination" time="7.438" classname="com.lima.test.AdjunoLIMATariffTest"/>
  <testcase name="test_LIMA_TARR_AF_004_CheckViewTarifflink" time="35.142" classname="com.lima.test.AdjunoLIMATariffTest"/>
  <testcase name="test_LIMA_TARR_AF_006_CheckDownloadAirFreightTemplateLink" time="25.13" classname="com.lima.test.AdjunoLIMATariffTest"/>
  <testcase name="test_LIMA_TARR_AF_007_VerifyAirFreightTariffTabs_AirFreightCosts_AirEcoAirRates" time="33.573" classname="com.lima.test.AdjunoLIMATariffTest">
    <failure type="org.openqa.selenium.WebDriverException" message="window.ArenaForms.LIMA_Tariff_Airfreight is undefined
Command duration or timeout: 5.97 seconds
Build info: version: &amp;apos;2.53.1&amp;apos;, revision: &amp;apos;a36b8b1&amp;apos;, time: &amp;apos;2016-06-30 17:32:46&amp;apos;
System info: host: &amp;apos;LAPTOP-L9I71BEA&amp;apos;, ip: &amp;apos;192.168.1.16&amp;apos;, os.name: &amp;apos;Windows 10&amp;apos;, os.arch: &amp;apos;amd64&amp;apos;, os.version: &amp;apos;10.0&amp;apos;, java.version: &amp;apos;1.8.0_121&amp;apos;
Driver info: org.openqa.selenium.firefox.FirefoxDriver
Capabilities [{applicationCacheEnabled=true, rotatable=false, handlesAlerts=true, databaseEnabled=true, version=47.0.1, platform=WINDOWS, nativeEvents=false, acceptSslCerts=true, webStorageEnabled=true, locationContextEnabled=true, browserName=firefox, takesScreenshot=true, javascriptEnabled=true, cssSelectorsEnabled=true}]
Session ID: 70c956a4-a547-4fe8-954b-84fd68d30354">
      <![CDATA[org.openqa.selenium.WebDriverException: window.ArenaForms.LIMA_Tariff_Airfreight is undefined
Command duration or timeout: 5.97 seconds
Build info: version: '2.53.1', revision: 'a36b8b1', time: '2016-06-30 17:32:46'
System info: host: 'LAPTOP-L9I71BEA', ip: '192.168.1.16', os.name: 'Windows 10', os.arch: 'amd64', os.version: '10.0', java.version: '1.8.0_121'
Driver info: org.openqa.selenium.firefox.FirefoxDriver
Capabilities [{applicationCacheEnabled=true, rotatable=false, handlesAlerts=true, databaseEnabled=true, version=47.0.1, platform=WINDOWS, nativeEvents=false, acceptSslCerts=true, webStorageEnabled=true, locationContextEnabled=true, browserName=firefox, takesScreenshot=true, javascriptEnabled=true, cssSelectorsEnabled=true}]
Session ID: 70c956a4-a547-4fe8-954b-84fd68d30354
	at org.openqa.selenium.remote.ErrorHandler.createThrowable(ErrorHandler.java:206)
	at org.openqa.selenium.remote.ErrorHandler.throwIfResponseFailed(ErrorHandler.java:158)
	at org.openqa.selenium.remote.RemoteWebDriver.execute(RemoteWebDriver.java:678)
	at org.openqa.selenium.remote.RemoteWebDriver.executeScript(RemoteWebDriver.java:577)
	at com.lima.library.AdjunoUILibrary.getNoOfColumnsGrid(AdjunoUILibrary.java:191)
	at com.lima.pagefactory.AdjunoLIMATariffPOM.getCaptionsList(AdjunoLIMATariffPOM.java:522)
	at com.lima.test.AdjunoLIMATariffTest.test_LIMA_TARR_AF_007_VerifyAirFreightTariffTabs_AirFreightCosts_AirEcoAirRates(AdjunoLIMATariffTest.java:2557)
Caused by: org.openqa.selenium.WebDriverException: window.ArenaForms.LIMA_Tariff_Airfreight is undefined
Build info: version: '2.53.1', revision: 'a36b8b1', time: '2016-06-30 17:32:46'
System info: host: 'LAPTOP-L9I71BEA', ip: '192.168.1.16', os.name: 'Windows 10', os.arch: 'amd64', os.version: '10.0', java.version: '1.8.0_121'
Driver info: driver.version: unknown
	at <anonymous class>.anonymous(https://uat-lima46.adjuno.com/default.aspx?Guid=496e676e3ca949c8bf7287125e0b2854&MenuId=&Action=ToolDraw&ActionOption=Airfreight&Reference=ACTIVITYLIMAUAT46_00843&Id=&Version=2018020007&OperationType=View line 69 > Function:1)
	at <anonymous class>.handleEvaluateEvent(https://uat-lima46.adjuno.com/default.aspx?Guid=496e676e3ca949c8bf7287125e0b2854&MenuId=&Action=ToolDraw&ActionOption=Airfreight&Reference=ACTIVITYLIMAUAT46_00843&Id=&Version=2018020007&OperationType=View:69)
... Removed 28 stack frames]]>
    </failure>
  </testcase> <!-- test_LIMA_TARR_AF_007_VerifyAirFreightTariffTabs_AirFreightCosts_AirEcoAirRates -->
  <testcase name="test_LIMA_TARR_AF_008_VerifyAirFreightTariffTabs_AirFreightCosts_ExpressService" time="9.642" classname="com.lima.test.AdjunoLIMATariffTest">
    <failure type="java.lang.AssertionError" message="The following asserts failed:
	*****test_LIMA_TARR_AF_008_Step_No_2_Add Row button is not disabled in Express Service Grid***** expected [true] but found [false],
	*****test_LIMA_TARR_AF_008_Step_No_2_Delete Row button is disabled in Express Service Grid***** expected [true] but found [false]">
      <![CDATA[java.lang.AssertionError: The following asserts failed:
	*****test_LIMA_TARR_AF_008_Step_No_2_Add Row button is not disabled in Express Service Grid***** expected [true] but found [false],
	*****test_LIMA_TARR_AF_008_Step_No_2_Delete Row button is disabled in Express Service Grid***** expected [true] but found [false]
	at com.lima.test.AdjunoLIMATariffTest.test_LIMA_TARR_AF_008_VerifyAirFreightTariffTabs_AirFreightCosts_ExpressService(AdjunoLIMATariffTest.java:2584)
... Removed 26 stack frames]]>
    </failure>
  </testcase> <!-- test_LIMA_TARR_AF_008_VerifyAirFreightTariffTabs_AirFreightCosts_ExpressService -->
  <testcase name="test_LIMA_TARR_AF_009_VerifyAirFreightTariffTabs_AirFreightCosts_AirChargeComments" time="0.437" classname="com.lima.test.AdjunoLIMATariffTest">
    <failure type="java.lang.AssertionError" message="The following asserts failed:
	*****test_LIMA_TARR_AF_009_Step_No_1_Air Charge Comments field is not in Readonly mode***** expected [true] but found [false]">
      <![CDATA[java.lang.AssertionError: The following asserts failed:
	*****test_LIMA_TARR_AF_009_Step_No_1_Air Charge Comments field is not in Readonly mode***** expected [true] but found [false]
	at com.lima.test.AdjunoLIMATariffTest.test_LIMA_TARR_AF_009_VerifyAirFreightTariffTabs_AirFreightCosts_AirChargeComments(AdjunoLIMATariffTest.java:2604)
... Removed 26 stack frames]]>
    </failure>
  </testcase> <!-- test_LIMA_TARR_AF_009_VerifyAirFreightTariffTabs_AirFreightCosts_AirChargeComments -->
  <testcase name="test_LIMA_TARR_AF_010_VerifyAirFreightTariffTabsAirFreightCosts_ExpressServiceComments" time="0.281" classname="com.lima.test.AdjunoLIMATariffTest">
    <failure type="java.lang.AssertionError" message="The following asserts failed:
	*****test_LIMA_TARR_AF_010_Step_No_1_Express Services Comments field is not in Readonly mode***** expected [true] but found [false]">
      <![CDATA[java.lang.AssertionError: The following asserts failed:
	*****test_LIMA_TARR_AF_010_Step_No_1_Express Services Comments field is not in Readonly mode***** expected [true] but found [false]
	at com.lima.test.AdjunoLIMATariffTest.test_LIMA_TARR_AF_010_VerifyAirFreightTariffTabsAirFreightCosts_ExpressServiceComments(AdjunoLIMATariffTest.java:2624)
... Removed 26 stack frames]]>
    </failure>
  </testcase> <!-- test_LIMA_TARR_AF_010_VerifyAirFreightTariffTabsAirFreightCosts_ExpressServiceComments -->
  <testcase name="test_LIMA_TARR_AF_011_VerifyAirFreightTariffTabs_AirLandsideCosts_AirLandsideCostsGrid" time="5.376" classname="com.lima.test.AdjunoLIMATariffTest">
    <failure type="java.lang.AssertionError" message="The following asserts failed:
	*****test_LIMA_TARR_AF_011_Step_No_3_Add Row button is not disabled in Air Landside Cost Grid***** expected [true] but found [false],
	*****test_LIMA_TARR_AF_011_Step_No_3_Delete Row button is disabled in Air Landside Cost Grid***** expected [true] but found [false]">
      <![CDATA[java.lang.AssertionError: The following asserts failed:
	*****test_LIMA_TARR_AF_011_Step_No_3_Add Row button is not disabled in Air Landside Cost Grid***** expected [true] but found [false],
	*****test_LIMA_TARR_AF_011_Step_No_3_Delete Row button is disabled in Air Landside Cost Grid***** expected [true] but found [false]
	at com.lima.test.AdjunoLIMATariffTest.test_LIMA_TARR_AF_011_VerifyAirFreightTariffTabs_AirLandsideCosts_AirLandsideCostsGrid(AdjunoLIMATariffTest.java:2648)
... Removed 26 stack frames]]>
    </failure>
  </testcase> <!-- test_LIMA_TARR_AF_011_VerifyAirFreightTariffTabs_AirLandsideCosts_AirLandsideCostsGrid -->
  <testcase name="test_LIMA_TARR_AF_012_VerifyAirFreightTariffTabs_AirLandsideCosts_LandsideChargesCommentsGrid" time="0.328" classname="com.lima.test.AdjunoLIMATariffTest">
    <failure type="java.lang.AssertionError" message="The following asserts failed:
	*****test_LIMA_TARR_AF_012_Step_No_1_Landside Charges Comments field is not in Readonly mode***** expected [true] but found [false]">
      <![CDATA[java.lang.AssertionError: The following asserts failed:
	*****test_LIMA_TARR_AF_012_Step_No_1_Landside Charges Comments field is not in Readonly mode***** expected [true] but found [false]
	at com.lima.test.AdjunoLIMATariffTest.test_LIMA_TARR_AF_012_VerifyAirFreightTariffTabs_AirLandsideCosts_LandsideChargesCommentsGrid(AdjunoLIMATariffTest.java:2668)
... Removed 26 stack frames]]>
    </failure>
  </testcase> <!-- test_LIMA_TARR_AF_012_VerifyAirFreightTariffTabs_AirLandsideCosts_LandsideChargesCommentsGrid -->
  <testcase name="test_LIMA_TARR_AF_013_VerifyAirFreightTariffTabs_AirHaulageCosts_AirHaulageCosts" time="4.157" classname="com.lima.test.AdjunoLIMATariffTest">
    <failure type="java.lang.AssertionError" message="The following asserts failed:
	*****test_LIMA_TARR_AF_013_Step_No_2_Add Row button is not disabled in Air Haulage Cost Grid***** expected [true] but found [false],
	*****test_LIMA_TARR_AF_013_Step_No_2_Delete Row button is disabled in Air Haulage Cost Grid***** expected [true] but found [false]">
      <![CDATA[java.lang.AssertionError: The following asserts failed:
	*****test_LIMA_TARR_AF_013_Step_No_2_Add Row button is not disabled in Air Haulage Cost Grid***** expected [true] but found [false],
	*****test_LIMA_TARR_AF_013_Step_No_2_Delete Row button is disabled in Air Haulage Cost Grid***** expected [true] but found [false]
	at com.lima.test.AdjunoLIMATariffTest.test_LIMA_TARR_AF_013_VerifyAirFreightTariffTabs_AirHaulageCosts_AirHaulageCosts(AdjunoLIMATariffTest.java:2692)
... Removed 26 stack frames]]>
    </failure>
  </testcase> <!-- test_LIMA_TARR_AF_013_VerifyAirFreightTariffTabs_AirHaulageCosts_AirHaulageCosts -->
  <testcase name="test_LIMA_TARR_AF_014_VerifyAirFreightTariffTabs_AirHaulageCosts_AirStorageCosts" time="6.235" classname="com.lima.test.AdjunoLIMATariffTest">
    <failure type="java.lang.AssertionError" message="The following asserts failed:
	*****test_LIMA_TARR_AF_014_Step_No_3_Add Row button is not disabled in Air Storage Cost Grid***** expected [true] but found [false],
	*****test_LIMA_TARR_AF_014_Step_No_3_Delete Row button is disabled in Air Storage Cost Grid***** expected [true] but found [false]">
      <![CDATA[java.lang.AssertionError: The following asserts failed:
	*****test_LIMA_TARR_AF_014_Step_No_3_Add Row button is not disabled in Air Storage Cost Grid***** expected [true] but found [false],
	*****test_LIMA_TARR_AF_014_Step_No_3_Delete Row button is disabled in Air Storage Cost Grid***** expected [true] but found [false]
	at com.lima.test.AdjunoLIMATariffTest.test_LIMA_TARR_AF_014_VerifyAirFreightTariffTabs_AirHaulageCosts_AirStorageCosts(AdjunoLIMATariffTest.java:2715)
... Removed 26 stack frames]]>
    </failure>
  </testcase> <!-- test_LIMA_TARR_AF_014_VerifyAirFreightTariffTabs_AirHaulageCosts_AirStorageCosts -->
  <testcase name="test_LIMA_TARR_AF_015_VerifyAirFreightTariffTabs_AirHaulageCosts_HaulageComments" time="0.641" classname="com.lima.test.AdjunoLIMATariffTest">
    <failure type="java.lang.AssertionError" message="The following asserts failed:
	*****test_LIMA_TARR_AF_015_Step_No_1_Haulage Costs Comments field is not in Readonly mode***** expected [true] but found [false]">
      <![CDATA[java.lang.AssertionError: The following asserts failed:
	*****test_LIMA_TARR_AF_015_Step_No_1_Haulage Costs Comments field is not in Readonly mode***** expected [true] but found [false]
	at com.lima.test.AdjunoLIMATariffTest.test_LIMA_TARR_AF_015_VerifyAirFreightTariffTabs_AirHaulageCosts_HaulageComments(AdjunoLIMATariffTest.java:2735)
... Removed 26 stack frames]]>
    </failure>
  </testcase> <!-- test_LIMA_TARR_AF_015_VerifyAirFreightTariffTabs_AirHaulageCosts_HaulageComments -->
  <testcase name="test_LIMA_TARR_AF_016_VerifyAirFreightTariffTabs_AmendmentLog" time="3.828" classname="com.lima.test.AdjunoLIMATariffTest"/>
  <testcase name="test_LIMA_TARR_AF_017_AirFreight_CreateNewTariff_UpdateAnExistingTariff_AddANewRowOnAirEcoAirRatesGrid" time="88.544" classname="com.lima.test.AdjunoLIMATariffTest">
    <failure type="org.openqa.selenium.WebDriverException" message="window.ArenaForms.LIMA_Tariff_Airfreight.Controls.Grid_AirRates.getElement(...) is undefined
Command duration or timeout: 125 milliseconds
Build info: version: &amp;apos;2.53.1&amp;apos;, revision: &amp;apos;a36b8b1&amp;apos;, time: &amp;apos;2016-06-30 17:32:46&amp;apos;
System info: host: &amp;apos;LAPTOP-L9I71BEA&amp;apos;, ip: &amp;apos;192.168.1.16&amp;apos;, os.name: &amp;apos;Windows 10&amp;apos;, os.arch: &amp;apos;amd64&amp;apos;, os.version: &amp;apos;10.0&amp;apos;, java.version: &amp;apos;1.8.0_121&amp;apos;
Driver info: org.openqa.selenium.firefox.FirefoxDriver
Capabilities [{applicationCacheEnabled=true, rotatable=false, handlesAlerts=true, databaseEnabled=true, version=47.0.1, platform=WINDOWS, nativeEvents=false, acceptSslCerts=true, webStorageEnabled=true, locationContextEnabled=true, browserName=firefox, takesScreenshot=true, javascriptEnabled=true, cssSelectorsEnabled=true}]
Session ID: 70c956a4-a547-4fe8-954b-84fd68d30354">
      <![CDATA[org.openqa.selenium.WebDriverException: window.ArenaForms.LIMA_Tariff_Airfreight.Controls.Grid_AirRates.getElement(...) is undefined
Command duration or timeout: 125 milliseconds
Build info: version: '2.53.1', revision: 'a36b8b1', time: '2016-06-30 17:32:46'
System info: host: 'LAPTOP-L9I71BEA', ip: '192.168.1.16', os.name: 'Windows 10', os.arch: 'amd64', os.version: '10.0', java.version: '1.8.0_121'
Driver info: org.openqa.selenium.firefox.FirefoxDriver
Capabilities [{applicationCacheEnabled=true, rotatable=false, handlesAlerts=true, databaseEnabled=true, version=47.0.1, platform=WINDOWS, nativeEvents=false, acceptSslCerts=true, webStorageEnabled=true, locationContextEnabled=true, browserName=firefox, takesScreenshot=true, javascriptEnabled=true, cssSelectorsEnabled=true}]
Session ID: 70c956a4-a547-4fe8-954b-84fd68d30354
	at org.openqa.selenium.remote.ErrorHandler.createThrowable(ErrorHandler.java:206)
	at org.openqa.selenium.remote.ErrorHandler.throwIfResponseFailed(ErrorHandler.java:158)
	at org.openqa.selenium.remote.RemoteWebDriver.execute(RemoteWebDriver.java:678)
	at org.openqa.selenium.remote.RemoteWebDriver.executeScript(RemoteWebDriver.java:577)
	at com.lima.library.AdjunoUILibrary.getGridCellElementValue(AdjunoUILibrary.java:416)
	at com.lima.pagefactory.AdjunoLIMATariffPOM.getGridCellValue(AdjunoLIMATariffPOM.java:788)
	at com.lima.test.AdjunoLIMATariffTest.test_LIMA_TARR_AF_017_AirFreight_CreateNewTariff_UpdateAnExistingTariff_AddANewRowOnAirEcoAirRatesGrid(AdjunoLIMATariffTest.java:2832)
Caused by: org.openqa.selenium.WebDriverException: window.ArenaForms.LIMA_Tariff_Airfreight.Controls.Grid_AirRates.getElement(...) is undefined
Build info: version: '2.53.1', revision: 'a36b8b1', time: '2016-06-30 17:32:46'
System info: host: 'LAPTOP-L9I71BEA', ip: '192.168.1.16', os.name: 'Windows 10', os.arch: 'amd64', os.version: '10.0', java.version: '1.8.0_121'
Driver info: driver.version: unknown
	at <anonymous class>.anonymous(https://uat-lima46.adjuno.com/default.aspx?Guid=496e676e3ca949c8bf7287125e0b2854&MenuId=&Action=ToolDraw&ActionOption=Airfreight&Reference=ACTIVITYLIMAUAT46_00843&Id=&Version=2018020008&OperationType=View line 69 > Function:1)
	at <anonymous class>.handleEvaluateEvent(https://uat-lima46.adjuno.com/default.aspx?Guid=496e676e3ca949c8bf7287125e0b2854&MenuId=&Action=ToolDraw&ActionOption=Airfreight&Reference=ACTIVITYLIMAUAT46_00843&Id=&Version=2018020008&OperationType=View:69)
... Removed 28 stack frames]]>
    </failure>
  </testcase> <!-- test_LIMA_TARR_AF_017_AirFreight_CreateNewTariff_UpdateAnExistingTariff_AddANewRowOnAirEcoAirRatesGrid -->
  <testcase name="test_LIMA_TARR_AF_018_AirFreightCostsAirOrEcoAirRates_MandatoryFieldCheck" time="233.329" classname="com.lima.test.AdjunoLIMATariffTest"/>
  <testcase name="test_LIMA_TARR_AF_017_AirFreightCostExpressService_MandatoryFieldCheck" time="4.485" classname="com.lima.test.AdjunoLIMATariffTest"/>
  <testcase name="test_LIMA_TARR_AF_020_AirLandsideCostsAirLandsideCost_MandatoryFieldCheck" time="226.187" classname="com.lima.test.AdjunoLIMATariffTest"/>
  <testcase name="test_LIMA_TARR_AF_021_AirHaulageCostsMandatoryFieldCheck" time="301.218" classname="com.lima.test.AdjunoLIMATariffTest"/>
  <testcase name="test_LIMA_TARR_AF_022_AirHaulageCosts_AirStorageCosts_MandatoryFieldCheck" time="323.319" classname="com.lima.test.AdjunoLIMATariffTest"/>
  <testcase name="test_LIMA_TARR_AF_023_AmendmentLogMandatoryFieldCheck" time="54.663" classname="com.lima.test.AdjunoLIMATariffTest">
    <failure type="org.openqa.selenium.UnhandledAlertException" message="Unexpected modal dialog (text: A script on this page may be busy, or it may have stopped responding. You can stop the script now, open the script in the debugger, or let the script continue.

Script: https://uat-lima46.adjuno.com/…ces.ext-all.js&amp;amp;Cache=3.0.0.208:7): A script on this page may be busy, or it may have stopped responding. You can stop the script now, open the script in the debugger, or let the script continue.

Script: https://uat-lima46.adjuno.com/…ces.ext-all.js&amp;amp;Cache=3.0.0.208:7
Build info: version: &amp;apos;2.53.1&amp;apos;, revision: &amp;apos;a36b8b1&amp;apos;, time: &amp;apos;2016-06-30 17:32:46&amp;apos;
System info: host: &amp;apos;LAPTOP-L9I71BEA&amp;apos;, ip: &amp;apos;192.168.1.16&amp;apos;, os.name: &amp;apos;Windows 10&amp;apos;, os.arch: &amp;apos;amd64&amp;apos;, os.version: &amp;apos;10.0&amp;apos;, java.version: &amp;apos;1.8.0_121&amp;apos;
Driver info: org.openqa.selenium.firefox.FirefoxDriver
Capabilities [{applicationCacheEnabled=true, rotatable=false, handlesAlerts=true, databaseEnabled=true, version=47.0.1, platform=WINDOWS, nativeEvents=false, acceptSslCerts=true, webStorageEnabled=true, locationContextEnabled=true, browserName=firefox, takesScreenshot=true, javascriptEnabled=true, cssSelectorsEnabled=true}]
Session ID: 70c956a4-a547-4fe8-954b-84fd68d30354
*** Element info: {Using=xpath, value=.//*[@name=&amp;apos;Apply&amp;apos;]}">
      <![CDATA[org.openqa.selenium.UnhandledAlertException: Unexpected modal dialog (text: A script on this page may be busy, or it may have stopped responding. You can stop the script now, open the script in the debugger, or let the script continue.

Script: https://uat-lima46.adjuno.com/…ces.ext-all.js&Cache=3.0.0.208:7): A script on this page may be busy, or it may have stopped responding. You can stop the script now, open the script in the debugger, or let the script continue.

Script: https://uat-lima46.adjuno.com/…ces.ext-all.js&Cache=3.0.0.208:7
Build info: version: '2.53.1', revision: 'a36b8b1', time: '2016-06-30 17:32:46'
System info: host: 'LAPTOP-L9I71BEA', ip: '192.168.1.16', os.name: 'Windows 10', os.arch: 'amd64', os.version: '10.0', java.version: '1.8.0_121'
Driver info: org.openqa.selenium.firefox.FirefoxDriver
Capabilities [{applicationCacheEnabled=true, rotatable=false, handlesAlerts=true, databaseEnabled=true, version=47.0.1, platform=WINDOWS, nativeEvents=false, acceptSslCerts=true, webStorageEnabled=true, locationContextEnabled=true, browserName=firefox, takesScreenshot=true, javascriptEnabled=true, cssSelectorsEnabled=true}]
Session ID: 70c956a4-a547-4fe8-954b-84fd68d30354
*** Element info: {Using=xpath, value=.//*[@name='Apply']}
	at org.openqa.selenium.remote.ErrorHandler.createThrowable(ErrorHandler.java:206)
	at org.openqa.selenium.remote.ErrorHandler.createUnhandledAlertException(ErrorHandler.java:187)
	at org.openqa.selenium.remote.ErrorHandler.throwIfResponseFailed(ErrorHandler.java:154)
	at org.openqa.selenium.remote.RemoteWebDriver.execute(RemoteWebDriver.java:678)
	at org.openqa.selenium.remote.RemoteWebDriver.findElement(RemoteWebDriver.java:363)
	at org.openqa.selenium.remote.RemoteWebDriver.findElementByXPath(RemoteWebDriver.java:500)
	at org.openqa.selenium.By$ByXPath.findElement(By.java:361)
	at org.openqa.selenium.remote.RemoteWebDriver.findElement(RemoteWebDriver.java:355)
	at org.openqa.selenium.support.pagefactory.DefaultElementLocator.findElement(DefaultElementLocator.java:69)
	at org.openqa.selenium.support.pagefactory.internal.LocatingElementHandler.invoke(LocatingElementHandler.java:38)
	at com.sun.proxy.$Proxy9.isDisplayed(Unknown Source)
	at com.lima.pagefactory.AdjunoLIMATariffPOM.clickButtonUsingWebElement(AdjunoLIMATariffPOM.java:596)
	at com.lima.test.AdjunoLIMATariffTest.test_LIMA_TARR_AF_023_AmendmentLogMandatoryFieldCheck(AdjunoLIMATariffTest.java:3428)
... Removed 29 stack frames]]>
    </failure>
  </testcase> <!-- test_LIMA_TARR_AF_023_AmendmentLogMandatoryFieldCheck -->
  <testcase name="test_LIMA_TARR_RF_001_CheckforTariffPage" time="10.806" classname="com.lima.test.AdjunoLIMATariffTest"/>
  <testcase name="test_LIMA_TARR_RF_002_ViewRoadFreightTariffHistoryResults" time="7.657" classname="com.lima.test.AdjunoLIMATariffTest"/>
  <testcase name="test_LIMA_TARR_RF_003_CheckPagination" time="6.766" classname="com.lima.test.AdjunoLIMATariffTest"/>
  <testcase name="test_LIMA_TARR_RF_004_CheckViewTariffLink" time="35.124" classname="com.lima.test.AdjunoLIMATariffTest"/>
  <testcase name="test_LIMA_TARR_RF_006_CheckDownloadRoadFreightTemplateLink" time="21.67" classname="com.lima.test.AdjunoLIMATariffTest"/>
  <testcase name="test_LIMA_TARR_RF_007_VerifyRoadFreightTariff_FullTrailerCostsTabs_FullTrailerCostsGrid" time="55.071" classname="com.lima.test.AdjunoLIMATariffTest"/>
  <testcase name="test_LIMA_TARR_RF_008_VerifyRoadFreightTariff_FullTrailerCostsTab_FullTrailerGOHCostsGrid" time="3.25" classname="com.lima.test.AdjunoLIMATariffTest"/>
  <testcase name="test_LIMA_TARR_RF_009_VerifyRoadFreightTariff_FullTrailerCostsTabs_FullTrailerLandsideCostsGrid" time="3.188" classname="com.lima.test.AdjunoLIMATariffTest"/>
  <testcase name="test_LIMA_TARR_RF_010_VerifyRoadFreightTariff_FullTrailerCostsTab_FullTrailerDeliveryCosts" time="2.985" classname="com.lima.test.AdjunoLIMATariffTest"/>
  <testcase name="test_LIMA_TARR_RF_011_VerifyRoadFreightTariff_GroupageTrailerCostsTabs_GroupageTrailerCosts" time="3.672" classname="com.lima.test.AdjunoLIMATariffTest"/>
  <testcase name="test_LIMA_TARR_RF_012_VerifyRoadFreightTariff_GroupageTrailerCostsTabs_GroupageGOHCosts" time="2.922" classname="com.lima.test.AdjunoLIMATariffTest"/>
  <testcase name="test_LIMA_TARR_RF_013_VerifyRoadFreightTariff_GroupageTrailerCostsTab_GroupageLandsideCosts" time="2.908" classname="com.lima.test.AdjunoLIMATariffTest"/>
  <testcase name="test_LIMA_TARR_RF_014_VerifyRoadFreightTariff_GroupageTrailerCostsTab_GroupageHaulageCosts" time="3.032" classname="com.lima.test.AdjunoLIMATariffTest"/>
  <testcase name="test_LIMA_TARR_RF_015_RoadFreight_CreateNewTariff_Update_An_Existing_Tariff_AddNewRowOnFullTrailerCostGrid" time="125.451" classname="com.lima.test.AdjunoLIMATariffTest"/>
  <testcase name="test_LIMA_TARR_RF_016_VerifyRoadFreightTariffTabs_AmendmentLog" time="2.751" classname="com.lima.test.AdjunoLIMATariffTest"/>
  <testcase name="test_LIMA_TARR_RF_017_FullTrailerCostsTab_FullTrailerCostsGridMandatoryFieldCheck" time="542.506" classname="com.lima.test.AdjunoLIMATariffTest"/>
  <testcase name="test_LIMA_TARR_RF_018_FullTrailerCostsTab_FullTrailerGOHCostGrid_MandatoryFieldCheck" time="254.88" classname="com.lima.test.AdjunoLIMATariffTest"/>
  <testcase name="test_LIMA_TARR_RF_019_FullTrailerCostsTab_FullLandsideCosts_MandatoryFieldCheck" time="254.56" classname="com.lima.test.AdjunoLIMATariffTest"/>
  <testcase name="test_LIMA_TARR_RF_020_FullTrailerCostTab_FullTrailerDeliveryCosts_MandatoryFieldCheck" time="275.746" classname="com.lima.test.AdjunoLIMATariffTest"/>
  <testcase name="test_LIMA_TARR_RF_021_GroupageTrailerCostsTab_GroupageTrailerCostsGrid_MandatoryFieldCheck" time="420.368" classname="com.lima.test.AdjunoLIMATariffTest"/>
  <testcase name="test_LIMA_TARR_RF_022_GroupageTrailerCostsTab_GroupageGOHCosts_MandatoryFieldCheck" time="416.944" classname="com.lima.test.AdjunoLIMATariffTest"/>
  <testcase name="test_LIMA_TARR_RF_023_GroupageTrailerCostsTab_GroupageLandsideCostsGrid_MandatoryFieldCheck" time="256.896" classname="com.lima.test.AdjunoLIMATariffTest"/>
  <testcase name="test_LIMA_TARR_RF_024_GroupageTrailerCostsTab_GroupageHaulageCostsGrid_MandatoryFieldCheck" time="478.747" classname="com.lima.test.AdjunoLIMATariffTest"/>
</testsuite> <!-- Tarriff -->
